#
# There is insufficient memory for the Java Runtime Environment to continue.
# Native memory allocation (malloc) failed to allocate 32744 bytes. Error detail: Chunk::new
# Possible reasons:
#   The system is out of physical RAM or swap space
#   This process is running with CompressedOops enabled, and the Java Heap may be blocking the growth of the native heap
# Possible solutions:
#   Reduce memory load on the system
#   Increase physical memory or swap space
#   Check if swap backing store is full
#   Decrease Java heap size (-Xmx/-Xms)
#   Decrease number of Java threads
#   Decrease Java thread stack sizes (-Xss)
#   Set larger code cache with -XX:ReservedCodeCacheSize=
#   JVM is running with Unscaled Compressed Oops mode in which the Java heap is
#     placed in the first 4GB address space. The Java Heap base address is the
#     maximum limit for the native heap growth. Please use -XX:HeapBaseMinAddress
#     to set the Java Heap base and to place the Java Heap above 4GB virtual address.
# This output file may be truncated or incomplete.
#
#  Out of Memory Error (arena.cpp:168), pid=9988, tid=18536
#
# JRE version: OpenJDK Runtime Environment Temurin-21.0.6+7 (21.0.6+7) (build 21.0.6+7-LTS)
# Java VM: OpenJDK 64-Bit Server VM Temurin-21.0.6+7 (21.0.6+7-LTS, mixed mode, sharing, tiered, compressed oops, compressed class ptrs, g1 gc, windows-amd64)
# No core dump will be written. Minidumps are not enabled by default on client versions of Windows
#

---------------  S U M M A R Y ------------

Command Line: -Dfile.encoding=UTF-8 -Dstdout.encoding=UTF-8 -Dstderr.encoding=UTF-8 -XX:+ShowCodeDetailsInExceptionMessages com.bank.Transactions

Host: AMD Ryzen 3 3250U with Radeon Graphics         , 4 cores, 5G,  Windows 11 , 64 bit Build 22621 (10.0.22621.3958)
Time: Mon Jun 30 01:09:56 2025 India Standard Time elapsed time: 2.817229 seconds (0d 0h 0m 2s)

---------------  T H R E A D  ---------------

Current thread (0x00000180a413a270):  JavaThread "C2 CompilerThread0" daemon [_thread_in_native, id=18536, stack(0x0000001003a00000,0x0000001003b00000) (1024K)]


Current CompileTask:
C2:2817 1214   !   4       sun.font.TrueTypeFont::getTableBuffer (208 bytes)

Stack: [0x0000001003a00000,0x0000001003b00000]
Native frames: (J=compiled Java code, j=interpreted, Vv=VM code, C=native code)
V  [jvm.dll+0x6cdee9]
V  [jvm.dll+0x8a83d1]
V  [jvm.dll+0x8aa8fe]
V  [jvm.dll+0x8aafe3]
V  [jvm.dll+0x27f706]
V  [jvm.dll+0xc500d]
V  [jvm.dll+0xc5543]
V  [jvm.dll+0x398730]
V  [jvm.dll+0x39e47f]
V  [jvm.dll+0x6e33c6]
V  [jvm.dll+0x6e4bc9]
V  [jvm.dll+0x6e84eb]
V  [jvm.dll+0x6e0503]
V  [jvm.dll+0x6dfc1e]
V  [jvm.dll+0x6ddd0c]
V  [jvm.dll+0x1ca62c]
V  [jvm.dll+0x1cb1ac]
V  [jvm.dll+0x2f1cdc]
V  [jvm.dll+0x6e8512]
V  [jvm.dll+0x6e0503]
V  [jvm.dll+0x6dfc1e]
V  [jvm.dll+0x6ddd0c]
V  [jvm.dll+0x1ca62c]
V  [jvm.dll+0x1cb1ac]
V  [jvm.dll+0x2f1cdc]
V  [jvm.dll+0x6e8512]
V  [jvm.dll+0x6e0503]
V  [jvm.dll+0x6dfc1e]
V  [jvm.dll+0x6ddd0c]
V  [jvm.dll+0x1ca62c]
V  [jvm.dll+0x246b3e]
V  [jvm.dll+0x1c75ee]
V  [jvm.dll+0x25685a]
V  [jvm.dll+0x254dfa]
V  [jvm.dll+0x3f0256]
V  [jvm.dll+0x851f8b]
V  [jvm.dll+0x6cc5ed]
C  [ucrtbase.dll+0x29333]
C  [KERNEL32.DLL+0x1257d]
C  [ntdll.dll+0x5af08]


---------------  P R O C E S S  ---------------

Threads class SMR info:
_java_thread_list=0x00000180a496ac00, length=17, elements={
0x00000180a41300d0, 0x00000180a4131ac0, 0x00000180a41365f0, 0x00000180a4137040,
0x00000180a4137a90, 0x00000180a41394f0, 0x00000180a413a270, 0x00000180a4199ac0,
0x00000180a427da10, 0x00000180a4280080, 0x00000180a4481360, 0x00000180a44819c0,
0x00000180a45c3ae0, 0x00000180a4977940, 0x00000180a4a10f50, 0x000001808b25e260,
0x00000180a4291e90
}

Java Threads: ( => current thread )
  0x00000180a41300d0 JavaThread "Reference Handler"          daemon [_thread_blocked, id=19484, stack(0x0000001003400000,0x0000001003500000) (1024K)]
  0x00000180a4131ac0 JavaThread "Finalizer"                  daemon [_thread_blocked, id=24248, stack(0x0000001003500000,0x0000001003600000) (1024K)]
  0x00000180a41365f0 JavaThread "Signal Dispatcher"          daemon [_thread_blocked, id=20452, stack(0x0000001003600000,0x0000001003700000) (1024K)]
  0x00000180a4137040 JavaThread "Attach Listener"            daemon [_thread_blocked, id=3028, stack(0x0000001003700000,0x0000001003800000) (1024K)]
  0x00000180a4137a90 JavaThread "Service Thread"             daemon [_thread_blocked, id=24768, stack(0x0000001003800000,0x0000001003900000) (1024K)]
  0x00000180a41394f0 JavaThread "Monitor Deflation Thread"   daemon [_thread_blocked, id=14560, stack(0x0000001003900000,0x0000001003a00000) (1024K)]
=>0x00000180a413a270 JavaThread "C2 CompilerThread0"         daemon [_thread_in_native, id=18536, stack(0x0000001003a00000,0x0000001003b00000) (1024K)]
  0x00000180a4199ac0 JavaThread "C1 CompilerThread0"         daemon [_thread_blocked, id=16560, stack(0x0000001003b00000,0x0000001003c00000) (1024K)]
  0x00000180a427da10 JavaThread "Notification Thread"        daemon [_thread_blocked, id=10404, stack(0x0000001003c00000,0x0000001003d00000) (1024K)]
  0x00000180a4280080 JavaThread "Common-Cleaner"             daemon [_thread_blocked, id=17224, stack(0x0000001003d00000,0x0000001003e00000) (1024K)]
  0x00000180a4481360 JavaThread "Java2D Disposer"            daemon [_thread_blocked, id=7120, stack(0x0000001003f00000,0x0000001004000000) (1024K)]
  0x00000180a44819c0 JavaThread "AWT-Shutdown"                      [_thread_blocked, id=17956, stack(0x0000001004000000,0x0000001004100000) (1024K)]
  0x00000180a45c3ae0 JavaThread "AWT-Windows"                daemon [_thread_in_native, id=18088, stack(0x0000001004100000,0x0000001004200000) (1024K)]
  0x00000180a4977940 JavaThread "Image Fetcher 0"            daemon [_thread_blocked, id=7124, stack(0x0000001004800000,0x0000001004900000) (1024K)]
  0x00000180a4a10f50 JavaThread "AWT-EventQueue-0"                  [_thread_in_vm, id=2800, stack(0x0000001004c00000,0x0000001004d00000) (1024K)]
  0x000001808b25e260 JavaThread "DestroyJavaVM"                     [_thread_blocked, id=3672, stack(0x0000001002b00000,0x0000001002c00000) (1024K)]
  0x00000180a4291e90 JavaThread "D3D Screen Updater"         daemon [_thread_blocked, id=8292, stack(0x0000001004d00000,0x0000001004e00000) (1024K)]
Total: 17

Other Threads:
  0x00000180a4117230 VMThread "VM Thread"                           [id=23368, stack(0x0000001003300000,0x0000001003400000) (1024K)]
  0x00000180a41055e0 WatcherThread "VM Periodic Task Thread"        [id=12056, stack(0x0000001003200000,0x0000001003300000) (1024K)]
  0x000001808d5846f0 WorkerThread "GC Thread#0"                     [id=17824, stack(0x0000001002d00000,0x0000001002e00000) (1024K)]
  0x00000180a49c5390 WorkerThread "GC Thread#1"                     [id=16176, stack(0x0000001004900000,0x0000001004a00000) (1024K)]
  0x00000180a49c5730 WorkerThread "GC Thread#2"                     [id=8488, stack(0x0000001004a00000,0x0000001004b00000) (1024K)]
  0x00000180a49c5ad0 WorkerThread "GC Thread#3"                     [id=21800, stack(0x0000001004b00000,0x0000001004c00000) (1024K)]
  0x000001808d591d20 ConcurrentGCThread "G1 Main Marker"            [id=17584, stack(0x0000001002e00000,0x0000001002f00000) (1024K)]
  0x000001808d593170 WorkerThread "G1 Conc#0"                       [id=3016, stack(0x0000001002f00000,0x0000001003000000) (1024K)]
  0x000001808d5f5a30 ConcurrentGCThread "G1 Refine#0"               [id=16264, stack(0x0000001003000000,0x0000001003100000) (1024K)]
  0x00000180a3fe1030 ConcurrentGCThread "G1 Service"                [id=22360, stack(0x0000001003100000,0x0000001003200000) (1024K)]
Total: 10

Threads with active compile tasks:
C2 CompilerThread0  2922 1214   !   4       sun.font.TrueTypeFont::getTableBuffer (208 bytes)
Total: 1

VM state: not at safepoint (normal execution)

VM Mutex/Monitor currently owned by a thread:  ([mutex/lock_event])
[0x00007ffe88dcc300] Metaspace_lock - owner thread: 0x00000180a4a10f50

Heap address: 0x00000000a0e00000, size: 1522 MB, Compressed Oops mode: 32-bit

CDS archive(s) mapped at: [0x00000180a5000000-0x00000180a5c80000-0x00000180a5c80000), size 13107200, SharedBaseAddress: 0x00000180a5000000, ArchiveRelocationMode: 1.
Compressed class space mapped at: 0x00000180a6000000-0x00000180e6000000, reserved size: 1073741824
Narrow klass base: 0x00000180a5000000, Narrow klass shift: 0, Narrow klass range: 0x100000000

GC Precious Log:
 CardTable entry size: 512
 Card Set container configuration: InlinePtr #cards 5 size 8 Array Of Cards #cards 12 size 40 Howl #buckets 4 coarsen threshold 1843 Howl Bitmap #cards 512 size 80 coarsen threshold 460 Card regions per heap region 1 cards per card region 2048
 CPUs: 4 total, 4 available
 Memory: 6086M
 Large Page Support: Disabled
 NUMA Support: Disabled
 Compressed Oops: Enabled (32-bit)
 Heap Region Size: 1M
 Heap Min Capacity: 8M
 Heap Initial Capacity: 96M
 Heap Max Capacity: 1522M
 Pre-touch: Disabled
 Parallel Workers: 4
 Concurrent Workers: 1
 Concurrent Refinement Workers: 4
 Periodic GC: Disabled

Heap:
 garbage-first heap   total 98304K, used 24776K [0x00000000a0e00000, 0x0000000100000000)
  region size 1024K, 14 young (14336K), 2 survivors (2048K)
 Metaspace       used 7440K, committed 7616K, reserved 1114112K
  class space    used 773K, committed 896K, reserved 1048576K

Heap Regions: E=young(eden), S=young(survivor), O=old, HS=humongous(starts), HC=humongous(continues), CS=collection set, F=free, TAMS=top-at-mark-start, PB=parsable bottom
|   0|0x00000000a0e00000, 0x00000000a0f00000, 0x00000000a0f00000|100%|HS|  |TAMS 0x00000000a0e00000| PB 0x00000000a0e00000| Complete 
|   1|0x00000000a0f00000, 0x00000000a1000000, 0x00000000a1000000|100%|HC|  |TAMS 0x00000000a0f00000| PB 0x00000000a0f00000| Complete 
|   2|0x00000000a1000000, 0x00000000a1100000, 0x00000000a1100000|100%|HC|  |TAMS 0x00000000a1000000| PB 0x00000000a1000000| Complete 
|   3|0x00000000a1100000, 0x00000000a1200000, 0x00000000a1200000|100%|HC|  |TAMS 0x00000000a1100000| PB 0x00000000a1100000| Complete 
|   4|0x00000000a1200000, 0x00000000a1300000, 0x00000000a1300000|100%|HS|  |TAMS 0x00000000a1200000| PB 0x00000000a1200000| Complete 
|   5|0x00000000a1300000, 0x00000000a1400000, 0x00000000a1400000|100%|HC|  |TAMS 0x00000000a1300000| PB 0x00000000a1300000| Complete 
|   6|0x00000000a1400000, 0x00000000a1500000, 0x00000000a1500000|100%|HC|  |TAMS 0x00000000a1400000| PB 0x00000000a1400000| Complete 
|   7|0x00000000a1500000, 0x00000000a1600000, 0x00000000a1600000|100%|HC|  |TAMS 0x00000000a1500000| PB 0x00000000a1500000| Complete 
|   8|0x00000000a1600000, 0x00000000a1700000, 0x00000000a1700000|100%| O|  |TAMS 0x00000000a1600000| PB 0x00000000a1600000| Untracked 
|   9|0x00000000a1700000, 0x00000000a1732010, 0x00000000a1800000| 19%| O|  |TAMS 0x00000000a1700000| PB 0x00000000a1700000| Untracked 
|  10|0x00000000a1800000, 0x00000000a1900000, 0x00000000a1900000|100%|HS|  |TAMS 0x00000000a1800000| PB 0x00000000a1800000| Complete 
|  11|0x00000000a1900000, 0x00000000a1a00000, 0x00000000a1a00000|100%|HC|  |TAMS 0x00000000a1900000| PB 0x00000000a1900000| Complete 
|  12|0x00000000a1a00000, 0x00000000a1b00000, 0x00000000a1b00000|100%|HC|  |TAMS 0x00000000a1a00000| PB 0x00000000a1a00000| Complete 
|  13|0x00000000a1b00000, 0x00000000a1b00000, 0x00000000a1c00000|  0%| F|  |TAMS 0x00000000a1b00000| PB 0x00000000a1b00000| Untracked 
|  14|0x00000000a1c00000, 0x00000000a1c00000, 0x00000000a1d00000|  0%| F|  |TAMS 0x00000000a1c00000| PB 0x00000000a1c00000| Untracked 
|  15|0x00000000a1d00000, 0x00000000a1d00000, 0x00000000a1e00000|  0%| F|  |TAMS 0x00000000a1d00000| PB 0x00000000a1d00000| Untracked 
|  16|0x00000000a1e00000, 0x00000000a1e00000, 0x00000000a1f00000|  0%| F|  |TAMS 0x00000000a1e00000| PB 0x00000000a1e00000| Untracked 
|  17|0x00000000a1f00000, 0x00000000a1f00000, 0x00000000a2000000|  0%| F|  |TAMS 0x00000000a1f00000| PB 0x00000000a1f00000| Untracked 
|  18|0x00000000a2000000, 0x00000000a2000000, 0x00000000a2100000|  0%| F|  |TAMS 0x00000000a2000000| PB 0x00000000a2000000| Untracked 
|  19|0x00000000a2100000, 0x00000000a2100000, 0x00000000a2200000|  0%| F|  |TAMS 0x00000000a2100000| PB 0x00000000a2100000| Untracked 
|  20|0x00000000a2200000, 0x00000000a2200000, 0x00000000a2300000|  0%| F|  |TAMS 0x00000000a2200000| PB 0x00000000a2200000| Untracked 
|  21|0x00000000a2300000, 0x00000000a2300000, 0x00000000a2400000|  0%| F|  |TAMS 0x00000000a2300000| PB 0x00000000a2300000| Untracked 
|  22|0x00000000a2400000, 0x00000000a2400000, 0x00000000a2500000|  0%| F|  |TAMS 0x00000000a2400000| PB 0x00000000a2400000| Untracked 
|  23|0x00000000a2500000, 0x00000000a2500000, 0x00000000a2600000|  0%| F|  |TAMS 0x00000000a2500000| PB 0x00000000a2500000| Untracked 
|  24|0x00000000a2600000, 0x00000000a2600000, 0x00000000a2700000|  0%| F|  |TAMS 0x00000000a2600000| PB 0x00000000a2600000| Untracked 
|  25|0x00000000a2700000, 0x00000000a2700000, 0x00000000a2800000|  0%| F|  |TAMS 0x00000000a2700000| PB 0x00000000a2700000| Untracked 
|  26|0x00000000a2800000, 0x00000000a2800000, 0x00000000a2900000|  0%| F|  |TAMS 0x00000000a2800000| PB 0x00000000a2800000| Untracked 
|  27|0x00000000a2900000, 0x00000000a2900000, 0x00000000a2a00000|  0%| F|  |TAMS 0x00000000a2900000| PB 0x00000000a2900000| Untracked 
|  28|0x00000000a2a00000, 0x00000000a2a00000, 0x00000000a2b00000|  0%| F|  |TAMS 0x00000000a2a00000| PB 0x00000000a2a00000| Untracked 
|  29|0x00000000a2b00000, 0x00000000a2b00000, 0x00000000a2c00000|  0%| F|  |TAMS 0x00000000a2b00000| PB 0x00000000a2b00000| Untracked 
|  30|0x00000000a2c00000, 0x00000000a2c00000, 0x00000000a2d00000|  0%| F|  |TAMS 0x00000000a2c00000| PB 0x00000000a2c00000| Untracked 
|  31|0x00000000a2d00000, 0x00000000a2d00000, 0x00000000a2e00000|  0%| F|  |TAMS 0x00000000a2d00000| PB 0x00000000a2d00000| Untracked 
|  32|0x00000000a2e00000, 0x00000000a2e00000, 0x00000000a2f00000|  0%| F|  |TAMS 0x00000000a2e00000| PB 0x00000000a2e00000| Untracked 
|  33|0x00000000a2f00000, 0x00000000a2f00000, 0x00000000a3000000|  0%| F|  |TAMS 0x00000000a2f00000| PB 0x00000000a2f00000| Untracked 
|  34|0x00000000a3000000, 0x00000000a3000000, 0x00000000a3100000|  0%| F|  |TAMS 0x00000000a3000000| PB 0x00000000a3000000| Untracked 
|  35|0x00000000a3100000, 0x00000000a3100000, 0x00000000a3200000|  0%| F|  |TAMS 0x00000000a3100000| PB 0x00000000a3100000| Untracked 
|  36|0x00000000a3200000, 0x00000000a3200000, 0x00000000a3300000|  0%| F|  |TAMS 0x00000000a3200000| PB 0x00000000a3200000| Untracked 
|  37|0x00000000a3300000, 0x00000000a3300000, 0x00000000a3400000|  0%| F|  |TAMS 0x00000000a3300000| PB 0x00000000a3300000| Untracked 
|  38|0x00000000a3400000, 0x00000000a3400000, 0x00000000a3500000|  0%| F|  |TAMS 0x00000000a3400000| PB 0x00000000a3400000| Untracked 
|  39|0x00000000a3500000, 0x00000000a3500000, 0x00000000a3600000|  0%| F|  |TAMS 0x00000000a3500000| PB 0x00000000a3500000| Untracked 
|  40|0x00000000a3600000, 0x00000000a3600000, 0x00000000a3700000|  0%| F|  |TAMS 0x00000000a3600000| PB 0x00000000a3600000| Untracked 
|  41|0x00000000a3700000, 0x00000000a3700000, 0x00000000a3800000|  0%| F|  |TAMS 0x00000000a3700000| PB 0x00000000a3700000| Untracked 
|  42|0x00000000a3800000, 0x00000000a3800000, 0x00000000a3900000|  0%| F|  |TAMS 0x00000000a3800000| PB 0x00000000a3800000| Untracked 
|  43|0x00000000a3900000, 0x00000000a3900000, 0x00000000a3a00000|  0%| F|  |TAMS 0x00000000a3900000| PB 0x00000000a3900000| Untracked 
|  44|0x00000000a3a00000, 0x00000000a3a00000, 0x00000000a3b00000|  0%| F|  |TAMS 0x00000000a3a00000| PB 0x00000000a3a00000| Untracked 
|  45|0x00000000a3b00000, 0x00000000a3b00000, 0x00000000a3c00000|  0%| F|  |TAMS 0x00000000a3b00000| PB 0x00000000a3b00000| Untracked 
|  46|0x00000000a3c00000, 0x00000000a3c00000, 0x00000000a3d00000|  0%| F|  |TAMS 0x00000000a3c00000| PB 0x00000000a3c00000| Untracked 
|  47|0x00000000a3d00000, 0x00000000a3d00000, 0x00000000a3e00000|  0%| F|  |TAMS 0x00000000a3d00000| PB 0x00000000a3d00000| Untracked 
|  48|0x00000000a3e00000, 0x00000000a3e00000, 0x00000000a3f00000|  0%| F|  |TAMS 0x00000000a3e00000| PB 0x00000000a3e00000| Untracked 
|  49|0x00000000a3f00000, 0x00000000a3f00000, 0x00000000a4000000|  0%| F|  |TAMS 0x00000000a3f00000| PB 0x00000000a3f00000| Untracked 
|  50|0x00000000a4000000, 0x00000000a4000000, 0x00000000a4100000|  0%| F|  |TAMS 0x00000000a4000000| PB 0x00000000a4000000| Untracked 
|  51|0x00000000a4100000, 0x00000000a4100000, 0x00000000a4200000|  0%| F|  |TAMS 0x00000000a4100000| PB 0x00000000a4100000| Untracked 
|  52|0x00000000a4200000, 0x00000000a4200000, 0x00000000a4300000|  0%| F|  |TAMS 0x00000000a4200000| PB 0x00000000a4200000| Untracked 
|  53|0x00000000a4300000, 0x00000000a4300000, 0x00000000a4400000|  0%| F|  |TAMS 0x00000000a4300000| PB 0x00000000a4300000| Untracked 
|  54|0x00000000a4400000, 0x00000000a4400000, 0x00000000a4500000|  0%| F|  |TAMS 0x00000000a4400000| PB 0x00000000a4400000| Untracked 
|  55|0x00000000a4500000, 0x00000000a4500000, 0x00000000a4600000|  0%| F|  |TAMS 0x00000000a4500000| PB 0x00000000a4500000| Untracked 
|  56|0x00000000a4600000, 0x00000000a4600000, 0x00000000a4700000|  0%| F|  |TAMS 0x00000000a4600000| PB 0x00000000a4600000| Untracked 
|  57|0x00000000a4700000, 0x00000000a4700000, 0x00000000a4800000|  0%| F|  |TAMS 0x00000000a4700000| PB 0x00000000a4700000| Untracked 
|  58|0x00000000a4800000, 0x00000000a4800000, 0x00000000a4900000|  0%| F|  |TAMS 0x00000000a4800000| PB 0x00000000a4800000| Untracked 
|  59|0x00000000a4900000, 0x00000000a4900000, 0x00000000a4a00000|  0%| F|  |TAMS 0x00000000a4900000| PB 0x00000000a4900000| Untracked 
|  60|0x00000000a4a00000, 0x00000000a4a00000, 0x00000000a4b00000|  0%| F|  |TAMS 0x00000000a4a00000| PB 0x00000000a4a00000| Untracked 
|  61|0x00000000a4b00000, 0x00000000a4b00000, 0x00000000a4c00000|  0%| F|  |TAMS 0x00000000a4b00000| PB 0x00000000a4b00000| Untracked 
|  62|0x00000000a4c00000, 0x00000000a4c00000, 0x00000000a4d00000|  0%| F|  |TAMS 0x00000000a4c00000| PB 0x00000000a4c00000| Untracked 
|  63|0x00000000a4d00000, 0x00000000a4d00000, 0x00000000a4e00000|  0%| F|  |TAMS 0x00000000a4d00000| PB 0x00000000a4d00000| Untracked 
|  64|0x00000000a4e00000, 0x00000000a4e00000, 0x00000000a4f00000|  0%| F|  |TAMS 0x00000000a4e00000| PB 0x00000000a4e00000| Untracked 
|  65|0x00000000a4f00000, 0x00000000a4f00000, 0x00000000a5000000|  0%| F|  |TAMS 0x00000000a4f00000| PB 0x00000000a4f00000| Untracked 
|  66|0x00000000a5000000, 0x00000000a5000000, 0x00000000a5100000|  0%| F|  |TAMS 0x00000000a5000000| PB 0x00000000a5000000| Untracked 
|  67|0x00000000a5100000, 0x00000000a5100000, 0x00000000a5200000|  0%| F|  |TAMS 0x00000000a5100000| PB 0x00000000a5100000| Untracked 
|  68|0x00000000a5200000, 0x00000000a5200000, 0x00000000a5300000|  0%| F|  |TAMS 0x00000000a5200000| PB 0x00000000a5200000| Untracked 
|  69|0x00000000a5300000, 0x00000000a5300000, 0x00000000a5400000|  0%| F|  |TAMS 0x00000000a5300000| PB 0x00000000a5300000| Untracked 
|  70|0x00000000a5400000, 0x00000000a5400000, 0x00000000a5500000|  0%| F|  |TAMS 0x00000000a5400000| PB 0x00000000a5400000| Untracked 
|  71|0x00000000a5500000, 0x00000000a5500000, 0x00000000a5600000|  0%| F|  |TAMS 0x00000000a5500000| PB 0x00000000a5500000| Untracked 
|  72|0x00000000a5600000, 0x00000000a5600000, 0x00000000a5700000|  0%| F|  |TAMS 0x00000000a5600000| PB 0x00000000a5600000| Untracked 
|  73|0x00000000a5700000, 0x00000000a5700000, 0x00000000a5800000|  0%| F|  |TAMS 0x00000000a5700000| PB 0x00000000a5700000| Untracked 
|  74|0x00000000a5800000, 0x00000000a5800000, 0x00000000a5900000|  0%| F|  |TAMS 0x00000000a5800000| PB 0x00000000a5800000| Untracked 
|  75|0x00000000a5900000, 0x00000000a5900000, 0x00000000a5a00000|  0%| F|  |TAMS 0x00000000a5900000| PB 0x00000000a5900000| Untracked 
|  76|0x00000000a5a00000, 0x00000000a5a00000, 0x00000000a5b00000|  0%| F|  |TAMS 0x00000000a5a00000| PB 0x00000000a5a00000| Untracked 
|  77|0x00000000a5b00000, 0x00000000a5b00000, 0x00000000a5c00000|  0%| F|  |TAMS 0x00000000a5b00000| PB 0x00000000a5b00000| Untracked 
|  78|0x00000000a5c00000, 0x00000000a5c00000, 0x00000000a5d00000|  0%| F|  |TAMS 0x00000000a5c00000| PB 0x00000000a5c00000| Untracked 
|  79|0x00000000a5d00000, 0x00000000a5d00000, 0x00000000a5e00000|  0%| F|  |TAMS 0x00000000a5d00000| PB 0x00000000a5d00000| Untracked 
|  80|0x00000000a5e00000, 0x00000000a5e00000, 0x00000000a5f00000|  0%| F|  |TAMS 0x00000000a5e00000| PB 0x00000000a5e00000| Untracked 
|  81|0x00000000a5f00000, 0x00000000a6000000, 0x00000000a6000000|100%| S|CS|TAMS 0x00000000a5f00000| PB 0x00000000a5f00000| Complete 
|  82|0x00000000a6000000, 0x00000000a6100000, 0x00000000a6100000|100%| S|CS|TAMS 0x00000000a6000000| PB 0x00000000a6000000| Complete 
|  83|0x00000000a6100000, 0x00000000a6100000, 0x00000000a6200000|  0%| F|  |TAMS 0x00000000a6100000| PB 0x00000000a6100000| Untracked 
|  84|0x00000000a6200000, 0x00000000a629a048, 0x00000000a6300000| 60%| E|  |TAMS 0x00000000a6200000| PB 0x00000000a6200000| Complete 
|  85|0x00000000a6300000, 0x00000000a6400000, 0x00000000a6400000|100%| E|CS|TAMS 0x00000000a6300000| PB 0x00000000a6300000| Complete 
|  86|0x00000000a6400000, 0x00000000a6500000, 0x00000000a6500000|100%| E|CS|TAMS 0x00000000a6400000| PB 0x00000000a6400000| Complete 
|  87|0x00000000a6500000, 0x00000000a6600000, 0x00000000a6600000|100%| E|  |TAMS 0x00000000a6500000| PB 0x00000000a6500000| Complete 
|  88|0x00000000a6600000, 0x00000000a6700000, 0x00000000a6700000|100%| E|CS|TAMS 0x00000000a6600000| PB 0x00000000a6600000| Complete 
|  89|0x00000000a6700000, 0x00000000a6800000, 0x00000000a6800000|100%| E|CS|TAMS 0x00000000a6700000| PB 0x00000000a6700000| Complete 
|  90|0x00000000a6800000, 0x00000000a6900000, 0x00000000a6900000|100%| E|CS|TAMS 0x00000000a6800000| PB 0x00000000a6800000| Complete 
|  91|0x00000000a6900000, 0x00000000a6a00000, 0x00000000a6a00000|100%| E|CS|TAMS 0x00000000a6900000| PB 0x00000000a6900000| Complete 
|  92|0x00000000a6a00000, 0x00000000a6b00000, 0x00000000a6b00000|100%| E|CS|TAMS 0x00000000a6a00000| PB 0x00000000a6a00000| Complete 
|  93|0x00000000a6b00000, 0x00000000a6c00000, 0x00000000a6c00000|100%| E|CS|TAMS 0x00000000a6b00000| PB 0x00000000a6b00000| Complete 
|  94|0x00000000a6c00000, 0x00000000a6d00000, 0x00000000a6d00000|100%| E|CS|TAMS 0x00000000a6c00000| PB 0x00000000a6c00000| Complete 
|  95|0x00000000a6d00000, 0x00000000a6e00000, 0x00000000a6e00000|100%| E|CS|TAMS 0x00000000a6d00000| PB 0x00000000a6d00000| Complete 

Card table byte_map: [0x00000180a01d0000,0x00000180a04d0000] _byte_map_base: 0x000001809fcc9000

Marking Bits: (CMBitMap*) 0x000001808d584df0
 Bits: [0x00000180a04d0000, 0x00000180a1c98000)

Polling page: 0x000001808cd00000

Metaspace:

Usage:
  Non-class:      6.51 MB used.
      Class:    773.05 KB used.
       Both:      7.27 MB used.

Virtual space:
  Non-class space:       64.00 MB reserved,       6.56 MB ( 10%) committed,  1 nodes.
      Class space:        1.00 GB reserved,     896.00 KB ( <1%) committed,  1 nodes.
             Both:        1.06 GB reserved,       7.44 MB ( <1%) committed. 

Chunk freelists:
   Non-Class:  9.00 MB
       Class:  15.11 MB
        Both:  24.11 MB

MaxMetaspaceSize: unlimited
CompressedClassSpaceSize: 1.00 GB
Initial GC threshold: 21.00 MB
Current GC threshold: 21.00 MB
CDS: on
 - commit_granule_bytes: 65536.
 - commit_granule_words: 8192.
 - virtual_space_node_default_size: 8388608.
 - enlarge_chunks_in_place: 1.
 - use_allocation_guard: 0.


Internal statistics:

num_allocs_failed_limit: 0.
num_arena_births: 150.
num_arena_deaths: 0.
num_vsnodes_births: 2.
num_vsnodes_deaths: 0.
num_space_committed: 119.
num_space_uncommitted: 0.
num_chunks_returned_to_freelist: 0.
num_chunks_taken_from_freelist: 188.
num_chunk_merges: 0.
num_chunk_splits: 111.
num_chunks_enlarged: 43.
num_inconsistent_stats: 0.

CodeHeap 'non-profiled nmethods': size=120000Kb used=348Kb max_used=348Kb free=119651Kb
 bounds [0x00000180989a0000, 0x0000018098c10000, 0x000001809fed0000]
CodeHeap 'profiled nmethods': size=120000Kb used=2014Kb max_used=2014Kb free=117985Kb
 bounds [0x0000018090ed0000, 0x0000018091140000, 0x0000018098400000]
CodeHeap 'non-nmethods': size=5760Kb used=1554Kb max_used=1571Kb free=4205Kb
 bounds [0x0000018098400000, 0x0000018098670000, 0x00000180989a0000]
 total_blobs=1840 nmethods=1219 adapters=526
 compilation: enabled
              stopped_count=0, restarted_count=0
 full_count=0

Compilation events (20 events):
Event: 2.783 Thread 0x00000180a4199ac0 nmethod 1206 0x00000180910c1110 code [0x00000180910c1360, 0x00000180910c1e30]
Event: 2.783 Thread 0x00000180a4199ac0 1207       3       java.nio.channels.FileChannel::<init> (5 bytes)
Event: 2.783 Thread 0x00000180a413a270 1211       4       java.lang.ThreadLocal::getCarrierThreadLocal (29 bytes)
Event: 2.784 Thread 0x00000180a4199ac0 nmethod 1207 0x00000180910c2190 code [0x00000180910c2340, 0x00000180910c2620]
Event: 2.784 Thread 0x00000180a4199ac0 1208       3       java.nio.channels.spi.AbstractInterruptibleChannel::<init> (16 bytes)
Event: 2.784 Thread 0x00000180a4199ac0 nmethod 1208 0x00000180910c2710 code [0x00000180910c28c0, 0x00000180910c2b40]
Event: 2.784 Thread 0x00000180a4199ac0 1209       3       sun.nio.ch.NativeThreadSet::<init> (17 bytes)
Event: 2.784 Thread 0x00000180a4199ac0 nmethod 1209 0x00000180910c2c10 code [0x00000180910c2dc0, 0x00000180910c3028]
Event: 2.785 Thread 0x00000180a4199ac0 1210       3       sun.nio.ch.FileChannelImpl::open (16 bytes)
Event: 2.785 Thread 0x00000180a4199ac0 nmethod 1210 0x00000180910c3110 code [0x00000180910c32c0, 0x00000180910c3478]
Event: 2.785 Thread 0x00000180a4199ac0 1212       3       java.lang.StringUTF16::newBytesFor (61 bytes)
Event: 2.786 Thread 0x00000180a4199ac0 nmethod 1212 0x00000180910c3590 code [0x00000180910c3800, 0x00000180910c4030]
Event: 2.787 Thread 0x00000180a413a270 nmethod 1211 0x00000180989f6a10 code [0x00000180989f6bc0, 0x00000180989f6d48]
Event: 2.789 Thread 0x00000180a4199ac0 1213       3       java.lang.StringUTF16::hashCode (52 bytes)
Event: 2.790 Thread 0x00000180a4199ac0 nmethod 1213 0x00000180910c4390 code [0x00000180910c4560, 0x00000180910c4770]
Event: 2.791 Thread 0x00000180a413a270 1214   !   4       sun.font.TrueTypeFont::getTableBuffer (208 bytes)
Event: 2.804 Thread 0x00000180a4199ac0 1217       3       java.util.Locale::getDefault (4 bytes)
Event: 2.805 Thread 0x00000180a4199ac0 nmethod 1217 0x00000180910c4810 code [0x00000180910c49a0, 0x00000180910c4a98]
Event: 2.806 Thread 0x00000180a4199ac0 1218       3       java.lang.String::toLowerCase (8 bytes)
Event: 2.807 Thread 0x00000180a4199ac0 nmethod 1218 0x00000180910c4b10 code [0x00000180910c4d00, 0x00000180910c5088]

GC Heap History (2 events):
Event: 1.711 GC heap before
{Heap before GC invocations=0 (full 0):
 garbage-first heap   total 98304K, used 21504K [0x00000000a0e00000, 0x0000000100000000)
  region size 1024K, 13 young (13312K), 0 survivors (0K)
 Metaspace       used 4927K, committed 5120K, reserved 1114112K
  class space    used 498K, committed 640K, reserved 1048576K
}
Event: 1.721 GC heap after
{Heap after GC invocations=1 (full 0):
 garbage-first heap   total 98304K, used 11464K [0x00000000a0e00000, 0x0000000100000000)
  region size 1024K, 2 young (2048K), 2 survivors (2048K)
 Metaspace       used 4927K, committed 5120K, reserved 1114112K
  class space    used 498K, committed 640K, reserved 1048576K
}

Dll operation events (10 events):
Event: 0.049 Loaded shared library D:\Eclipse\eclipse\plugins\org.eclipse.justj.openjdk.hotspot.jre.full.win32.x86_64_21.0.6.v20250130-0529\jre\bin\java.dll
Event: 0.393 Loaded shared library D:\Eclipse\eclipse\plugins\org.eclipse.justj.openjdk.hotspot.jre.full.win32.x86_64_21.0.6.v20250130-0529\jre\bin\zip.dll
Event: 0.820 Loaded shared library D:\Eclipse\eclipse\plugins\org.eclipse.justj.openjdk.hotspot.jre.full.win32.x86_64_21.0.6.v20250130-0529\jre\bin\jimage.dll
Event: 0.835 Loaded shared library D:\Eclipse\eclipse\plugins\org.eclipse.justj.openjdk.hotspot.jre.full.win32.x86_64_21.0.6.v20250130-0529\jre\bin\net.dll
Event: 0.840 Loaded shared library D:\Eclipse\eclipse\plugins\org.eclipse.justj.openjdk.hotspot.jre.full.win32.x86_64_21.0.6.v20250130-0529\jre\bin\nio.dll
Event: 0.851 Loaded shared library D:\Eclipse\eclipse\plugins\org.eclipse.justj.openjdk.hotspot.jre.full.win32.x86_64_21.0.6.v20250130-0529\jre\bin\zip.dll
Event: 0.987 Loaded shared library D:\Eclipse\eclipse\plugins\org.eclipse.justj.openjdk.hotspot.jre.full.win32.x86_64_21.0.6.v20250130-0529\jre\bin\awt.dll
Event: 1.611 Loaded shared library D:\Eclipse\eclipse\plugins\org.eclipse.justj.openjdk.hotspot.jre.full.win32.x86_64_21.0.6.v20250130-0529\jre\bin\javajpeg.dll
Event: 1.843 Loaded shared library D:\Eclipse\eclipse\plugins\org.eclipse.justj.openjdk.hotspot.jre.full.win32.x86_64_21.0.6.v20250130-0529\jre\bin\freetype.dll
Event: 1.846 Loaded shared library D:\Eclipse\eclipse\plugins\org.eclipse.justj.openjdk.hotspot.jre.full.win32.x86_64_21.0.6.v20250130-0529\jre\bin\fontmanager.dll

Deoptimization events (20 events):
Event: 1.865 Thread 0x000001808b25e260 Uncommon trap: trap_request=0xffffff45 fr.pc=0x00000180989d0df4 relative=0x00000000000001d4
Event: 1.865 Thread 0x000001808b25e260 Uncommon trap: reason=unstable_if action=reinterpret pc=0x00000180989d0df4 method=java.lang.StringUTF16.compress([CI[BII)I @ 20 c2
Event: 1.865 Thread 0x000001808b25e260 DEOPT PACKING pc=0x00000180989d0df4 sp=0x0000001002bfde50
Event: 1.865 Thread 0x000001808b25e260 DEOPT UNPACKING pc=0x00000180984546a2 sp=0x0000001002bfddc0 mode 2
Event: 2.014 Thread 0x00000180a4a10f50 Uncommon trap: trap_request=0xffffff45 fr.pc=0x00000180989e2dfc relative=0x00000000000007fc
Event: 2.014 Thread 0x00000180a4a10f50 Uncommon trap: reason=unstable_if action=reinterpret pc=0x00000180989e2dfc method=java.util.HashMap.putVal(ILjava/lang/Object;Ljava/lang/Object;ZZ)Ljava/lang/Object; @ 181 c2
Event: 2.014 Thread 0x00000180a4a10f50 DEOPT PACKING pc=0x00000180989e2dfc sp=0x0000001004cfd260
Event: 2.014 Thread 0x00000180a4a10f50 DEOPT UNPACKING pc=0x00000180984546a2 sp=0x0000001004cfd200 mode 2
Event: 2.730 Thread 0x00000180a4a10f50 Uncommon trap: trap_request=0xffffff45 fr.pc=0x00000180989abfd4 relative=0x00000000000000b4
Event: 2.730 Thread 0x00000180a4a10f50 Uncommon trap: reason=unstable_if action=reinterpret pc=0x00000180989abfd4 method=java.lang.String.hashCode()I @ 20 c2
Event: 2.730 Thread 0x00000180a4a10f50 DEOPT PACKING pc=0x00000180989abfd4 sp=0x0000001004cfd250
Event: 2.730 Thread 0x00000180a4a10f50 DEOPT UNPACKING pc=0x00000180984546a2 sp=0x0000001004cfd1e0 mode 2
Event: 2.731 Thread 0x00000180a4a10f50 Uncommon trap: trap_request=0xffffff45 fr.pc=0x00000180989ab8b0 relative=0x0000000000000190
Event: 2.731 Thread 0x00000180a4a10f50 Uncommon trap: reason=unstable_if action=reinterpret pc=0x00000180989ab8b0 method=jdk.internal.util.ArraysSupport.vectorizedHashCode(Ljava/lang/Object;IIII)I @ 2 c2
Event: 2.731 Thread 0x00000180a4a10f50 DEOPT PACKING pc=0x00000180989ab8b0 sp=0x0000001004cfd150
Event: 2.731 Thread 0x00000180a4a10f50 DEOPT UNPACKING pc=0x00000180984546a2 sp=0x0000001004cfd100 mode 2
Event: 2.774 Thread 0x00000180a4a10f50 Uncommon trap: trap_request=0xffffff45 fr.pc=0x00000180989f4a00 relative=0x0000000000000420
Event: 2.774 Thread 0x00000180a4a10f50 Uncommon trap: reason=unstable_if action=reinterpret pc=0x00000180989f4a00 method=java.lang.Character.isSurrogate(C)Z @ 3 c2
Event: 2.774 Thread 0x00000180a4a10f50 DEOPT PACKING pc=0x00000180989f4a00 sp=0x0000001004cfce00
Event: 2.774 Thread 0x00000180a4a10f50 DEOPT UNPACKING pc=0x00000180984546a2 sp=0x0000001004cfcd18 mode 2

Classes loaded (20 events):
Event: 2.042 Loading class sun/java2d/loops/MaskBlit$General
Event: 2.042 Loading class sun/java2d/loops/GraphicsPrimitive$GeneralBinaryOp
Event: 2.042 Loading class sun/java2d/loops/GraphicsPrimitive$GeneralBinaryOp done
Event: 2.042 Loading class sun/java2d/loops/MaskBlit$General done
Event: 2.056 Loading class sun/font/CompositeGlyphMapper
Event: 2.056 Loading class sun/font/CompositeGlyphMapper done
Event: 2.064 Loading class java/awt/print/PrinterGraphics
Event: 2.064 Loading class java/awt/print/PrinterGraphics done
Event: 2.064 Loading class java/awt/PrintGraphics
Event: 2.064 Loading class java/awt/PrintGraphics done
Event: 2.064 Loading class sun/java2d/loops/FontInfo
Event: 2.064 Loading class sun/java2d/loops/FontInfo done
Event: 2.127 Loading class sun/font/SunFontManager$FamilyDescription
Event: 2.128 Loading class sun/font/SunFontManager$FamilyDescription done
Event: 2.178 Loading class sun/font/SunFontManager$8
Event: 2.179 Loading class sun/font/SunFontManager$8 done
Event: 2.180 Loading class sun/font/SunFontManager$9
Event: 2.180 Loading class sun/font/SunFontManager$9 done
Event: 2.741 Loading class java/lang/foreign/MemorySegment
Event: 2.742 Loading class java/lang/foreign/MemorySegment done

Classes unloaded (0 events):
No events

Classes redefined (0 events):
No events

Internal exceptions (11 events):
Event: 0.961 Thread 0x000001808b25e260 Exception <a 'java/lang/ClassNotFoundException'{0x00000000a6a35300}: sun/awt/resources/spi/awtProvider> (0x00000000a6a35300) 
thrown [s\src\hotspot\share\classfile\systemDictionary.cpp, line 312]
Event: 1.023 Thread 0x000001808b25e260 Exception <a 'java/io/FileNotFoundException'{0x00000000a6a91428}> (0x00000000a6a91428) 
thrown [s\src\hotspot\share\prims\jni.cpp, line 520]
Event: 1.042 Thread 0x000001808b25e260 Exception <a 'java/io/FileNotFoundException'{0x00000000a6abbdc8}> (0x00000000a6abbdc8) 
thrown [s\src\hotspot\share\prims\jni.cpp, line 520]
Event: 1.355 Thread 0x000001808b25e260 Exception <a 'java/lang/NoSuchMethodError'{0x00000000a69dee98}: 'void java.lang.invoke.DirectMethodHandle$Holder.invokeSpecial(java.lang.Object, java.lang.Object, java.lang.Object)'> (0x00000000a69dee98) 
thrown [s\src\hotspot\share\interpreter\linkResolver.cpp, line 773]
Event: 1.372 Thread 0x000001808b25e260 Exception <a 'java/lang/NoSuchMethodError'{0x00000000a68058c0}: 'java.lang.Object java.lang.invoke.DirectMethodHandle$Holder.newInvokeSpecial(java.lang.Object, java.lang.Object, java.lang.Object, java.lang.Object, java.lang.Object)'> (0x00000000a68058c0) 
thrown [s\src\hotspot\share\interpreter\linkResolver.cpp, line 773]
Event: 1.387 Thread 0x000001808b25e260 Exception <a 'java/lang/NoSuchMethodError'{0x00000000a6832318}: 'java.lang.Object java.lang.invoke.DirectMethodHandle$Holder.invokeStatic(java.lang.Object, int, java.lang.Object)'> (0x00000000a6832318) 
thrown [s\src\hotspot\share\interpreter\linkResolver.cpp, line 773]
Event: 1.435 Thread 0x000001808b25e260 Exception <a 'java/lang/ClassNotFoundException'{0x00000000a68d4d70}: com/sun/swing/internal/plaf/metal/resources/spi/metalProvider> (0x00000000a68d4d70) 
thrown [s\src\hotspot\share\classfile\systemDictionary.cpp, line 312]
Event: 1.437 Thread 0x000001808b25e260 Exception <a 'java/lang/ClassNotFoundException'{0x00000000a68d8d20}: com/sun/swing/internal/plaf/basic/resources/spi/basicProvider> (0x00000000a68d8d20) 
thrown [s\src\hotspot\share\classfile\systemDictionary.cpp, line 312]
Event: 1.459 Thread 0x000001808b25e260 Exception <a 'java/lang/NoSuchMethodError'{0x00000000a68f8d88}: 'int java.lang.invoke.Invokers$Holder.invokeExact_MT(java.lang.Object, java.lang.Object)'> (0x00000000a68f8d88) 
thrown [s\src\hotspot\share\interpreter\linkResolver.cpp, line 773]
Event: 1.615 Thread 0x00000180a4977940 Exception <a 'java/lang/NoSuchMethodError'{0x00000000a66f4800}: 'java.lang.Object java.lang.invoke.DirectMethodHandle$Holder.newInvokeSpecial(java.lang.Object, java.lang.Object, java.lang.Object, int, int, int, int, int)'> (0x00000000a66f4800) 
thrown [s\src\hotspot\share\interpreter\linkResolver.cpp, line 773]
Event: 1.831 Thread 0x000001808b25e260 Exception <a 'java/lang/NoSuchMethodError'{0x00000000a6bdaf20}: 'void java.lang.invoke.DirectMethodHandle$Holder.invokeStaticInit(java.lang.Object)'> (0x00000000a6bdaf20) 
thrown [s\src\hotspot\share\interpreter\linkResolver.cpp, line 773]

ZGC Phase Switch (0 events):
No events

VM Operations (16 events):
Event: 1.070 Executing VM operation: HandshakeAllThreads (Deoptimize)
Event: 1.070 Executing VM operation: HandshakeAllThreads (Deoptimize) done
Event: 1.434 Executing VM operation: HandshakeAllThreads (Deoptimize)
Event: 1.434 Executing VM operation: HandshakeAllThreads (Deoptimize) done
Event: 1.434 Executing VM operation: Cleanup
Event: 1.434 Executing VM operation: Cleanup done
Event: 1.583 Executing VM operation: HandshakeAllThreads (Deoptimize)
Event: 1.583 Executing VM operation: HandshakeAllThreads (Deoptimize) done
Event: 1.686 Executing VM operation: HandshakeAllThreads (Deoptimize)
Event: 1.686 Executing VM operation: HandshakeAllThreads (Deoptimize) done
Event: 1.711 Executing VM operation: G1CollectForAllocation (G1 Evacuation Pause)
Event: 1.721 Executing VM operation: G1CollectForAllocation (G1 Evacuation Pause) done
Event: 1.760 Executing VM operation: HandshakeAllThreads (Deoptimize)
Event: 1.760 Executing VM operation: HandshakeAllThreads (Deoptimize) done
Event: 2.770 Executing VM operation: Cleanup
Event: 2.770 Executing VM operation: Cleanup done

Memory protections (0 events):
No events

Nmethod flushes (0 events):
No events

Events (19 events):
Event: 0.266 Thread 0x000001808b25e260 Thread added: 0x000001808b25e260
Event: 0.401 Thread 0x000001808b25e260 Thread added: 0x00000180a41300d0
Event: 0.402 Thread 0x000001808b25e260 Thread added: 0x00000180a4131ac0
Event: 0.403 Thread 0x000001808b25e260 Thread added: 0x00000180a41365f0
Event: 0.403 Thread 0x000001808b25e260 Thread added: 0x00000180a4137040
Event: 0.403 Thread 0x000001808b25e260 Thread added: 0x00000180a4137a90
Event: 0.403 Thread 0x000001808b25e260 Thread added: 0x00000180a41394f0
Event: 0.404 Thread 0x000001808b25e260 Thread added: 0x00000180a413a270
Event: 0.417 Thread 0x000001808b25e260 Thread added: 0x00000180a4199ac0
Event: 0.761 Thread 0x000001808b25e260 Thread added: 0x00000180a427da10
Event: 0.765 Thread 0x000001808b25e260 Thread added: 0x00000180a4280080
Event: 1.164 Thread 0x000001808b25e260 Thread added: 0x00000180a4481360
Event: 1.167 Thread 0x000001808b25e260 Thread added: 0x00000180a44819c0
Event: 1.170 Thread 0x000001808b25e260 Thread added: 0x00000180a45c3ae0
Event: 1.473 Thread 0x000001808b25e260 Thread added: 0x00000180a4977940
Event: 1.826 Thread 0x000001808b25e260 Thread added: 0x00000180a4a10f50
Event: 1.948 Thread 0x000001808b25e260 Thread exited: 0x000001808b25e260
Event: 1.949 Thread 0x000001808b25e260 Thread added: 0x000001808b25e260
Event: 1.959 Thread 0x00000180a4a10f50 Thread added: 0x00000180a4291e90


Dynamic libraries:
0x00007ff777660000 - 0x00007ff77766e000 	D:\Eclipse\eclipse\plugins\org.eclipse.justj.openjdk.hotspot.jre.full.win32.x86_64_21.0.6.v20250130-0529\jre\bin\javaw.exe
0x00007ffeeaf30000 - 0x00007ffeeb147000 	C:\Windows\SYSTEM32\ntdll.dll
0x00007ffee9ce0000 - 0x00007ffee9da4000 	C:\Windows\System32\KERNEL32.DLL
0x00007ffee85c0000 - 0x00007ffee8977000 	C:\Windows\System32\KERNELBASE.dll
0x00007ffee8a20000 - 0x00007ffee8b31000 	C:\Windows\System32\ucrtbase.dll
0x00007ffedeba0000 - 0x00007ffedebb8000 	D:\Eclipse\eclipse\plugins\org.eclipse.justj.openjdk.hotspot.jre.full.win32.x86_64_21.0.6.v20250130-0529\jre\bin\jli.dll
0x00007ffeea670000 - 0x00007ffeea81f000 	C:\Windows\System32\USER32.dll
0x00007ffee8980000 - 0x00007ffee89a6000 	C:\Windows\System32\win32u.dll
0x00007ffeea590000 - 0x00007ffeea5b9000 	C:\Windows\System32\GDI32.dll
0x00007ffee8b40000 - 0x00007ffee8c58000 	C:\Windows\System32\gdi32full.dll
0x00007ffee8470000 - 0x00007ffee850a000 	C:\Windows\System32\msvcp_win.dll
0x00007ffee1240000 - 0x00007ffee125e000 	D:\Eclipse\eclipse\plugins\org.eclipse.justj.openjdk.hotspot.jre.full.win32.x86_64_21.0.6.v20250130-0529\jre\bin\VCRUNTIME140.dll
0x00007ffecfa30000 - 0x00007ffecfcc3000 	C:\Windows\WinSxS\amd64_microsoft.windows.common-controls_6595b64144ccf1df_6.0.22621.3672_none_2713b9d173822955\COMCTL32.dll
0x00007ffeea5c0000 - 0x00007ffeea667000 	C:\Windows\System32\msvcrt.dll
0x00007ffee9db0000 - 0x00007ffee9de1000 	C:\Windows\System32\IMM32.DLL
0x00007ffee1190000 - 0x00007ffee119c000 	D:\Eclipse\eclipse\plugins\org.eclipse.justj.openjdk.hotspot.jre.full.win32.x86_64_21.0.6.v20250130-0529\jre\bin\vcruntime140_1.dll
0x00007ffec0f50000 - 0x00007ffec0fdd000 	D:\Eclipse\eclipse\plugins\org.eclipse.justj.openjdk.hotspot.jre.full.win32.x86_64_21.0.6.v20250130-0529\jre\bin\msvcp140.dll
0x00007ffe88120000 - 0x00007ffe88eb0000 	D:\Eclipse\eclipse\plugins\org.eclipse.justj.openjdk.hotspot.jre.full.win32.x86_64_21.0.6.v20250130-0529\jre\bin\server\jvm.dll
0x00007ffee95d0000 - 0x00007ffee9682000 	C:\Windows\System32\ADVAPI32.dll
0x00007ffee9770000 - 0x00007ffee9818000 	C:\Windows\System32\sechost.dll
0x00007ffee8510000 - 0x00007ffee8538000 	C:\Windows\System32\bcrypt.dll
0x00007ffee9a00000 - 0x00007ffee9b14000 	C:\Windows\System32\RPCRT4.dll
0x00007ffee9550000 - 0x00007ffee95c1000 	C:\Windows\System32\WS2_32.dll
0x00007ffee8110000 - 0x00007ffee815d000 	C:\Windows\SYSTEM32\POWRPROF.dll
0x00007ffee1320000 - 0x00007ffee1354000 	C:\Windows\SYSTEM32\WINMM.dll
0x00007ffede6d0000 - 0x00007ffede6da000 	C:\Windows\SYSTEM32\VERSION.dll
0x00007ffee80f0000 - 0x00007ffee8103000 	C:\Windows\SYSTEM32\UMPDC.dll
0x00007ffee7260000 - 0x00007ffee7278000 	C:\Windows\SYSTEM32\kernel.appcore.dll
0x00007ffec0db0000 - 0x00007ffec0dba000 	D:\Eclipse\eclipse\plugins\org.eclipse.justj.openjdk.hotspot.jre.full.win32.x86_64_21.0.6.v20250130-0529\jre\bin\jimage.dll
0x00007ffedb3b0000 - 0x00007ffedb5e2000 	C:\Windows\SYSTEM32\DBGHELP.DLL
0x00007ffeea820000 - 0x00007ffeeabae000 	C:\Windows\System32\combase.dll
0x00007ffee9690000 - 0x00007ffee9767000 	C:\Windows\System32\OLEAUT32.dll
0x00007ffecf1e0000 - 0x00007ffecf212000 	C:\Windows\SYSTEM32\dbgcore.DLL
0x00007ffee8540000 - 0x00007ffee85bb000 	C:\Windows\System32\bcryptPrimitives.dll
0x00007ffec0d00000 - 0x00007ffec0d1f000 	D:\Eclipse\eclipse\plugins\org.eclipse.justj.openjdk.hotspot.jre.full.win32.x86_64_21.0.6.v20250130-0529\jre\bin\java.dll
0x00007ffee8ce0000 - 0x00007ffee9549000 	C:\Windows\System32\SHELL32.dll
0x00007ffee6160000 - 0x00007ffee6a5f000 	C:\Windows\SYSTEM32\windows.storage.dll
0x00007ffee6020000 - 0x00007ffee615f000 	C:\Windows\SYSTEM32\wintypes.dll
0x00007ffee98a0000 - 0x00007ffee9999000 	C:\Windows\System32\SHCORE.dll
0x00007ffeea050000 - 0x00007ffeea0ae000 	C:\Windows\System32\shlwapi.dll
0x00007ffee8170000 - 0x00007ffee8197000 	C:\Windows\SYSTEM32\profapi.dll
0x00007ffec0ad0000 - 0x00007ffec0ae8000 	D:\Eclipse\eclipse\plugins\org.eclipse.justj.openjdk.hotspot.jre.full.win32.x86_64_21.0.6.v20250130-0529\jre\bin\zip.dll
0x00007ffec0cf0000 - 0x00007ffec0d00000 	D:\Eclipse\eclipse\plugins\org.eclipse.justj.openjdk.hotspot.jre.full.win32.x86_64_21.0.6.v20250130-0529\jre\bin\net.dll
0x00007ffee17b0000 - 0x00007ffee18e6000 	C:\Windows\SYSTEM32\WINHTTP.dll
0x00007ffee76e0000 - 0x00007ffee7749000 	C:\Windows\system32\mswsock.dll
0x00007ffeab480000 - 0x00007ffeab496000 	D:\Eclipse\eclipse\plugins\org.eclipse.justj.openjdk.hotspot.jre.full.win32.x86_64_21.0.6.v20250130-0529\jre\bin\nio.dll
0x00007ffea9f60000 - 0x00007ffeaa0ee000 	D:\Eclipse\eclipse\plugins\org.eclipse.justj.openjdk.hotspot.jre.full.win32.x86_64_21.0.6.v20250130-0529\jre\bin\awt.dll
0x00007ffee4480000 - 0x00007ffee4517000 	C:\Windows\SYSTEM32\apphelp.dll
0x00007ffee59a0000 - 0x00007ffee59cb000 	C:\Windows\system32\DWMAPI.DLL
0x00007ffee5760000 - 0x00007ffee5811000 	C:\Windows\system32\uxtheme.dll
0x00007ffe9c1f0000 - 0x00007ffe9c2f0000 	C:\Windows\system32\opengl32.dll
0x00007ffeaefa0000 - 0x00007ffeaefcd000 	C:\Windows\SYSTEM32\GLU32.dll
0x00007ffee5850000 - 0x00007ffee5887000 	C:\Windows\SYSTEM32\dxcore.dll
0x00007ffeeabb0000 - 0x00007ffeead10000 	C:\Windows\System32\MSCTF.dll
0x00007ffee9df0000 - 0x00007ffee9f95000 	C:\Windows\System32\ole32.dll
0x00007ffe99ff0000 - 0x00007ffe9a198000 	C:\Windows\system32\d3d9.dll
0x00007ffede6e0000 - 0x00007ffede898000 	C:\Windows\System32\DriverStore\FileRepository\u0376648.inf_amd64_10263edfe9a1aa63\B374868\aticfx64.dll
0x00007ffeac970000 - 0x00007ffeac9a4000 	C:\Windows\System32\DriverStore\FileRepository\u0376648.inf_amd64_10263edfe9a1aa63\B374868\atiu9p64.dll
0x00007ffe93360000 - 0x00007ffe940b4000 	C:\Windows\System32\DriverStore\FileRepository\u0376648.inf_amd64_10263edfe9a1aa63\B374868\atiumd64.dll
0x00000000542d0000 - 0x0000000055143000 	C:\Windows\System32\DriverStore\FileRepository\u0376648.inf_amd64_10263edfe9a1aa63\B374868\atiumd6a.dll
0x00007ffeea110000 - 0x00007ffeea584000 	C:\Windows\System32\SETUPAPI.dll
0x00007ffedc570000 - 0x00007ffedc5a0000 	C:\Windows\SYSTEM32\amdihk64.dll
0x00007ffee0a90000 - 0x00007ffee0ad9000 	C:\Windows\SYSTEM32\directxdatabasehelper.dll
0x00007ffee1720000 - 0x00007ffee174e000 	D:\Eclipse\eclipse\plugins\org.eclipse.justj.openjdk.hotspot.jre.full.win32.x86_64_21.0.6.v20250130-0529\jre\bin\javajpeg.dll
0x00007ffeaab10000 - 0x00007ffeaab97000 	D:\Eclipse\eclipse\plugins\org.eclipse.justj.openjdk.hotspot.jre.full.win32.x86_64_21.0.6.v20250130-0529\jre\bin\freetype.dll
0x00007ffeaa810000 - 0x00007ffeaa8eb000 	D:\Eclipse\eclipse\plugins\org.eclipse.justj.openjdk.hotspot.jre.full.win32.x86_64_21.0.6.v20250130-0529\jre\bin\fontmanager.dll
0x00007ffed1a80000 - 0x00007ffed1bc3000 	C:\Windows\SYSTEM32\textinputframework.dll

dbghelp: loaded successfully - version: 4.0.5 - missing functions: none
symbol engine: initialized successfully - sym options: 0x614 - pdb path: .;D:\Eclipse\eclipse\plugins\org.eclipse.justj.openjdk.hotspot.jre.full.win32.x86_64_21.0.6.v20250130-0529\jre\bin;C:\Windows\SYSTEM32;C:\Windows\WinSxS\amd64_microsoft.windows.common-controls_6595b64144ccf1df_6.0.22621.3672_none_2713b9d173822955;D:\Eclipse\eclipse\plugins\org.eclipse.justj.openjdk.hotspot.jre.full.win32.x86_64_21.0.6.v20250130-0529\jre\bin\server;C:\Windows\System32\DriverStore\FileRepository\u0376648.inf_amd64_10263edfe9a1aa63\B374868

VM Arguments:
jvm_args: -Dfile.encoding=UTF-8 -Dstdout.encoding=UTF-8 -Dstderr.encoding=UTF-8 -XX:+ShowCodeDetailsInExceptionMessages 
java_command: com.bank.Transactions
java_class_path (initial): D:\Servers\ATMSimulation\build\classes;D:\Eclipse\apache-tomcat-11.0.7\lib\annotations-api.jar;D:\Eclipse\apache-tomcat-11.0.7\lib\catalina-ant.jar;D:\Eclipse\apache-tomcat-11.0.7\lib\catalina-ha.jar;D:\Eclipse\apache-tomcat-11.0.7\lib\catalina-ssi.jar;D:\Eclipse\apache-tomcat-11.0.7\lib\catalina-storeconfig.jar;D:\Eclipse\apache-tomcat-11.0.7\lib\catalina-tribes.jar;D:\Eclipse\apache-tomcat-11.0.7\lib\catalina.jar;D:\Eclipse\apache-tomcat-11.0.7\lib\ecj-4.35.jar;D:\Eclipse\apache-tomcat-11.0.7\lib\el-api.jar;D:\Eclipse\apache-tomcat-11.0.7\lib\jakartaee-migration-1.0.9-shaded.jar;D:\Eclipse\apache-tomcat-11.0.7\lib\jasper-el.jar;D:\Eclipse\apache-tomcat-11.0.7\lib\jasper.jar;D:\Eclipse\apache-tomcat-11.0.7\lib\jaspic-api.jar;D:\Eclipse\apache-tomcat-11.0.7\lib\jsp-api.jar;D:\Eclipse\apache-tomcat-11.0.7\lib\servlet-api.jar;D:\Eclipse\apache-tomcat-11.0.7\lib\tomcat-api.jar;D:\Eclipse\apache-tomcat-11.0.7\lib\tomcat-coyote-ffm.jar;D:\Eclipse\apache-tomcat-11.0.7\lib\tomcat-coyote.jar;D:\Eclipse\apache-tomcat-11.0.7\lib\tomcat-dbcp.jar;D:\Eclipse\apache-tomcat-11.0.7\lib\tomcat-i18n-cs.jar;D:\Eclipse\apache-tomcat-11.0.7\lib\tomcat-i18n-de.jar;D:\Eclipse\apache-tomcat-11.0.7\lib\tomcat-i18n-es.jar;D:\Eclipse\apache-tomcat-11.0.7\lib\tomcat-i18n-fr.jar;D:\Eclipse\apache-tomcat-11.0.7\lib\tomcat-i18n-ja.jar;D:\Eclipse\apache-tomcat-11.0.7\lib\tomcat-i18n-ko.jar;D:\Eclipse\apache-tomcat-11.0.7\lib\tomcat-i18n-pt-BR.jar;D:\Eclipse\apache-tomcat-11.0.7\lib\tomcat-i18n-ru.jar;D:\Eclipse\apache-tomcat-11.0.7\lib\tomcat-i18n-zh-CN.jar;D:\Eclipse\apache-tomcat-11.0.7\lib\tomcat-jdbc.jar;D:\Eclipse\apache-tomcat-11.0.7\lib\tomcat-jni.jar;D:\Eclipse\apache-tomcat-11.0.7\lib\tomcat-util-scan.jar;D:\Eclipse\apache-tomcat-11.0.7\lib\tomcat-util.jar;D:\Eclipse\apache-tomcat-11.0.7\lib\tomcat-websocket.jar;D:\Eclipse\apache-tomcat-11.0.7\lib\websocket-api.jar;D:\Eclipse\apache-tomcat-11.0.7\lib\websocket-client-api.jar;C:\Users\Harshil Gupta\Downloads\jcalendar-tz-1.3.3-4.jar;C:\Users\Harshil Gupta\Downloads\mysql-connector-j-9.3.0\mysql-connector-j-9.3.0\mysql-connector-j-9.3.0.jar
Launcher Type: SUN_STANDARD

[Global flags]
     intx CICompilerCount                          = 3                                         {product} {ergonomic}
     uint ConcGCThreads                            = 1                                         {product} {ergonomic}
     uint G1ConcRefinementThreads                  = 4                                         {product} {ergonomic}
   size_t G1HeapRegionSize                         = 1048576                                   {product} {ergonomic}
    uintx GCDrainStackTargetSize                   = 64                                        {product} {ergonomic}
   size_t InitialHeapSize                          = 100663296                                 {product} {ergonomic}
   size_t MarkStackSize                            = 4194304                                   {product} {ergonomic}
   size_t MaxHeapSize                              = 1595932672                                {product} {ergonomic}
   size_t MaxNewSize                               = 957349888                                 {product} {ergonomic}
   size_t MinHeapDeltaBytes                        = 1048576                                   {product} {ergonomic}
   size_t MinHeapSize                              = 8388608                                   {product} {ergonomic}
    uintx NonNMethodCodeHeapSize                   = 5832780                                {pd product} {ergonomic}
    uintx NonProfiledCodeHeapSize                  = 122912730                              {pd product} {ergonomic}
     bool PerfDisableSharedMem                     = true                                      {product} {ergonomic}
    uintx ProfiledCodeHeapSize                     = 122912730                              {pd product} {ergonomic}
    uintx ReservedCodeCacheSize                    = 251658240                              {pd product} {ergonomic}
     bool SegmentedCodeCache                       = true                                      {product} {ergonomic}
     bool ShowCodeDetailsInExceptionMessages       = true                                   {manageable} {command line}
   size_t SoftMaxHeapSize                          = 1595932672                             {manageable} {ergonomic}
     bool UseCompressedOops                        = true                           {product lp64_product} {ergonomic}
     bool UseG1GC                                  = true                                      {product} {ergonomic}
     bool UseLargePagesIndividualAllocation        = false                                  {pd product} {ergonomic}

Logging:
Log output configuration:
 #0: stdout all=warning uptime,level,tags foldmultilines=false
 #1: stderr all=off uptime,level,tags foldmultilines=false

Environment Variables:
JAVA_HOME=C:\Users\Harshil Gupta\AppData\Local\Programs\Eclipse Adoptium\jdk-17.0.9.9-hotspot\
PATH=D:/Eclipse/eclipse//plugins/org.eclipse.justj.openjdk.hotspot.jre.full.win32.x86_64_21.0.6.v20250130-0529/jre/bin/server;D:/Eclipse/eclipse//plugins/org.eclipse.justj.openjdk.hotspot.jre.full.win32.x86_64_21.0.6.v20250130-0529/jre/bin;C:\oraclexe\app\oracle\product\10.2.0\server\bin;C:\Program Files\Common Files\Oracle\Java\javapath;C:\Program Files (x86)\Common Files\Oracle\Java\java8path;C:\Program Files (x86)\Common Files\Oracle\Java\javapath;C:\Program Files\Python311\Scripts\;C:\Program Files\Python311\;C:\Windows\system32;C:\Windows;C:\Windows\System32\Wbem;C:\Windows\System32\WindowsPowerShell\v1.0\;C:\Windows\System32\OpenSSH\;C:\MinGW\bin;C:\Program Files\Git\cmd;C:\Program Files\Git\mingw64\bin;C:\Program Files\Git\usr\bin;C:\Program Files\MySQL\MySQL Server 8.0\bin;C:\ProgramData\chocolatey\bin;C:\Program Files\nodejs\;C:\Program Files\MySQL\MySQL Shell 8.0\bin\;C:\Users\Harshil Gupta\AppData\Local\Programs\Eclipse Adoptium\jdk-17.0.9.9-hotspot\bin;C:\Users\Harshil Gupta\AppData\Local\Microsoft\WindowsApps;;C:\Users\Harshil Gupta\AppData\Local\Programs\Microsoft VS Code\bin;C:\Users\Harshil Gupta\AppData\Local\Programs\mongosh\;C:\Users\Harshil Gupta\AppData\Roaming\npm;C:\Users\Harshil Gupta\OneDrive\Desktop;
USERNAME=Harshil Gupta
OS=Windows_NT
PROCESSOR_IDENTIFIER=AMD64 Family 23 Model 24 Stepping 1, AuthenticAMD
TMP=C:\Users\HARSHI~1\AppData\Local\Temp
TEMP=C:\Users\HARSHI~1\AppData\Local\Temp




Periodic native trim disabled

---------------  S Y S T E M  ---------------

OS:
 Windows 11 , 64 bit Build 22621 (10.0.22621.3958)
OS uptime: 2 days 6:53 hours
Hyper-V role detected

CPU: total 4 (initial active 4) (4 cores per cpu, 2 threads per core) family 23 model 24 stepping 1 microcode 0x0, cx8, cmov, fxsr, ht, mmx, 3dnowpref, sse, sse2, sse3, ssse3, sse4a, sse4.1, sse4.2, popcnt, lzcnt, tsc, tscinvbit, avx, avx2, aes, clmul, bmi1, bmi2, adx, sha, fma, vzeroupper, clflush, clflushopt, hv, rdtscp, f16c
Processor Information for the first 4 processors :
  Max Mhz: 2600, Current Mhz: 2600, Mhz Limit: 2600

Memory: 4k page, system-wide physical 6086M (664M free)
TotalPageFile size 24518M (AvailPageFile size 0M)
current process WorkingSet (physical memory assigned to process): 101M, peak: 101M
current process commit charge ("private bytes"): 209M, peak: 209M

vm_info: OpenJDK 64-Bit Server VM (21.0.6+7-LTS) for windows-amd64 JRE (21.0.6+7-LTS), built on 2025-01-21T00:00:00Z by "admin" with MS VC++ 17.7 (VS2022)

END.
