#
# There is insufficient memory for the Java Runtime Environment to continue.
# Native memory allocation (malloc) failed to allocate 32744 bytes. Error detail: Chunk::new
# Possible reasons:
#   The system is out of physical RAM or swap space
#   This process is running with CompressedOops enabled, and the Java Heap may be blocking the growth of the native heap
# Possible solutions:
#   Reduce memory load on the system
#   Increase physical memory or swap space
#   Check if swap backing store is full
#   Decrease Java heap size (-Xmx/-Xms)
#   Decrease number of Java threads
#   Decrease Java thread stack sizes (-Xss)
#   Set larger code cache with -XX:ReservedCodeCacheSize=
#   JVM is running with Unscaled Compressed Oops mode in which the Java heap is
#     placed in the first 4GB address space. The Java Heap base address is the
#     maximum limit for the native heap growth. Please use -XX:HeapBaseMinAddress
#     to set the Java Heap base and to place the Java Heap above 4GB virtual address.
# This output file may be truncated or incomplete.
#
#  Out of Memory Error (arena.cpp:168), pid=5484, tid=17516
#
# JRE version: OpenJDK Runtime Environment Temurin-21.0.6+7 (21.0.6+7) (build 21.0.6+7-LTS)
# Java VM: OpenJDK 64-Bit Server VM Temurin-21.0.6+7 (21.0.6+7-LTS, mixed mode, sharing, tiered, compressed oops, compressed class ptrs, g1 gc, windows-amd64)
# No core dump will be written. Minidumps are not enabled by default on client versions of Windows
#

---------------  S U M M A R Y ------------

Command Line: -Dfile.encoding=UTF-8 -Dstdout.encoding=UTF-8 -Dstderr.encoding=UTF-8 -XX:+ShowCodeDetailsInExceptionMessages com.bank.deposit

Host: AMD Ryzen 3 3250U with Radeon Graphics         , 4 cores, 5G,  Windows 11 , 64 bit Build 22621 (10.0.22621.3958)
Time: Mon Jun 30 01:03:06 2025 India Standard Time elapsed time: 2.543113 seconds (0d 0h 0m 2s)

---------------  T H R E A D  ---------------

Current thread (0x000001d7fc55a130):  JavaThread "C2 CompilerThread0" daemon [_thread_in_native, id=17516, stack(0x0000003301600000,0x0000003301700000) (1024K)]


Current CompileTask:
C2:2543 1221   !   4       sun.font.TrueTypeFont::getTableBuffer (208 bytes)

Stack: [0x0000003301600000,0x0000003301700000]
Native frames: (J=compiled Java code, j=interpreted, Vv=VM code, C=native code)
V  [jvm.dll+0x6cdee9]
V  [jvm.dll+0x8a83d1]
V  [jvm.dll+0x8aa8fe]
V  [jvm.dll+0x8aafe3]
V  [jvm.dll+0x27f706]
V  [jvm.dll+0xc500d]
V  [jvm.dll+0xc5543]
V  [jvm.dll+0xc5135]
V  [jvm.dll+0x6aa647]
V  [jvm.dll+0x8cbb8]
V  [jvm.dll+0x65dc1d]
V  [jvm.dll+0x65bb6e]
V  [jvm.dll+0x247875]
V  [jvm.dll+0x246fcf]
V  [jvm.dll+0x1c75ee]
V  [jvm.dll+0x25685a]
V  [jvm.dll+0x254dfa]
V  [jvm.dll+0x3f0256]
V  [jvm.dll+0x851f8b]
V  [jvm.dll+0x6cc5ed]
C  [ucrtbase.dll+0x29333]
C  [KERNEL32.DLL+0x1257d]
C  [ntdll.dll+0x5af08]


---------------  P R O C E S S  ---------------

Threads class SMR info:
_java_thread_list=0x000001d7fce47d60, length=17, elements={
0x000001d7fc54feb0, 0x000001d7fc551640, 0x000001d7fc555dc0, 0x000001d7fc556a70,
0x000001d7fc557950, 0x000001d7fc5593b0, 0x000001d7fc55a130, 0x000001d7fc5bafe0,
0x000001d7fc69f6f0, 0x000001d7fc6a5f30, 0x000001d7fcb4b700, 0x000001d7fcb54d80,
0x000001d7fcb553e0, 0x000001d7fcd720c0, 0x000001d7fce5b5f0, 0x000001d7e37a1190,
0x000001d7fc6bf6b0
}

Java Threads: ( => current thread )
  0x000001d7fc54feb0 JavaThread "Reference Handler"          daemon [_thread_blocked, id=2492, stack(0x0000003301000000,0x0000003301100000) (1024K)]
  0x000001d7fc551640 JavaThread "Finalizer"                  daemon [_thread_blocked, id=19376, stack(0x0000003301100000,0x0000003301200000) (1024K)]
  0x000001d7fc555dc0 JavaThread "Signal Dispatcher"          daemon [_thread_blocked, id=748, stack(0x0000003301200000,0x0000003301300000) (1024K)]
  0x000001d7fc556a70 JavaThread "Attach Listener"            daemon [_thread_blocked, id=8388, stack(0x0000003301300000,0x0000003301400000) (1024K)]
  0x000001d7fc557950 JavaThread "Service Thread"             daemon [_thread_blocked, id=2004, stack(0x0000003301400000,0x0000003301500000) (1024K)]
  0x000001d7fc5593b0 JavaThread "Monitor Deflation Thread"   daemon [_thread_blocked, id=13380, stack(0x0000003301500000,0x0000003301600000) (1024K)]
=>0x000001d7fc55a130 JavaThread "C2 CompilerThread0"         daemon [_thread_in_native, id=17516, stack(0x0000003301600000,0x0000003301700000) (1024K)]
  0x000001d7fc5bafe0 JavaThread "C1 CompilerThread0"         daemon [_thread_blocked, id=24324, stack(0x0000003301700000,0x0000003301800000) (1024K)]
  0x000001d7fc69f6f0 JavaThread "Notification Thread"        daemon [_thread_blocked, id=19732, stack(0x0000003301800000,0x0000003301900000) (1024K)]
  0x000001d7fc6a5f30 JavaThread "Common-Cleaner"             daemon [_thread_blocked, id=12808, stack(0x0000003301900000,0x0000003301a00000) (1024K)]
  0x000001d7fcb4b700 JavaThread "Java2D Disposer"            daemon [_thread_blocked, id=15608, stack(0x0000003301a00000,0x0000003301b00000) (1024K)]
  0x000001d7fcb54d80 JavaThread "AWT-Shutdown"                      [_thread_blocked, id=5560, stack(0x0000003301b00000,0x0000003301c00000) (1024K)]
  0x000001d7fcb553e0 JavaThread "AWT-Windows"                daemon [_thread_in_native, id=5520, stack(0x0000003301c00000,0x0000003301d00000) (1024K)]
  0x000001d7fcd720c0 JavaThread "Image Fetcher 0"            daemon [_thread_blocked, id=13420, stack(0x0000003302300000,0x0000003302400000) (1024K)]
  0x000001d7fce5b5f0 JavaThread "AWT-EventQueue-0"                  [_thread_in_vm, id=15748, stack(0x0000003302700000,0x0000003302800000) (1024K)]
  0x000001d7e37a1190 JavaThread "DestroyJavaVM"                     [_thread_blocked, id=20400, stack(0x0000003300800000,0x0000003300900000) (1024K)]
  0x000001d7fc6bf6b0 JavaThread "D3D Screen Updater"         daemon [_thread_blocked, id=6168, stack(0x0000003302900000,0x0000003302a00000) (1024K)]
Total: 17

Other Threads:
  0x000001d7fc538230 VMThread "VM Thread"                           [id=8644, stack(0x0000003300f00000,0x0000003301000000) (1024K)]
  0x000001d7fc5254f0 WatcherThread "VM Periodic Task Thread"        [id=1740, stack(0x0000003300e00000,0x0000003300f00000) (1024K)]
  0x000001d7e59a5af0 WorkerThread "GC Thread#0"                     [id=3744, stack(0x0000003300900000,0x0000003300a00000) (1024K)]
  0x000001d7fce4d950 WorkerThread "GC Thread#1"                     [id=19808, stack(0x0000003302400000,0x0000003302500000) (1024K)]
  0x000001d7fce4ee80 WorkerThread "GC Thread#2"                     [id=3584, stack(0x0000003302500000,0x0000003302600000) (1024K)]
  0x000001d7fce4f220 WorkerThread "GC Thread#3"                     [id=13212, stack(0x0000003302600000,0x0000003302700000) (1024K)]
  0x000001d7e59b3970 ConcurrentGCThread "G1 Main Marker"            [id=22948, stack(0x0000003300a00000,0x0000003300b00000) (1024K)]
  0x000001d7e59b4cc0 WorkerThread "G1 Conc#0"                       [id=20256, stack(0x0000003300b00000,0x0000003300c00000) (1024K)]
  0x000001d7e5a16b30 ConcurrentGCThread "G1 Refine#0"               [id=11212, stack(0x0000003300c00000,0x0000003300d00000) (1024K)]
  0x000001d7fc4006d0 ConcurrentGCThread "G1 Service"                [id=17452, stack(0x0000003300d00000,0x0000003300e00000) (1024K)]
Total: 10

Threads with active compile tasks:
C2 CompilerThread0  2617 1221   !   4       sun.font.TrueTypeFont::getTableBuffer (208 bytes)
Total: 1

VM state: not at safepoint (normal execution)

VM Mutex/Monitor currently owned by a thread:  ([mutex/lock_event])
[0x00007ffe88dcc300] Metaspace_lock - owner thread: 0x000001d7fce5b5f0

Heap address: 0x00000000a0e00000, size: 1522 MB, Compressed Oops mode: 32-bit

CDS archive(s) mapped at: [0x000001d780000000-0x000001d780c80000-0x000001d780c80000), size 13107200, SharedBaseAddress: 0x000001d780000000, ArchiveRelocationMode: 1.
Compressed class space mapped at: 0x000001d781000000-0x000001d7c1000000, reserved size: 1073741824
Narrow klass base: 0x000001d780000000, Narrow klass shift: 0, Narrow klass range: 0x100000000

GC Precious Log:
 CardTable entry size: 512
 Card Set container configuration: InlinePtr #cards 5 size 8 Array Of Cards #cards 12 size 40 Howl #buckets 4 coarsen threshold 1843 Howl Bitmap #cards 512 size 80 coarsen threshold 460 Card regions per heap region 1 cards per card region 2048
 CPUs: 4 total, 4 available
 Memory: 6086M
 Large Page Support: Disabled
 NUMA Support: Disabled
 Compressed Oops: Enabled (32-bit)
 Heap Region Size: 1M
 Heap Min Capacity: 8M
 Heap Initial Capacity: 96M
 Heap Max Capacity: 1522M
 Pre-touch: Disabled
 Parallel Workers: 4
 Concurrent Workers: 1
 Concurrent Refinement Workers: 4
 Periodic GC: Disabled

Heap:
 garbage-first heap   total 98304K, used 23784K [0x00000000a0e00000, 0x0000000100000000)
  region size 1024K, 15 young (15360K), 2 survivors (2048K)
 Metaspace       used 8652K, committed 8832K, reserved 1114112K
  class space    used 936K, committed 1024K, reserved 1048576K

Heap Regions: E=young(eden), S=young(survivor), O=old, HS=humongous(starts), HC=humongous(continues), CS=collection set, F=free, TAMS=top-at-mark-start, PB=parsable bottom
|   0|0x00000000a0e00000, 0x00000000a0f00000, 0x00000000a0f00000|100%|HS|  |TAMS 0x00000000a0e00000| PB 0x00000000a0e00000| Complete 
|   1|0x00000000a0f00000, 0x00000000a1000000, 0x00000000a1000000|100%|HC|  |TAMS 0x00000000a0f00000| PB 0x00000000a0f00000| Complete 
|   2|0x00000000a1000000, 0x00000000a1100000, 0x00000000a1100000|100%|HC|  |TAMS 0x00000000a1000000| PB 0x00000000a1000000| Complete 
|   3|0x00000000a1100000, 0x00000000a1200000, 0x00000000a1200000|100%|HC|  |TAMS 0x00000000a1100000| PB 0x00000000a1100000| Complete 
|   4|0x00000000a1200000, 0x00000000a1300000, 0x00000000a1300000|100%|HS|  |TAMS 0x00000000a1200000| PB 0x00000000a1200000| Complete 
|   5|0x00000000a1300000, 0x00000000a1400000, 0x00000000a1400000|100%|HC|  |TAMS 0x00000000a1300000| PB 0x00000000a1300000| Complete 
|   6|0x00000000a1400000, 0x00000000a1500000, 0x00000000a1500000|100%|HC|  |TAMS 0x00000000a1400000| PB 0x00000000a1400000| Complete 
|   7|0x00000000a1500000, 0x00000000a1600000, 0x00000000a1600000|100%|HC|  |TAMS 0x00000000a1500000| PB 0x00000000a1500000| Complete 
|   8|0x00000000a1600000, 0x00000000a1700000, 0x00000000a1700000|100%| O|  |TAMS 0x00000000a1600000| PB 0x00000000a1600000| Untracked 
|   9|0x00000000a1700000, 0x00000000a173a010, 0x00000000a1800000| 22%| O|  |TAMS 0x00000000a1700000| PB 0x00000000a1700000| Untracked 
|  10|0x00000000a1800000, 0x00000000a1800000, 0x00000000a1900000|  0%| F|  |TAMS 0x00000000a1800000| PB 0x00000000a1800000| Untracked 
|  11|0x00000000a1900000, 0x00000000a1900000, 0x00000000a1a00000|  0%| F|  |TAMS 0x00000000a1900000| PB 0x00000000a1900000| Untracked 
|  12|0x00000000a1a00000, 0x00000000a1a00000, 0x00000000a1b00000|  0%| F|  |TAMS 0x00000000a1a00000| PB 0x00000000a1a00000| Untracked 
|  13|0x00000000a1b00000, 0x00000000a1b00000, 0x00000000a1c00000|  0%| F|  |TAMS 0x00000000a1b00000| PB 0x00000000a1b00000| Untracked 
|  14|0x00000000a1c00000, 0x00000000a1c00000, 0x00000000a1d00000|  0%| F|  |TAMS 0x00000000a1c00000| PB 0x00000000a1c00000| Untracked 
|  15|0x00000000a1d00000, 0x00000000a1d00000, 0x00000000a1e00000|  0%| F|  |TAMS 0x00000000a1d00000| PB 0x00000000a1d00000| Untracked 
|  16|0x00000000a1e00000, 0x00000000a1e00000, 0x00000000a1f00000|  0%| F|  |TAMS 0x00000000a1e00000| PB 0x00000000a1e00000| Untracked 
|  17|0x00000000a1f00000, 0x00000000a1f00000, 0x00000000a2000000|  0%| F|  |TAMS 0x00000000a1f00000| PB 0x00000000a1f00000| Untracked 
|  18|0x00000000a2000000, 0x00000000a2000000, 0x00000000a2100000|  0%| F|  |TAMS 0x00000000a2000000| PB 0x00000000a2000000| Untracked 
|  19|0x00000000a2100000, 0x00000000a2100000, 0x00000000a2200000|  0%| F|  |TAMS 0x00000000a2100000| PB 0x00000000a2100000| Untracked 
|  20|0x00000000a2200000, 0x00000000a2200000, 0x00000000a2300000|  0%| F|  |TAMS 0x00000000a2200000| PB 0x00000000a2200000| Untracked 
|  21|0x00000000a2300000, 0x00000000a2300000, 0x00000000a2400000|  0%| F|  |TAMS 0x00000000a2300000| PB 0x00000000a2300000| Untracked 
|  22|0x00000000a2400000, 0x00000000a2400000, 0x00000000a2500000|  0%| F|  |TAMS 0x00000000a2400000| PB 0x00000000a2400000| Untracked 
|  23|0x00000000a2500000, 0x00000000a2500000, 0x00000000a2600000|  0%| F|  |TAMS 0x00000000a2500000| PB 0x00000000a2500000| Untracked 
|  24|0x00000000a2600000, 0x00000000a2600000, 0x00000000a2700000|  0%| F|  |TAMS 0x00000000a2600000| PB 0x00000000a2600000| Untracked 
|  25|0x00000000a2700000, 0x00000000a2700000, 0x00000000a2800000|  0%| F|  |TAMS 0x00000000a2700000| PB 0x00000000a2700000| Untracked 
|  26|0x00000000a2800000, 0x00000000a2800000, 0x00000000a2900000|  0%| F|  |TAMS 0x00000000a2800000| PB 0x00000000a2800000| Untracked 
|  27|0x00000000a2900000, 0x00000000a2900000, 0x00000000a2a00000|  0%| F|  |TAMS 0x00000000a2900000| PB 0x00000000a2900000| Untracked 
|  28|0x00000000a2a00000, 0x00000000a2a00000, 0x00000000a2b00000|  0%| F|  |TAMS 0x00000000a2a00000| PB 0x00000000a2a00000| Untracked 
|  29|0x00000000a2b00000, 0x00000000a2b00000, 0x00000000a2c00000|  0%| F|  |TAMS 0x00000000a2b00000| PB 0x00000000a2b00000| Untracked 
|  30|0x00000000a2c00000, 0x00000000a2c00000, 0x00000000a2d00000|  0%| F|  |TAMS 0x00000000a2c00000| PB 0x00000000a2c00000| Untracked 
|  31|0x00000000a2d00000, 0x00000000a2d00000, 0x00000000a2e00000|  0%| F|  |TAMS 0x00000000a2d00000| PB 0x00000000a2d00000| Untracked 
|  32|0x00000000a2e00000, 0x00000000a2e00000, 0x00000000a2f00000|  0%| F|  |TAMS 0x00000000a2e00000| PB 0x00000000a2e00000| Untracked 
|  33|0x00000000a2f00000, 0x00000000a2f00000, 0x00000000a3000000|  0%| F|  |TAMS 0x00000000a2f00000| PB 0x00000000a2f00000| Untracked 
|  34|0x00000000a3000000, 0x00000000a3000000, 0x00000000a3100000|  0%| F|  |TAMS 0x00000000a3000000| PB 0x00000000a3000000| Untracked 
|  35|0x00000000a3100000, 0x00000000a3100000, 0x00000000a3200000|  0%| F|  |TAMS 0x00000000a3100000| PB 0x00000000a3100000| Untracked 
|  36|0x00000000a3200000, 0x00000000a3200000, 0x00000000a3300000|  0%| F|  |TAMS 0x00000000a3200000| PB 0x00000000a3200000| Untracked 
|  37|0x00000000a3300000, 0x00000000a3300000, 0x00000000a3400000|  0%| F|  |TAMS 0x00000000a3300000| PB 0x00000000a3300000| Untracked 
|  38|0x00000000a3400000, 0x00000000a3400000, 0x00000000a3500000|  0%| F|  |TAMS 0x00000000a3400000| PB 0x00000000a3400000| Untracked 
|  39|0x00000000a3500000, 0x00000000a3500000, 0x00000000a3600000|  0%| F|  |TAMS 0x00000000a3500000| PB 0x00000000a3500000| Untracked 
|  40|0x00000000a3600000, 0x00000000a3600000, 0x00000000a3700000|  0%| F|  |TAMS 0x00000000a3600000| PB 0x00000000a3600000| Untracked 
|  41|0x00000000a3700000, 0x00000000a3700000, 0x00000000a3800000|  0%| F|  |TAMS 0x00000000a3700000| PB 0x00000000a3700000| Untracked 
|  42|0x00000000a3800000, 0x00000000a3800000, 0x00000000a3900000|  0%| F|  |TAMS 0x00000000a3800000| PB 0x00000000a3800000| Untracked 
|  43|0x00000000a3900000, 0x00000000a3900000, 0x00000000a3a00000|  0%| F|  |TAMS 0x00000000a3900000| PB 0x00000000a3900000| Untracked 
|  44|0x00000000a3a00000, 0x00000000a3a00000, 0x00000000a3b00000|  0%| F|  |TAMS 0x00000000a3a00000| PB 0x00000000a3a00000| Untracked 
|  45|0x00000000a3b00000, 0x00000000a3b00000, 0x00000000a3c00000|  0%| F|  |TAMS 0x00000000a3b00000| PB 0x00000000a3b00000| Untracked 
|  46|0x00000000a3c00000, 0x00000000a3c00000, 0x00000000a3d00000|  0%| F|  |TAMS 0x00000000a3c00000| PB 0x00000000a3c00000| Untracked 
|  47|0x00000000a3d00000, 0x00000000a3d00000, 0x00000000a3e00000|  0%| F|  |TAMS 0x00000000a3d00000| PB 0x00000000a3d00000| Untracked 
|  48|0x00000000a3e00000, 0x00000000a3e00000, 0x00000000a3f00000|  0%| F|  |TAMS 0x00000000a3e00000| PB 0x00000000a3e00000| Untracked 
|  49|0x00000000a3f00000, 0x00000000a3f00000, 0x00000000a4000000|  0%| F|  |TAMS 0x00000000a3f00000| PB 0x00000000a3f00000| Untracked 
|  50|0x00000000a4000000, 0x00000000a4000000, 0x00000000a4100000|  0%| F|  |TAMS 0x00000000a4000000| PB 0x00000000a4000000| Untracked 
|  51|0x00000000a4100000, 0x00000000a4100000, 0x00000000a4200000|  0%| F|  |TAMS 0x00000000a4100000| PB 0x00000000a4100000| Untracked 
|  52|0x00000000a4200000, 0x00000000a4200000, 0x00000000a4300000|  0%| F|  |TAMS 0x00000000a4200000| PB 0x00000000a4200000| Untracked 
|  53|0x00000000a4300000, 0x00000000a4300000, 0x00000000a4400000|  0%| F|  |TAMS 0x00000000a4300000| PB 0x00000000a4300000| Untracked 
|  54|0x00000000a4400000, 0x00000000a4400000, 0x00000000a4500000|  0%| F|  |TAMS 0x00000000a4400000| PB 0x00000000a4400000| Untracked 
|  55|0x00000000a4500000, 0x00000000a4500000, 0x00000000a4600000|  0%| F|  |TAMS 0x00000000a4500000| PB 0x00000000a4500000| Untracked 
|  56|0x00000000a4600000, 0x00000000a4600000, 0x00000000a4700000|  0%| F|  |TAMS 0x00000000a4600000| PB 0x00000000a4600000| Untracked 
|  57|0x00000000a4700000, 0x00000000a4700000, 0x00000000a4800000|  0%| F|  |TAMS 0x00000000a4700000| PB 0x00000000a4700000| Untracked 
|  58|0x00000000a4800000, 0x00000000a4800000, 0x00000000a4900000|  0%| F|  |TAMS 0x00000000a4800000| PB 0x00000000a4800000| Untracked 
|  59|0x00000000a4900000, 0x00000000a4900000, 0x00000000a4a00000|  0%| F|  |TAMS 0x00000000a4900000| PB 0x00000000a4900000| Untracked 
|  60|0x00000000a4a00000, 0x00000000a4a00000, 0x00000000a4b00000|  0%| F|  |TAMS 0x00000000a4a00000| PB 0x00000000a4a00000| Untracked 
|  61|0x00000000a4b00000, 0x00000000a4b00000, 0x00000000a4c00000|  0%| F|  |TAMS 0x00000000a4b00000| PB 0x00000000a4b00000| Untracked 
|  62|0x00000000a4c00000, 0x00000000a4c00000, 0x00000000a4d00000|  0%| F|  |TAMS 0x00000000a4c00000| PB 0x00000000a4c00000| Untracked 
|  63|0x00000000a4d00000, 0x00000000a4d00000, 0x00000000a4e00000|  0%| F|  |TAMS 0x00000000a4d00000| PB 0x00000000a4d00000| Untracked 
|  64|0x00000000a4e00000, 0x00000000a4e00000, 0x00000000a4f00000|  0%| F|  |TAMS 0x00000000a4e00000| PB 0x00000000a4e00000| Untracked 
|  65|0x00000000a4f00000, 0x00000000a4f00000, 0x00000000a5000000|  0%| F|  |TAMS 0x00000000a4f00000| PB 0x00000000a4f00000| Untracked 
|  66|0x00000000a5000000, 0x00000000a5000000, 0x00000000a5100000|  0%| F|  |TAMS 0x00000000a5000000| PB 0x00000000a5000000| Untracked 
|  67|0x00000000a5100000, 0x00000000a5100000, 0x00000000a5200000|  0%| F|  |TAMS 0x00000000a5100000| PB 0x00000000a5100000| Untracked 
|  68|0x00000000a5200000, 0x00000000a5200000, 0x00000000a5300000|  0%| F|  |TAMS 0x00000000a5200000| PB 0x00000000a5200000| Untracked 
|  69|0x00000000a5300000, 0x00000000a5300000, 0x00000000a5400000|  0%| F|  |TAMS 0x00000000a5300000| PB 0x00000000a5300000| Untracked 
|  70|0x00000000a5400000, 0x00000000a5400000, 0x00000000a5500000|  0%| F|  |TAMS 0x00000000a5400000| PB 0x00000000a5400000| Untracked 
|  71|0x00000000a5500000, 0x00000000a5500000, 0x00000000a5600000|  0%| F|  |TAMS 0x00000000a5500000| PB 0x00000000a5500000| Untracked 
|  72|0x00000000a5600000, 0x00000000a5600000, 0x00000000a5700000|  0%| F|  |TAMS 0x00000000a5600000| PB 0x00000000a5600000| Untracked 
|  73|0x00000000a5700000, 0x00000000a5700000, 0x00000000a5800000|  0%| F|  |TAMS 0x00000000a5700000| PB 0x00000000a5700000| Untracked 
|  74|0x00000000a5800000, 0x00000000a5800000, 0x00000000a5900000|  0%| F|  |TAMS 0x00000000a5800000| PB 0x00000000a5800000| Untracked 
|  75|0x00000000a5900000, 0x00000000a5900000, 0x00000000a5a00000|  0%| F|  |TAMS 0x00000000a5900000| PB 0x00000000a5900000| Untracked 
|  76|0x00000000a5a00000, 0x00000000a5a00000, 0x00000000a5b00000|  0%| F|  |TAMS 0x00000000a5a00000| PB 0x00000000a5a00000| Untracked 
|  77|0x00000000a5b00000, 0x00000000a5b00000, 0x00000000a5c00000|  0%| F|  |TAMS 0x00000000a5b00000| PB 0x00000000a5b00000| Untracked 
|  78|0x00000000a5c00000, 0x00000000a5c00000, 0x00000000a5d00000|  0%| F|  |TAMS 0x00000000a5c00000| PB 0x00000000a5c00000| Untracked 
|  79|0x00000000a5d00000, 0x00000000a5d00000, 0x00000000a5e00000|  0%| F|  |TAMS 0x00000000a5d00000| PB 0x00000000a5d00000| Untracked 
|  80|0x00000000a5e00000, 0x00000000a5e00000, 0x00000000a5f00000|  0%| F|  |TAMS 0x00000000a5e00000| PB 0x00000000a5e00000| Untracked 
|  81|0x00000000a5f00000, 0x00000000a6000000, 0x00000000a6000000|100%| S|CS|TAMS 0x00000000a5f00000| PB 0x00000000a5f00000| Complete 
|  82|0x00000000a6000000, 0x00000000a6100000, 0x00000000a6100000|100%| S|CS|TAMS 0x00000000a6000000| PB 0x00000000a6000000| Complete 
|  83|0x00000000a6100000, 0x00000000a6131bd0, 0x00000000a6200000| 19%| E|  |TAMS 0x00000000a6100000| PB 0x00000000a6100000| Complete 
|  84|0x00000000a6200000, 0x00000000a6300000, 0x00000000a6300000|100%| E|CS|TAMS 0x00000000a6200000| PB 0x00000000a6200000| Complete 
|  85|0x00000000a6300000, 0x00000000a6400000, 0x00000000a6400000|100%| E|CS|TAMS 0x00000000a6300000| PB 0x00000000a6300000| Complete 
|  86|0x00000000a6400000, 0x00000000a6500000, 0x00000000a6500000|100%| E|CS|TAMS 0x00000000a6400000| PB 0x00000000a6400000| Complete 
|  87|0x00000000a6500000, 0x00000000a6600000, 0x00000000a6600000|100%| E|CS|TAMS 0x00000000a6500000| PB 0x00000000a6500000| Complete 
|  88|0x00000000a6600000, 0x00000000a6700000, 0x00000000a6700000|100%| E|CS|TAMS 0x00000000a6600000| PB 0x00000000a6600000| Complete 
|  89|0x00000000a6700000, 0x00000000a6800000, 0x00000000a6800000|100%| E|CS|TAMS 0x00000000a6700000| PB 0x00000000a6700000| Complete 
|  90|0x00000000a6800000, 0x00000000a6900000, 0x00000000a6900000|100%| E|CS|TAMS 0x00000000a6800000| PB 0x00000000a6800000| Complete 
|  91|0x00000000a6900000, 0x00000000a6a00000, 0x00000000a6a00000|100%| E|CS|TAMS 0x00000000a6900000| PB 0x00000000a6900000| Complete 
|  92|0x00000000a6a00000, 0x00000000a6b00000, 0x00000000a6b00000|100%| E|CS|TAMS 0x00000000a6a00000| PB 0x00000000a6a00000| Complete 
|  93|0x00000000a6b00000, 0x00000000a6c00000, 0x00000000a6c00000|100%| E|CS|TAMS 0x00000000a6b00000| PB 0x00000000a6b00000| Complete 
|  94|0x00000000a6c00000, 0x00000000a6d00000, 0x00000000a6d00000|100%| E|CS|TAMS 0x00000000a6c00000| PB 0x00000000a6c00000| Complete 
|  95|0x00000000a6d00000, 0x00000000a6e00000, 0x00000000a6e00000|100%| E|CS|TAMS 0x00000000a6d00000| PB 0x00000000a6d00000| Complete 

Card table byte_map: [0x000001d7f85f0000,0x000001d7f88f0000] _byte_map_base: 0x000001d7f80e9000

Marking Bits: (CMBitMap*) 0x000001d7e59a60f0
 Bits: [0x000001d7f88f0000, 0x000001d7fa0b8000)

Polling page: 0x000001d7e3730000

Metaspace:

Usage:
  Non-class:      7.53 MB used.
      Class:    936.69 KB used.
       Both:      8.45 MB used.

Virtual space:
  Non-class space:       64.00 MB reserved,       7.62 MB ( 12%) committed,  1 nodes.
      Class space:        1.00 GB reserved,       1.00 MB ( <1%) committed,  1 nodes.
             Both:        1.06 GB reserved,       8.62 MB ( <1%) committed. 

Chunk freelists:
   Non-Class:  8.23 MB
       Class:  15.04 MB
        Both:  23.27 MB

MaxMetaspaceSize: unlimited
CompressedClassSpaceSize: 1.00 GB
Initial GC threshold: 21.00 MB
Current GC threshold: 21.00 MB
CDS: on
 - commit_granule_bytes: 65536.
 - commit_granule_words: 8192.
 - virtual_space_node_default_size: 8388608.
 - enlarge_chunks_in_place: 1.
 - use_allocation_guard: 0.


Internal statistics:

num_allocs_failed_limit: 0.
num_arena_births: 150.
num_arena_deaths: 0.
num_vsnodes_births: 2.
num_vsnodes_deaths: 0.
num_space_committed: 138.
num_space_uncommitted: 0.
num_chunks_returned_to_freelist: 0.
num_chunks_taken_from_freelist: 194.
num_chunk_merges: 0.
num_chunk_splits: 111.
num_chunks_enlarged: 42.
num_inconsistent_stats: 0.

CodeHeap 'non-profiled nmethods': size=120000Kb used=350Kb max_used=350Kb free=119649Kb
 bounds [0x000001d7f0dc0000, 0x000001d7f1030000, 0x000001d7f82f0000]
CodeHeap 'profiled nmethods': size=120000Kb used=2097Kb max_used=2097Kb free=117903Kb
 bounds [0x000001d7e92f0000, 0x000001d7e9560000, 0x000001d7f0820000]
CodeHeap 'non-nmethods': size=5760Kb used=1586Kb max_used=1586Kb free=4174Kb
 bounds [0x000001d7f0820000, 0x000001d7f0a90000, 0x000001d7f0dc0000]
 total_blobs=1873 nmethods=1226 adapters=552
 compilation: enabled
              stopped_count=0, restarted_count=0
 full_count=0

Compilation events (20 events):
Event: 2.432 Thread 0x000001d7fc55a130 nmethod 1215 0x000001d7f0e16d10 code [0x000001d7f0e16ea0, 0x000001d7f0e16fc8]
Event: 2.432 Thread 0x000001d7fc55a130 1216       4       java.nio.ByteBuffer::flip (7 bytes)
Event: 2.432 Thread 0x000001d7fc5bafe0 1217       3       java.io.RandomAccessFile$1::close (11 bytes)
Event: 2.433 Thread 0x000001d7fc55a130 nmethod 1216 0x000001d7f0e17110 code [0x000001d7f0e172a0, 0x000001d7f0e17340]
Event: 2.433 Thread 0x000001d7fc5bafe0 nmethod 1217 0x000001d7e94f7590 code [0x000001d7e94f7780, 0x000001d7e94f7cb0]
Event: 2.433 Thread 0x000001d7fc5bafe0 1218       3       java.lang.StringUTF16::newBytesFor (61 bytes)
Event: 2.434 Thread 0x000001d7fc5bafe0 nmethod 1218 0x000001d7e94f7e90 code [0x000001d7e94f8100, 0x000001d7e94f8930]
Event: 2.437 Thread 0x000001d7fc5bafe0 1219       3       java.lang.StringUTF16::hashCode (52 bytes)
Event: 2.437 Thread 0x000001d7fc5bafe0 nmethod 1219 0x000001d7e94f8c90 code [0x000001d7e94f8e60, 0x000001d7e94f9070]
Event: 2.440 Thread 0x000001d7fc55a130 1220       4       java.nio.MappedByteBuffer::position (6 bytes)
Event: 2.441 Thread 0x000001d7fc55a130 nmethod 1220 0x000001d7f0e17410 code [0x000001d7f0e175a0, 0x000001d7f0e176b0]
Event: 2.444 Thread 0x000001d7fc55a130 1221   !   4       sun.font.TrueTypeFont::getTableBuffer (208 bytes)
Event: 2.460 Thread 0x000001d7fc5bafe0 1224   !   3       sun.font.TrueTypeFont::getAllFullNames (30 bytes)
Event: 2.461 Thread 0x000001d7fc5bafe0 nmethod 1224 0x000001d7e94f9110 code [0x000001d7e94f9340, 0x000001d7e94f9c28]
Event: 2.461 Thread 0x000001d7fc5bafe0 1226  s    3       sun.font.FontFamily::addLocaleNames (45 bytes)
Event: 2.463 Thread 0x000001d7fc5bafe0 nmethod 1226 0x000001d7e94f9f10 code [0x000001d7e94fa140, 0x000001d7e94fa9b8]
Event: 2.463 Thread 0x000001d7fc5bafe0 1225   !   3       sun.font.TrueTypeFont::getAllFamilyNames (30 bytes)
Event: 2.464 Thread 0x000001d7fc5bafe0 nmethod 1225 0x000001d7e94fac90 code [0x000001d7e94faec0, 0x000001d7e94fb7a8]
Event: 2.489 Thread 0x000001d7fc5bafe0 1227       3       java.awt.Component::getParent (5 bytes)
Event: 2.489 Thread 0x000001d7fc5bafe0 nmethod 1227 0x000001d7e94fba90 code [0x000001d7e94fbc20, 0x000001d7e94fbd40]

GC Heap History (2 events):
Event: 1.244 GC heap before
{Heap before GC invocations=0 (full 0):
 garbage-first heap   total 98304K, used 21504K [0x00000000a0e00000, 0x0000000100000000)
  region size 1024K, 13 young (13312K), 0 survivors (0K)
 Metaspace       used 5016K, committed 5312K, reserved 1114112K
  class space    used 509K, committed 640K, reserved 1048576K
}
Event: 1.254 GC heap after
{Heap after GC invocations=1 (full 0):
 garbage-first heap   total 98304K, used 11496K [0x00000000a0e00000, 0x0000000100000000)
  region size 1024K, 2 young (2048K), 2 survivors (2048K)
 Metaspace       used 5016K, committed 5312K, reserved 1114112K
  class space    used 509K, committed 640K, reserved 1048576K
}

Dll operation events (10 events):
Event: 0.029 Loaded shared library D:\Eclipse\eclipse\plugins\org.eclipse.justj.openjdk.hotspot.jre.full.win32.x86_64_21.0.6.v20250130-0529\jre\bin\java.dll
Event: 0.101 Loaded shared library D:\Eclipse\eclipse\plugins\org.eclipse.justj.openjdk.hotspot.jre.full.win32.x86_64_21.0.6.v20250130-0529\jre\bin\zip.dll
Event: 0.231 Loaded shared library D:\Eclipse\eclipse\plugins\org.eclipse.justj.openjdk.hotspot.jre.full.win32.x86_64_21.0.6.v20250130-0529\jre\bin\jimage.dll
Event: 0.250 Loaded shared library D:\Eclipse\eclipse\plugins\org.eclipse.justj.openjdk.hotspot.jre.full.win32.x86_64_21.0.6.v20250130-0529\jre\bin\zip.dll
Event: 0.276 Loaded shared library D:\Eclipse\eclipse\plugins\org.eclipse.justj.openjdk.hotspot.jre.full.win32.x86_64_21.0.6.v20250130-0529\jre\bin\net.dll
Event: 0.282 Loaded shared library D:\Eclipse\eclipse\plugins\org.eclipse.justj.openjdk.hotspot.jre.full.win32.x86_64_21.0.6.v20250130-0529\jre\bin\nio.dll
Event: 0.402 Loaded shared library D:\Eclipse\eclipse\plugins\org.eclipse.justj.openjdk.hotspot.jre.full.win32.x86_64_21.0.6.v20250130-0529\jre\bin\awt.dll
Event: 1.168 Loaded shared library D:\Eclipse\eclipse\plugins\org.eclipse.justj.openjdk.hotspot.jre.full.win32.x86_64_21.0.6.v20250130-0529\jre\bin\javajpeg.dll
Event: 1.408 Loaded shared library D:\Eclipse\eclipse\plugins\org.eclipse.justj.openjdk.hotspot.jre.full.win32.x86_64_21.0.6.v20250130-0529\jre\bin\freetype.dll
Event: 1.411 Loaded shared library D:\Eclipse\eclipse\plugins\org.eclipse.justj.openjdk.hotspot.jre.full.win32.x86_64_21.0.6.v20250130-0529\jre\bin\fontmanager.dll

Deoptimization events (20 events):
Event: 1.428 Thread 0x000001d7e37a1190 Uncommon trap: trap_request=0xffffff45 fr.pc=0x000001d7f0df08f4 relative=0x00000000000001d4
Event: 1.428 Thread 0x000001d7e37a1190 Uncommon trap: reason=unstable_if action=reinterpret pc=0x000001d7f0df08f4 method=java.lang.StringUTF16.compress([CI[BII)I @ 20 c2
Event: 1.428 Thread 0x000001d7e37a1190 DEOPT PACKING pc=0x000001d7f0df08f4 sp=0x00000033008fd830
Event: 1.428 Thread 0x000001d7e37a1190 DEOPT UNPACKING pc=0x000001d7f08746a2 sp=0x00000033008fd7a0 mode 2
Event: 1.645 Thread 0x000001d7fce5b5f0 Uncommon trap: trap_request=0xffffff45 fr.pc=0x000001d7f0e02744 relative=0x0000000000000a04
Event: 1.646 Thread 0x000001d7fce5b5f0 Uncommon trap: reason=unstable_if action=reinterpret pc=0x000001d7f0e02744 method=java.util.HashMap.putVal(ILjava/lang/Object;Ljava/lang/Object;ZZ)Ljava/lang/Object; @ 181 c2
Event: 1.646 Thread 0x000001d7fce5b5f0 DEOPT PACKING pc=0x000001d7f0e02744 sp=0x00000033027fce70
Event: 1.646 Thread 0x000001d7fce5b5f0 DEOPT UNPACKING pc=0x000001d7f08746a2 sp=0x00000033027fce10 mode 2
Event: 2.385 Thread 0x000001d7fce5b5f0 Uncommon trap: trap_request=0xffffff45 fr.pc=0x000001d7f0dcc8d4 relative=0x00000000000000b4
Event: 2.385 Thread 0x000001d7fce5b5f0 Uncommon trap: reason=unstable_if action=reinterpret pc=0x000001d7f0dcc8d4 method=java.lang.String.hashCode()I @ 20 c2
Event: 2.385 Thread 0x000001d7fce5b5f0 DEOPT PACKING pc=0x000001d7f0dcc8d4 sp=0x00000033027fcc50
Event: 2.385 Thread 0x000001d7fce5b5f0 DEOPT UNPACKING pc=0x000001d7f08746a2 sp=0x00000033027fcbe0 mode 2
Event: 2.385 Thread 0x000001d7fce5b5f0 Uncommon trap: trap_request=0xffffff45 fr.pc=0x000001d7f0dcd530 relative=0x0000000000000190
Event: 2.385 Thread 0x000001d7fce5b5f0 Uncommon trap: reason=unstable_if action=reinterpret pc=0x000001d7f0dcd530 method=jdk.internal.util.ArraysSupport.vectorizedHashCode(Ljava/lang/Object;IIII)I @ 2 c2
Event: 2.385 Thread 0x000001d7fce5b5f0 DEOPT PACKING pc=0x000001d7f0dcd530 sp=0x00000033027fcb50
Event: 2.385 Thread 0x000001d7fce5b5f0 DEOPT UNPACKING pc=0x000001d7f08746a2 sp=0x00000033027fcb00 mode 2
Event: 2.424 Thread 0x000001d7fce5b5f0 Uncommon trap: trap_request=0xffffff45 fr.pc=0x000001d7f0e14d80 relative=0x0000000000000420
Event: 2.424 Thread 0x000001d7fce5b5f0 Uncommon trap: reason=unstable_if action=reinterpret pc=0x000001d7f0e14d80 method=java.lang.Character.isSurrogate(C)Z @ 3 c2
Event: 2.424 Thread 0x000001d7fce5b5f0 DEOPT PACKING pc=0x000001d7f0e14d80 sp=0x00000033027fc810
Event: 2.424 Thread 0x000001d7fce5b5f0 DEOPT UNPACKING pc=0x000001d7f08746a2 sp=0x00000033027fc728 mode 2

Classes loaded (20 events):
Event: 1.825 Loading class sun/font/SunFontManager$9
Event: 1.825 Loading class sun/font/SunFontManager$9 done
Event: 2.398 Loading class java/lang/foreign/MemorySegment
Event: 2.398 Loading class java/lang/foreign/MemorySegment done
Event: 2.483 Loading class javax/swing/text/SegmentCache
Event: 2.483 Loading class javax/swing/text/SegmentCache done
Event: 2.484 Loading class javax/swing/text/SegmentCache$CachedSegment
Event: 2.484 Loading class javax/swing/text/Segment
Event: 2.484 Loading class java/text/CharacterIterator
Event: 2.484 Loading class java/text/CharacterIterator done
Event: 2.484 Loading class javax/swing/text/Segment done
Event: 2.484 Loading class javax/swing/text/SegmentCache$CachedSegment done
Event: 2.484 Loading class javax/swing/text/Utilities
Event: 2.484 Loading class javax/swing/text/Utilities done
Event: 2.487 Loading class javax/swing/event/ChangeEvent
Event: 2.488 Loading class javax/swing/event/ChangeEvent done
Event: 2.488 Loading class java/applet/Applet
Event: 2.488 Loading class java/awt/Panel
Event: 2.488 Loading class java/awt/Panel done
Event: 2.488 Loading class java/applet/Applet done

Classes unloaded (0 events):
No events

Classes redefined (0 events):
No events

Internal exceptions (11 events):
Event: 0.371 Thread 0x000001d7e37a1190 Exception <a 'java/lang/ClassNotFoundException'{0x00000000a6a3df10}: sun/awt/resources/spi/awtProvider> (0x00000000a6a3df10) 
thrown [s\src\hotspot\share\classfile\systemDictionary.cpp, line 312]
Event: 0.430 Thread 0x000001d7e37a1190 Exception <a 'java/io/FileNotFoundException'{0x00000000a6a9a0d8}> (0x00000000a6a9a0d8) 
thrown [s\src\hotspot\share\prims\jni.cpp, line 520]
Event: 0.446 Thread 0x000001d7e37a1190 Exception <a 'java/io/FileNotFoundException'{0x00000000a6ac4ae0}> (0x00000000a6ac4ae0) 
thrown [s\src\hotspot\share\prims\jni.cpp, line 520]
Event: 0.915 Thread 0x000001d7e37a1190 Exception <a 'java/lang/NoSuchMethodError'{0x00000000a69e6e50}: 'void java.lang.invoke.DirectMethodHandle$Holder.invokeSpecial(java.lang.Object, java.lang.Object, java.lang.Object)'> (0x00000000a69e6e50) 
thrown [s\src\hotspot\share\interpreter\linkResolver.cpp, line 773]
Event: 0.935 Thread 0x000001d7e37a1190 Exception <a 'java/lang/NoSuchMethodError'{0x00000000a680d658}: 'java.lang.Object java.lang.invoke.DirectMethodHandle$Holder.newInvokeSpecial(java.lang.Object, java.lang.Object, java.lang.Object, java.lang.Object, java.lang.Object)'> (0x00000000a680d658) 
thrown [s\src\hotspot\share\interpreter\linkResolver.cpp, line 773]
Event: 0.950 Thread 0x000001d7e37a1190 Exception <a 'java/lang/NoSuchMethodError'{0x00000000a683a138}: 'java.lang.Object java.lang.invoke.DirectMethodHandle$Holder.invokeStatic(java.lang.Object, int, java.lang.Object)'> (0x00000000a683a138) 
thrown [s\src\hotspot\share\interpreter\linkResolver.cpp, line 773]
Event: 0.998 Thread 0x000001d7e37a1190 Exception <a 'java/lang/ClassNotFoundException'{0x00000000a68dcbb0}: com/sun/swing/internal/plaf/metal/resources/spi/metalProvider> (0x00000000a68dcbb0) 
thrown [s\src\hotspot\share\classfile\systemDictionary.cpp, line 312]
Event: 1.000 Thread 0x000001d7e37a1190 Exception <a 'java/lang/ClassNotFoundException'{0x00000000a68e0b60}: com/sun/swing/internal/plaf/basic/resources/spi/basicProvider> (0x00000000a68e0b60) 
thrown [s\src\hotspot\share\classfile\systemDictionary.cpp, line 312]
Event: 1.018 Thread 0x000001d7e37a1190 Exception <a 'java/lang/NoSuchMethodError'{0x00000000a6700dc0}: 'int java.lang.invoke.Invokers$Holder.invokeExact_MT(java.lang.Object, java.lang.Object)'> (0x00000000a6700dc0) 
thrown [s\src\hotspot\share\interpreter\linkResolver.cpp, line 773]
Event: 1.171 Thread 0x000001d7fcd720c0 Exception <a 'java/lang/NoSuchMethodError'{0x00000000a66f1098}: 'java.lang.Object java.lang.invoke.DirectMethodHandle$Holder.newInvokeSpecial(java.lang.Object, java.lang.Object, java.lang.Object, int, int, int, int, int)'> (0x00000000a66f1098) 
thrown [s\src\hotspot\share\interpreter\linkResolver.cpp, line 773]
Event: 1.399 Thread 0x000001d7e37a1190 Exception <a 'java/lang/NoSuchMethodError'{0x00000000a6a12240}: 'void java.lang.invoke.DirectMethodHandle$Holder.invokeStaticInit(java.lang.Object)'> (0x00000000a6a12240) 
thrown [s\src\hotspot\share\interpreter\linkResolver.cpp, line 773]

ZGC Phase Switch (0 events):
No events

VM Operations (20 events):
Event: 0.478 Executing VM operation: HandshakeAllThreads (Deoptimize)
Event: 0.478 Executing VM operation: HandshakeAllThreads (Deoptimize) done
Event: 0.997 Executing VM operation: HandshakeAllThreads (Deoptimize)
Event: 0.997 Executing VM operation: HandshakeAllThreads (Deoptimize) done
Event: 1.132 Executing VM operation: HandshakeAllThreads (Deoptimize)
Event: 1.132 Executing VM operation: HandshakeAllThreads (Deoptimize) done
Event: 1.132 Executing VM operation: Cleanup
Event: 1.132 Executing VM operation: Cleanup done
Event: 1.223 Executing VM operation: HandshakeAllThreads (Deoptimize)
Event: 1.223 Executing VM operation: HandshakeAllThreads (Deoptimize) done
Event: 1.244 Executing VM operation: G1CollectForAllocation (G1 Evacuation Pause)
Event: 1.254 Executing VM operation: G1CollectForAllocation (G1 Evacuation Pause) done
Event: 1.315 Executing VM operation: HandshakeAllThreads (Deoptimize)
Event: 1.315 Executing VM operation: HandshakeAllThreads (Deoptimize) done
Event: 1.324 Executing VM operation: HandshakeAllThreads (Deoptimize)
Event: 1.324 Executing VM operation: HandshakeAllThreads (Deoptimize) done
Event: 1.330 Executing VM operation: HandshakeAllThreads (Deoptimize)
Event: 1.330 Executing VM operation: HandshakeAllThreads (Deoptimize) done
Event: 2.331 Executing VM operation: Cleanup
Event: 2.331 Executing VM operation: Cleanup done

Memory protections (0 events):
No events

Nmethod flushes (0 events):
No events

Events (19 events):
Event: 0.066 Thread 0x000001d7e37a1190 Thread added: 0x000001d7e37a1190
Event: 0.105 Thread 0x000001d7e37a1190 Thread added: 0x000001d7fc54feb0
Event: 0.106 Thread 0x000001d7e37a1190 Thread added: 0x000001d7fc551640
Event: 0.107 Thread 0x000001d7e37a1190 Thread added: 0x000001d7fc555dc0
Event: 0.107 Thread 0x000001d7e37a1190 Thread added: 0x000001d7fc556a70
Event: 0.107 Thread 0x000001d7e37a1190 Thread added: 0x000001d7fc557950
Event: 0.107 Thread 0x000001d7e37a1190 Thread added: 0x000001d7fc5593b0
Event: 0.108 Thread 0x000001d7e37a1190 Thread added: 0x000001d7fc55a130
Event: 0.112 Thread 0x000001d7e37a1190 Thread added: 0x000001d7fc5bafe0
Event: 0.194 Thread 0x000001d7e37a1190 Thread added: 0x000001d7fc69f6f0
Event: 0.198 Thread 0x000001d7e37a1190 Thread added: 0x000001d7fc6a5f30
Event: 0.608 Thread 0x000001d7e37a1190 Thread added: 0x000001d7fcb4b700
Event: 0.611 Thread 0x000001d7e37a1190 Thread added: 0x000001d7fcb54d80
Event: 0.614 Thread 0x000001d7e37a1190 Thread added: 0x000001d7fcb553e0
Event: 1.032 Thread 0x000001d7e37a1190 Thread added: 0x000001d7fcd720c0
Event: 1.395 Thread 0x000001d7e37a1190 Thread added: 0x000001d7fce5b5f0
Event: 1.604 Thread 0x000001d7e37a1190 Thread exited: 0x000001d7e37a1190
Event: 1.604 Thread 0x000001d7e37a1190 Thread added: 0x000001d7e37a1190
Event: 1.620 Thread 0x000001d7fce5b5f0 Thread added: 0x000001d7fc6bf6b0


Dynamic libraries:
0x00007ff777660000 - 0x00007ff77766e000 	D:\Eclipse\eclipse\plugins\org.eclipse.justj.openjdk.hotspot.jre.full.win32.x86_64_21.0.6.v20250130-0529\jre\bin\javaw.exe
0x00007ffeeaf30000 - 0x00007ffeeb147000 	C:\Windows\SYSTEM32\ntdll.dll
0x00007ffee9ce0000 - 0x00007ffee9da4000 	C:\Windows\System32\KERNEL32.DLL
0x00007ffee85c0000 - 0x00007ffee8977000 	C:\Windows\System32\KERNELBASE.dll
0x00007ffee8a20000 - 0x00007ffee8b31000 	C:\Windows\System32\ucrtbase.dll
0x00007ffedeba0000 - 0x00007ffedebb8000 	D:\Eclipse\eclipse\plugins\org.eclipse.justj.openjdk.hotspot.jre.full.win32.x86_64_21.0.6.v20250130-0529\jre\bin\jli.dll
0x00007ffee1240000 - 0x00007ffee125e000 	D:\Eclipse\eclipse\plugins\org.eclipse.justj.openjdk.hotspot.jre.full.win32.x86_64_21.0.6.v20250130-0529\jre\bin\VCRUNTIME140.dll
0x00007ffeea670000 - 0x00007ffeea81f000 	C:\Windows\System32\USER32.dll
0x00007ffee8980000 - 0x00007ffee89a6000 	C:\Windows\System32\win32u.dll
0x00007ffecfa30000 - 0x00007ffecfcc3000 	C:\Windows\WinSxS\amd64_microsoft.windows.common-controls_6595b64144ccf1df_6.0.22621.3672_none_2713b9d173822955\COMCTL32.dll
0x00007ffeea590000 - 0x00007ffeea5b9000 	C:\Windows\System32\GDI32.dll
0x00007ffeea5c0000 - 0x00007ffeea667000 	C:\Windows\System32\msvcrt.dll
0x00007ffee8b40000 - 0x00007ffee8c58000 	C:\Windows\System32\gdi32full.dll
0x00007ffee8470000 - 0x00007ffee850a000 	C:\Windows\System32\msvcp_win.dll
0x00007ffee9db0000 - 0x00007ffee9de1000 	C:\Windows\System32\IMM32.DLL
0x00007ffee1190000 - 0x00007ffee119c000 	D:\Eclipse\eclipse\plugins\org.eclipse.justj.openjdk.hotspot.jre.full.win32.x86_64_21.0.6.v20250130-0529\jre\bin\vcruntime140_1.dll
0x00007ffec0f50000 - 0x00007ffec0fdd000 	D:\Eclipse\eclipse\plugins\org.eclipse.justj.openjdk.hotspot.jre.full.win32.x86_64_21.0.6.v20250130-0529\jre\bin\msvcp140.dll
0x00007ffe88120000 - 0x00007ffe88eb0000 	D:\Eclipse\eclipse\plugins\org.eclipse.justj.openjdk.hotspot.jre.full.win32.x86_64_21.0.6.v20250130-0529\jre\bin\server\jvm.dll
0x00007ffee95d0000 - 0x00007ffee9682000 	C:\Windows\System32\ADVAPI32.dll
0x00007ffee9770000 - 0x00007ffee9818000 	C:\Windows\System32\sechost.dll
0x00007ffee8510000 - 0x00007ffee8538000 	C:\Windows\System32\bcrypt.dll
0x00007ffee9a00000 - 0x00007ffee9b14000 	C:\Windows\System32\RPCRT4.dll
0x00007ffee9550000 - 0x00007ffee95c1000 	C:\Windows\System32\WS2_32.dll
0x00007ffee1320000 - 0x00007ffee1354000 	C:\Windows\SYSTEM32\WINMM.dll
0x00007ffee8110000 - 0x00007ffee815d000 	C:\Windows\SYSTEM32\POWRPROF.dll
0x00007ffede6d0000 - 0x00007ffede6da000 	C:\Windows\SYSTEM32\VERSION.dll
0x00007ffee80f0000 - 0x00007ffee8103000 	C:\Windows\SYSTEM32\UMPDC.dll
0x00007ffee7260000 - 0x00007ffee7278000 	C:\Windows\SYSTEM32\kernel.appcore.dll
0x00007ffec0db0000 - 0x00007ffec0dba000 	D:\Eclipse\eclipse\plugins\org.eclipse.justj.openjdk.hotspot.jre.full.win32.x86_64_21.0.6.v20250130-0529\jre\bin\jimage.dll
0x00007ffedb3b0000 - 0x00007ffedb5e2000 	C:\Windows\SYSTEM32\DBGHELP.DLL
0x00007ffeea820000 - 0x00007ffeeabae000 	C:\Windows\System32\combase.dll
0x00007ffee9690000 - 0x00007ffee9767000 	C:\Windows\System32\OLEAUT32.dll
0x00007ffecf1e0000 - 0x00007ffecf212000 	C:\Windows\SYSTEM32\dbgcore.DLL
0x00007ffee8540000 - 0x00007ffee85bb000 	C:\Windows\System32\bcryptPrimitives.dll
0x00007ffec0d00000 - 0x00007ffec0d1f000 	D:\Eclipse\eclipse\plugins\org.eclipse.justj.openjdk.hotspot.jre.full.win32.x86_64_21.0.6.v20250130-0529\jre\bin\java.dll
0x00007ffee8ce0000 - 0x00007ffee9549000 	C:\Windows\System32\SHELL32.dll
0x00007ffee6160000 - 0x00007ffee6a5f000 	C:\Windows\SYSTEM32\windows.storage.dll
0x00007ffee6020000 - 0x00007ffee615f000 	C:\Windows\SYSTEM32\wintypes.dll
0x00007ffee98a0000 - 0x00007ffee9999000 	C:\Windows\System32\SHCORE.dll
0x00007ffeea050000 - 0x00007ffeea0ae000 	C:\Windows\System32\shlwapi.dll
0x00007ffee8170000 - 0x00007ffee8197000 	C:\Windows\SYSTEM32\profapi.dll
0x00007ffec0ad0000 - 0x00007ffec0ae8000 	D:\Eclipse\eclipse\plugins\org.eclipse.justj.openjdk.hotspot.jre.full.win32.x86_64_21.0.6.v20250130-0529\jre\bin\zip.dll
0x00007ffec0cf0000 - 0x00007ffec0d00000 	D:\Eclipse\eclipse\plugins\org.eclipse.justj.openjdk.hotspot.jre.full.win32.x86_64_21.0.6.v20250130-0529\jre\bin\net.dll
0x00007ffee17b0000 - 0x00007ffee18e6000 	C:\Windows\SYSTEM32\WINHTTP.dll
0x00007ffee76e0000 - 0x00007ffee7749000 	C:\Windows\system32\mswsock.dll
0x00007ffeab480000 - 0x00007ffeab496000 	D:\Eclipse\eclipse\plugins\org.eclipse.justj.openjdk.hotspot.jre.full.win32.x86_64_21.0.6.v20250130-0529\jre\bin\nio.dll
0x00007ffea9f60000 - 0x00007ffeaa0ee000 	D:\Eclipse\eclipse\plugins\org.eclipse.justj.openjdk.hotspot.jre.full.win32.x86_64_21.0.6.v20250130-0529\jre\bin\awt.dll
0x00007ffee4480000 - 0x00007ffee4517000 	C:\Windows\SYSTEM32\apphelp.dll
0x00007ffee59a0000 - 0x00007ffee59cb000 	C:\Windows\system32\DWMAPI.DLL
0x00007ffee5760000 - 0x00007ffee5811000 	C:\Windows\system32\uxtheme.dll
0x00007ffe9c1f0000 - 0x00007ffe9c2f0000 	C:\Windows\system32\opengl32.dll
0x00007ffeaefa0000 - 0x00007ffeaefcd000 	C:\Windows\SYSTEM32\GLU32.dll
0x00007ffee5850000 - 0x00007ffee5887000 	C:\Windows\SYSTEM32\dxcore.dll
0x00007ffeeabb0000 - 0x00007ffeead10000 	C:\Windows\System32\MSCTF.dll
0x00007ffee9df0000 - 0x00007ffee9f95000 	C:\Windows\System32\ole32.dll
0x00007ffe99ff0000 - 0x00007ffe9a198000 	C:\Windows\system32\d3d9.dll
0x00007ffede6e0000 - 0x00007ffede898000 	C:\Windows\System32\DriverStore\FileRepository\u0376648.inf_amd64_10263edfe9a1aa63\B374868\aticfx64.dll
0x00007ffeac970000 - 0x00007ffeac9a4000 	C:\Windows\System32\DriverStore\FileRepository\u0376648.inf_amd64_10263edfe9a1aa63\B374868\atiu9p64.dll
0x00007ffe93360000 - 0x00007ffe940b4000 	C:\Windows\System32\DriverStore\FileRepository\u0376648.inf_amd64_10263edfe9a1aa63\B374868\atiumd64.dll
0x00000000542d0000 - 0x0000000055143000 	C:\Windows\System32\DriverStore\FileRepository\u0376648.inf_amd64_10263edfe9a1aa63\B374868\atiumd6a.dll
0x00007ffeea110000 - 0x00007ffeea584000 	C:\Windows\System32\SETUPAPI.dll
0x00007ffedc570000 - 0x00007ffedc5a0000 	C:\Windows\SYSTEM32\amdihk64.dll
0x00007ffee0a90000 - 0x00007ffee0ad9000 	C:\Windows\SYSTEM32\directxdatabasehelper.dll
0x00007ffee1720000 - 0x00007ffee174e000 	D:\Eclipse\eclipse\plugins\org.eclipse.justj.openjdk.hotspot.jre.full.win32.x86_64_21.0.6.v20250130-0529\jre\bin\javajpeg.dll
0x00007ffeaab10000 - 0x00007ffeaab97000 	D:\Eclipse\eclipse\plugins\org.eclipse.justj.openjdk.hotspot.jre.full.win32.x86_64_21.0.6.v20250130-0529\jre\bin\freetype.dll
0x00007ffeaa810000 - 0x00007ffeaa8eb000 	D:\Eclipse\eclipse\plugins\org.eclipse.justj.openjdk.hotspot.jre.full.win32.x86_64_21.0.6.v20250130-0529\jre\bin\fontmanager.dll
0x00007ffee9fa0000 - 0x00007ffeea050000 	C:\Windows\System32\clbcatq.dll
0x00007ffee5540000 - 0x00007ffee56f1000 	C:\Windows\SYSTEM32\WindowsCodecs.dll
0x00007ffebd760000 - 0x00007ffebd7be000 	C:\Windows\system32\dataexchange.dll
0x00007ffedf370000 - 0x00007ffedf612000 	C:\Windows\system32\twinapi.appcore.dll
0x00007ffed1a80000 - 0x00007ffed1bc3000 	C:\Windows\SYSTEM32\textinputframework.dll

dbghelp: loaded successfully - version: 4.0.5 - missing functions: none
symbol engine: initialized successfully - sym options: 0x614 - pdb path: .;D:\Eclipse\eclipse\plugins\org.eclipse.justj.openjdk.hotspot.jre.full.win32.x86_64_21.0.6.v20250130-0529\jre\bin;C:\Windows\SYSTEM32;C:\Windows\WinSxS\amd64_microsoft.windows.common-controls_6595b64144ccf1df_6.0.22621.3672_none_2713b9d173822955;D:\Eclipse\eclipse\plugins\org.eclipse.justj.openjdk.hotspot.jre.full.win32.x86_64_21.0.6.v20250130-0529\jre\bin\server;C:\Windows\System32\DriverStore\FileRepository\u0376648.inf_amd64_10263edfe9a1aa63\B374868

VM Arguments:
jvm_args: -Dfile.encoding=UTF-8 -Dstdout.encoding=UTF-8 -Dstderr.encoding=UTF-8 -XX:+ShowCodeDetailsInExceptionMessages 
java_command: com.bank.deposit
java_class_path (initial): D:\Servers\ATMSimulation\build\classes;D:\Eclipse\apache-tomcat-11.0.7\lib\annotations-api.jar;D:\Eclipse\apache-tomcat-11.0.7\lib\catalina-ant.jar;D:\Eclipse\apache-tomcat-11.0.7\lib\catalina-ha.jar;D:\Eclipse\apache-tomcat-11.0.7\lib\catalina-ssi.jar;D:\Eclipse\apache-tomcat-11.0.7\lib\catalina-storeconfig.jar;D:\Eclipse\apache-tomcat-11.0.7\lib\catalina-tribes.jar;D:\Eclipse\apache-tomcat-11.0.7\lib\catalina.jar;D:\Eclipse\apache-tomcat-11.0.7\lib\ecj-4.35.jar;D:\Eclipse\apache-tomcat-11.0.7\lib\el-api.jar;D:\Eclipse\apache-tomcat-11.0.7\lib\jakartaee-migration-1.0.9-shaded.jar;D:\Eclipse\apache-tomcat-11.0.7\lib\jasper-el.jar;D:\Eclipse\apache-tomcat-11.0.7\lib\jasper.jar;D:\Eclipse\apache-tomcat-11.0.7\lib\jaspic-api.jar;D:\Eclipse\apache-tomcat-11.0.7\lib\jsp-api.jar;D:\Eclipse\apache-tomcat-11.0.7\lib\servlet-api.jar;D:\Eclipse\apache-tomcat-11.0.7\lib\tomcat-api.jar;D:\Eclipse\apache-tomcat-11.0.7\lib\tomcat-coyote-ffm.jar;D:\Eclipse\apache-tomcat-11.0.7\lib\tomcat-coyote.jar;D:\Eclipse\apache-tomcat-11.0.7\lib\tomcat-dbcp.jar;D:\Eclipse\apache-tomcat-11.0.7\lib\tomcat-i18n-cs.jar;D:\Eclipse\apache-tomcat-11.0.7\lib\tomcat-i18n-de.jar;D:\Eclipse\apache-tomcat-11.0.7\lib\tomcat-i18n-es.jar;D:\Eclipse\apache-tomcat-11.0.7\lib\tomcat-i18n-fr.jar;D:\Eclipse\apache-tomcat-11.0.7\lib\tomcat-i18n-ja.jar;D:\Eclipse\apache-tomcat-11.0.7\lib\tomcat-i18n-ko.jar;D:\Eclipse\apache-tomcat-11.0.7\lib\tomcat-i18n-pt-BR.jar;D:\Eclipse\apache-tomcat-11.0.7\lib\tomcat-i18n-ru.jar;D:\Eclipse\apache-tomcat-11.0.7\lib\tomcat-i18n-zh-CN.jar;D:\Eclipse\apache-tomcat-11.0.7\lib\tomcat-jdbc.jar;D:\Eclipse\apache-tomcat-11.0.7\lib\tomcat-jni.jar;D:\Eclipse\apache-tomcat-11.0.7\lib\tomcat-util-scan.jar;D:\Eclipse\apache-tomcat-11.0.7\lib\tomcat-util.jar;D:\Eclipse\apache-tomcat-11.0.7\lib\tomcat-websocket.jar;D:\Eclipse\apache-tomcat-11.0.7\lib\websocket-api.jar;D:\Eclipse\apache-tomcat-11.0.7\lib\websocket-client-api.jar;C:\Users\Harshil Gupta\Downloads\jcalendar-tz-1.3.3-4.jar;C:\Users\Harshil Gupta\Downloads\mysql-connector-j-9.3.0\mysql-connector-j-9.3.0\mysql-connector-j-9.3.0.jar
Launcher Type: SUN_STANDARD

[Global flags]
     intx CICompilerCount                          = 3                                         {product} {ergonomic}
     uint ConcGCThreads                            = 1                                         {product} {ergonomic}
     uint G1ConcRefinementThreads                  = 4                                         {product} {ergonomic}
   size_t G1HeapRegionSize                         = 1048576                                   {product} {ergonomic}
    uintx GCDrainStackTargetSize                   = 64                                        {product} {ergonomic}
   size_t InitialHeapSize                          = 100663296                                 {product} {ergonomic}
   size_t MarkStackSize                            = 4194304                                   {product} {ergonomic}
   size_t MaxHeapSize                              = 1595932672                                {product} {ergonomic}
   size_t MaxNewSize                               = 957349888                                 {product} {ergonomic}
   size_t MinHeapDeltaBytes                        = 1048576                                   {product} {ergonomic}
   size_t MinHeapSize                              = 8388608                                   {product} {ergonomic}
    uintx NonNMethodCodeHeapSize                   = 5832780                                {pd product} {ergonomic}
    uintx NonProfiledCodeHeapSize                  = 122912730                              {pd product} {ergonomic}
     bool PerfDisableSharedMem                     = true                                      {product} {ergonomic}
    uintx ProfiledCodeHeapSize                     = 122912730                              {pd product} {ergonomic}
    uintx ReservedCodeCacheSize                    = 251658240                              {pd product} {ergonomic}
     bool SegmentedCodeCache                       = true                                      {product} {ergonomic}
     bool ShowCodeDetailsInExceptionMessages       = true                                   {manageable} {command line}
   size_t SoftMaxHeapSize                          = 1595932672                             {manageable} {ergonomic}
     bool UseCompressedOops                        = true                           {product lp64_product} {ergonomic}
     bool UseG1GC                                  = true                                      {product} {ergonomic}
     bool UseLargePagesIndividualAllocation        = false                                  {pd product} {ergonomic}

Logging:
Log output configuration:
 #0: stdout all=warning uptime,level,tags foldmultilines=false
 #1: stderr all=off uptime,level,tags foldmultilines=false

Environment Variables:
JAVA_HOME=C:\Users\Harshil Gupta\AppData\Local\Programs\Eclipse Adoptium\jdk-17.0.9.9-hotspot\
PATH=D:/Eclipse/eclipse//plugins/org.eclipse.justj.openjdk.hotspot.jre.full.win32.x86_64_21.0.6.v20250130-0529/jre/bin/server;D:/Eclipse/eclipse//plugins/org.eclipse.justj.openjdk.hotspot.jre.full.win32.x86_64_21.0.6.v20250130-0529/jre/bin;C:\oraclexe\app\oracle\product\10.2.0\server\bin;C:\Program Files\Common Files\Oracle\Java\javapath;C:\Program Files (x86)\Common Files\Oracle\Java\java8path;C:\Program Files (x86)\Common Files\Oracle\Java\javapath;C:\Program Files\Python311\Scripts\;C:\Program Files\Python311\;C:\Windows\system32;C:\Windows;C:\Windows\System32\Wbem;C:\Windows\System32\WindowsPowerShell\v1.0\;C:\Windows\System32\OpenSSH\;C:\MinGW\bin;C:\Program Files\Git\cmd;C:\Program Files\Git\mingw64\bin;C:\Program Files\Git\usr\bin;C:\Program Files\MySQL\MySQL Server 8.0\bin;C:\ProgramData\chocolatey\bin;C:\Program Files\nodejs\;C:\Program Files\MySQL\MySQL Shell 8.0\bin\;C:\Users\Harshil Gupta\AppData\Local\Programs\Eclipse Adoptium\jdk-17.0.9.9-hotspot\bin;C:\Users\Harshil Gupta\AppData\Local\Microsoft\WindowsApps;;C:\Users\Harshil Gupta\AppData\Local\Programs\Microsoft VS Code\bin;C:\Users\Harshil Gupta\AppData\Local\Programs\mongosh\;C:\Users\Harshil Gupta\AppData\Roaming\npm;C:\Users\Harshil Gupta\OneDrive\Desktop;
USERNAME=Harshil Gupta
OS=Windows_NT
PROCESSOR_IDENTIFIER=AMD64 Family 23 Model 24 Stepping 1, AuthenticAMD
TMP=C:\Users\HARSHI~1\AppData\Local\Temp
TEMP=C:\Users\HARSHI~1\AppData\Local\Temp




Periodic native trim disabled

---------------  S Y S T E M  ---------------

OS:
 Windows 11 , 64 bit Build 22621 (10.0.22621.3958)
OS uptime: 2 days 6:47 hours
Hyper-V role detected

CPU: total 4 (initial active 4) (4 cores per cpu, 2 threads per core) family 23 model 24 stepping 1 microcode 0x0, cx8, cmov, fxsr, ht, mmx, 3dnowpref, sse, sse2, sse3, ssse3, sse4a, sse4.1, sse4.2, popcnt, lzcnt, tsc, tscinvbit, avx, avx2, aes, clmul, bmi1, bmi2, adx, sha, fma, vzeroupper, clflush, clflushopt, hv, rdtscp, f16c
Processor Information for the first 4 processors :
  Max Mhz: 2600, Current Mhz: 2600, Mhz Limit: 2600

Memory: 4k page, system-wide physical 6086M (534M free)
TotalPageFile size 24518M (AvailPageFile size 0M)
current process WorkingSet (physical memory assigned to process): 105M, peak: 105M
current process commit charge ("private bytes"): 223M, peak: 225M

vm_info: OpenJDK 64-Bit Server VM (21.0.6+7-LTS) for windows-amd64 JRE (21.0.6+7-LTS), built on 2025-01-21T00:00:00Z by "admin" with MS VC++ 17.7 (VS2022)

END.
