#
# There is insufficient memory for the Java Runtime Environment to continue.
# Native memory allocation (malloc) failed to allocate 102624 bytes. Error detail: Chunk::new
# Possible reasons:
#   The system is out of physical RAM or swap space
#   This process is running with CompressedOops enabled, and the Java Heap may be blocking the growth of the native heap
# Possible solutions:
#   Reduce memory load on the system
#   Increase physical memory or swap space
#   Check if swap backing store is full
#   Decrease Java heap size (-Xmx/-Xms)
#   Decrease number of Java threads
#   Decrease Java thread stack sizes (-Xss)
#   Set larger code cache with -XX:ReservedCodeCacheSize=
#   JVM is running with Unscaled Compressed Oops mode in which the Java heap is
#     placed in the first 4GB address space. The Java Heap base address is the
#     maximum limit for the native heap growth. Please use -XX:HeapBaseMinAddress
#     to set the Java Heap base and to place the Java Heap above 4GB virtual address.
# This output file may be truncated or incomplete.
#
#  Out of Memory Error (arena.cpp:168), pid=21244, tid=21104
#
# JRE version: OpenJDK Runtime Environment Temurin-21.0.6+7 (21.0.6+7) (build 21.0.6+7-LTS)
# Java VM: OpenJDK 64-Bit Server VM Temurin-21.0.6+7 (21.0.6+7-LTS, mixed mode, sharing, tiered, compressed oops, compressed class ptrs, g1 gc, windows-amd64)
# No core dump will be written. Minidumps are not enabled by default on client versions of Windows
#

---------------  S U M M A R Y ------------

Command Line: -Dfile.encoding=UTF-8 -Dstdout.encoding=UTF-8 -Dstderr.encoding=UTF-8 -XX:+ShowCodeDetailsInExceptionMessages com.bank.signupThree

Host: AMD Ryzen 3 3250U with Radeon Graphics         , 4 cores, 5G,  Windows 11 , 64 bit Build 22621 (10.0.22621.3958)
Time: Sun Jun 29 02:42:04 2025 India Standard Time elapsed time: 5499.948203 seconds (0d 1h 31m 39s)

---------------  T H R E A D  ---------------

Current thread (0x00000195e69df870):  JavaThread "C2 CompilerThread0" daemon [_thread_in_native, id=21104, stack(0x0000001a4c200000,0x0000001a4c300000) (1024K)]


Current CompileTask:
C2:5499948 1246 % !   4       sun.java2d.d3d.D3DScreenUpdateManager::run @ 0 (267 bytes)

Stack: [0x0000001a4c200000,0x0000001a4c300000]
Native frames: (J=compiled Java code, j=interpreted, Vv=VM code, C=native code)
V  [jvm.dll+0x6cdee9]
V  [jvm.dll+0x8a83d1]
V  [jvm.dll+0x8aa8fe]
V  [jvm.dll+0x8aafe3]
V  [jvm.dll+0x27f706]
V  [jvm.dll+0xc500d]
V  [jvm.dll+0xc5543]
V  [jvm.dll+0x3b678c]
V  [jvm.dll+0x1dfe13]
V  [jvm.dll+0x247b42]
V  [jvm.dll+0x246fcf]
V  [jvm.dll+0x1c75ee]
V  [jvm.dll+0x25685a]
V  [jvm.dll+0x254dfa]
V  [jvm.dll+0x3f0256]
V  [jvm.dll+0x851f8b]
V  [jvm.dll+0x6cc5ed]
C  [ucrtbase.dll+0x29333]
C  [KERNEL32.DLL+0x1257d]
C  [ntdll.dll+0x5af08]


---------------  P R O C E S S  ---------------

Threads class SMR info:
_java_thread_list=0x00000195eb3964a0, length=16, elements={
0x00000195e69cd8f0, 0x00000195e69d4ed0, 0x00000195e69d95d0, 0x00000195e69da630,
0x00000195e69dd090, 0x00000195e69deaf0, 0x00000195e69df870, 0x00000195e6a46360,
0x00000195e6b1d530, 0x00000195e6b23380, 0x00000195e6e63740, 0x00000195e6e6db30,
0x00000195e6e6e440, 0x00000195eb33c020, 0x00000195cd98e160, 0x00000195eb38ae30
}

Java Threads: ( => current thread )
  0x00000195e69cd8f0 JavaThread "Reference Handler"          daemon [_thread_blocked, id=21208, stack(0x0000001a4bc00000,0x0000001a4bd00000) (1024K)]
  0x00000195e69d4ed0 JavaThread "Finalizer"                  daemon [_thread_blocked, id=20108, stack(0x0000001a4bd00000,0x0000001a4be00000) (1024K)]
  0x00000195e69d95d0 JavaThread "Signal Dispatcher"          daemon [_thread_blocked, id=20068, stack(0x0000001a4be00000,0x0000001a4bf00000) (1024K)]
  0x00000195e69da630 JavaThread "Attach Listener"            daemon [_thread_blocked, id=18524, stack(0x0000001a4bf00000,0x0000001a4c000000) (1024K)]
  0x00000195e69dd090 JavaThread "Service Thread"             daemon [_thread_blocked, id=10976, stack(0x0000001a4c000000,0x0000001a4c100000) (1024K)]
  0x00000195e69deaf0 JavaThread "Monitor Deflation Thread"   daemon [_thread_blocked, id=20804, stack(0x0000001a4c100000,0x0000001a4c200000) (1024K)]
=>0x00000195e69df870 JavaThread "C2 CompilerThread0"         daemon [_thread_in_native, id=21104, stack(0x0000001a4c200000,0x0000001a4c300000) (1024K)]
  0x00000195e6a46360 JavaThread "C1 CompilerThread0"         daemon [_thread_blocked, id=19888, stack(0x0000001a4c300000,0x0000001a4c400000) (1024K)]
  0x00000195e6b1d530 JavaThread "Notification Thread"        daemon [_thread_blocked, id=18532, stack(0x0000001a4c400000,0x0000001a4c500000) (1024K)]
  0x00000195e6b23380 JavaThread "Common-Cleaner"             daemon [_thread_blocked, id=20404, stack(0x0000001a4c500000,0x0000001a4c600000) (1024K)]
  0x00000195e6e63740 JavaThread "Java2D Disposer"            daemon [_thread_blocked, id=21240, stack(0x0000001a4c700000,0x0000001a4c800000) (1024K)]
  0x00000195e6e6db30 JavaThread "AWT-Shutdown"                      [_thread_blocked, id=11644, stack(0x0000001a4c800000,0x0000001a4c900000) (1024K)]
  0x00000195e6e6e440 JavaThread "AWT-Windows"                daemon [_thread_in_native, id=20592, stack(0x0000001a4c900000,0x0000001a4ca00000) (1024K)]
  0x00000195eb33c020 JavaThread "AWT-EventQueue-0"                  [_thread_blocked, id=16412, stack(0x0000001a4d000000,0x0000001a4d100000) (1024K)]
  0x00000195cd98e160 JavaThread "DestroyJavaVM"                     [_thread_blocked, id=20380, stack(0x0000001a4b400000,0x0000001a4b500000) (1024K)]
  0x00000195eb38ae30 JavaThread "D3D Screen Updater"         daemon [_thread_blocked, id=20420, stack(0x0000001a4d100000,0x0000001a4d200000) (1024K)]
Total: 16

Other Threads:
  0x00000195e69b77f0 VMThread "VM Thread"                           [id=18868, stack(0x0000001a4bb00000,0x0000001a4bc00000) (1024K)]
  0x00000195e69a6150 WatcherThread "VM Periodic Task Thread"        [id=21112, stack(0x0000001a4ba00000,0x0000001a4bb00000) (1024K)]
  0x00000195cfe24050 WorkerThread "GC Thread#0"                     [id=21160, stack(0x0000001a4b500000,0x0000001a4b600000) (1024K)]
  0x00000195eb463970 WorkerThread "GC Thread#1"                     [id=20900, stack(0x0000001a4d200000,0x0000001a4d300000) (1024K)]
  0x00000195eb463d10 WorkerThread "GC Thread#2"                     [id=20796, stack(0x0000001a4d300000,0x0000001a4d400000) (1024K)]
  0x00000195eb3d3a10 WorkerThread "GC Thread#3"                     [id=20644, stack(0x0000001a4d400000,0x0000001a4d500000) (1024K)]
  0x00000195cfe31680 ConcurrentGCThread "G1 Main Marker"            [id=17788, stack(0x0000001a4b600000,0x0000001a4b700000) (1024K)]
  0x00000195cfe32180 WorkerThread "G1 Conc#0"                       [id=16556, stack(0x0000001a4b700000,0x0000001a4b800000) (1024K)]
  0x00000195cfe93e50 ConcurrentGCThread "G1 Refine#0"               [id=21116, stack(0x0000001a4b800000,0x0000001a4b900000) (1024K)]
  0x00000195cfe948d0 ConcurrentGCThread "G1 Service"                [id=21124, stack(0x0000001a4b900000,0x0000001a4ba00000) (1024K)]
Total: 10

Threads with active compile tasks:
C2 CompilerThread0  5499992 1246 % !   4       sun.java2d.d3d.D3DScreenUpdateManager::run @ 0 (267 bytes)
Total: 1

VM state: not at safepoint (normal execution)

VM Mutex/Monitor currently owned by a thread: None

Heap address: 0x00000000a0e00000, size: 1522 MB, Compressed Oops mode: 32-bit

CDS archive(s) mapped at: [0x0000019580000000-0x0000019580c80000-0x0000019580c80000), size 13107200, SharedBaseAddress: 0x0000019580000000, ArchiveRelocationMode: 1.
Compressed class space mapped at: 0x0000019581000000-0x00000195c1000000, reserved size: 1073741824
Narrow klass base: 0x0000019580000000, Narrow klass shift: 0, Narrow klass range: 0x100000000

GC Precious Log:
 CardTable entry size: 512
 Card Set container configuration: InlinePtr #cards 5 size 8 Array Of Cards #cards 12 size 40 Howl #buckets 4 coarsen threshold 1843 Howl Bitmap #cards 512 size 80 coarsen threshold 460 Card regions per heap region 1 cards per card region 2048
 CPUs: 4 total, 4 available
 Memory: 6086M
 Large Page Support: Disabled
 NUMA Support: Disabled
 Compressed Oops: Enabled (32-bit)
 Heap Region Size: 1M
 Heap Min Capacity: 8M
 Heap Initial Capacity: 96M
 Heap Max Capacity: 1522M
 Pre-touch: Disabled
 Parallel Workers: 4
 Concurrent Workers: 1
 Concurrent Refinement Workers: 4
 Periodic GC: Disabled

Heap:
 garbage-first heap   total 98304K, used 8592K [0x00000000a0e00000, 0x0000000100000000)
  region size 1024K, 8 young (8192K), 2 survivors (2048K)
 Metaspace       used 7232K, committed 7424K, reserved 1114112K
  class space    used 768K, committed 896K, reserved 1048576K

Heap Regions: E=young(eden), S=young(survivor), O=old, HS=humongous(starts), HC=humongous(continues), CS=collection set, F=free, TAMS=top-at-mark-start, PB=parsable bottom
|   0|0x00000000a0e00000, 0x00000000a0f00000, 0x00000000a0f00000|100%| O|  |TAMS 0x00000000a0e00000| PB 0x00000000a0e00000| Untracked 
|   1|0x00000000a0f00000, 0x00000000a0f64000, 0x00000000a1000000| 39%| O|  |TAMS 0x00000000a0f00000| PB 0x00000000a0f00000| Untracked 
|   2|0x00000000a1000000, 0x00000000a1000000, 0x00000000a1100000|  0%| F|  |TAMS 0x00000000a1000000| PB 0x00000000a1000000| Untracked 
|   3|0x00000000a1100000, 0x00000000a1100000, 0x00000000a1200000|  0%| F|  |TAMS 0x00000000a1100000| PB 0x00000000a1100000| Untracked 
|   4|0x00000000a1200000, 0x00000000a1200000, 0x00000000a1300000|  0%| F|  |TAMS 0x00000000a1200000| PB 0x00000000a1200000| Untracked 
|   5|0x00000000a1300000, 0x00000000a1300000, 0x00000000a1400000|  0%| F|  |TAMS 0x00000000a1300000| PB 0x00000000a1300000| Untracked 
|   6|0x00000000a1400000, 0x00000000a1400000, 0x00000000a1500000|  0%| F|  |TAMS 0x00000000a1400000| PB 0x00000000a1400000| Untracked 
|   7|0x00000000a1500000, 0x00000000a1500000, 0x00000000a1600000|  0%| F|  |TAMS 0x00000000a1500000| PB 0x00000000a1500000| Untracked 
|   8|0x00000000a1600000, 0x00000000a1600000, 0x00000000a1700000|  0%| F|  |TAMS 0x00000000a1600000| PB 0x00000000a1600000| Untracked 
|   9|0x00000000a1700000, 0x00000000a1700000, 0x00000000a1800000|  0%| F|  |TAMS 0x00000000a1700000| PB 0x00000000a1700000| Untracked 
|  10|0x00000000a1800000, 0x00000000a1800000, 0x00000000a1900000|  0%| F|  |TAMS 0x00000000a1800000| PB 0x00000000a1800000| Untracked 
|  11|0x00000000a1900000, 0x00000000a1900000, 0x00000000a1a00000|  0%| F|  |TAMS 0x00000000a1900000| PB 0x00000000a1900000| Untracked 
|  12|0x00000000a1a00000, 0x00000000a1a00000, 0x00000000a1b00000|  0%| F|  |TAMS 0x00000000a1a00000| PB 0x00000000a1a00000| Untracked 
|  13|0x00000000a1b00000, 0x00000000a1b00000, 0x00000000a1c00000|  0%| F|  |TAMS 0x00000000a1b00000| PB 0x00000000a1b00000| Untracked 
|  14|0x00000000a1c00000, 0x00000000a1c00000, 0x00000000a1d00000|  0%| F|  |TAMS 0x00000000a1c00000| PB 0x00000000a1c00000| Untracked 
|  15|0x00000000a1d00000, 0x00000000a1d00000, 0x00000000a1e00000|  0%| F|  |TAMS 0x00000000a1d00000| PB 0x00000000a1d00000| Untracked 
|  16|0x00000000a1e00000, 0x00000000a1e00000, 0x00000000a1f00000|  0%| F|  |TAMS 0x00000000a1e00000| PB 0x00000000a1e00000| Untracked 
|  17|0x00000000a1f00000, 0x00000000a1f00000, 0x00000000a2000000|  0%| F|  |TAMS 0x00000000a1f00000| PB 0x00000000a1f00000| Untracked 
|  18|0x00000000a2000000, 0x00000000a2000000, 0x00000000a2100000|  0%| F|  |TAMS 0x00000000a2000000| PB 0x00000000a2000000| Untracked 
|  19|0x00000000a2100000, 0x00000000a2100000, 0x00000000a2200000|  0%| F|  |TAMS 0x00000000a2100000| PB 0x00000000a2100000| Untracked 
|  20|0x00000000a2200000, 0x00000000a2200000, 0x00000000a2300000|  0%| F|  |TAMS 0x00000000a2200000| PB 0x00000000a2200000| Untracked 
|  21|0x00000000a2300000, 0x00000000a2300000, 0x00000000a2400000|  0%| F|  |TAMS 0x00000000a2300000| PB 0x00000000a2300000| Untracked 
|  22|0x00000000a2400000, 0x00000000a2400000, 0x00000000a2500000|  0%| F|  |TAMS 0x00000000a2400000| PB 0x00000000a2400000| Untracked 
|  23|0x00000000a2500000, 0x00000000a2500000, 0x00000000a2600000|  0%| F|  |TAMS 0x00000000a2500000| PB 0x00000000a2500000| Untracked 
|  24|0x00000000a2600000, 0x00000000a2600000, 0x00000000a2700000|  0%| F|  |TAMS 0x00000000a2600000| PB 0x00000000a2600000| Untracked 
|  25|0x00000000a2700000, 0x00000000a2700000, 0x00000000a2800000|  0%| F|  |TAMS 0x00000000a2700000| PB 0x00000000a2700000| Untracked 
|  26|0x00000000a2800000, 0x00000000a2800000, 0x00000000a2900000|  0%| F|  |TAMS 0x00000000a2800000| PB 0x00000000a2800000| Untracked 
|  27|0x00000000a2900000, 0x00000000a2900000, 0x00000000a2a00000|  0%| F|  |TAMS 0x00000000a2900000| PB 0x00000000a2900000| Untracked 
|  28|0x00000000a2a00000, 0x00000000a2a00000, 0x00000000a2b00000|  0%| F|  |TAMS 0x00000000a2a00000| PB 0x00000000a2a00000| Untracked 
|  29|0x00000000a2b00000, 0x00000000a2b00000, 0x00000000a2c00000|  0%| F|  |TAMS 0x00000000a2b00000| PB 0x00000000a2b00000| Untracked 
|  30|0x00000000a2c00000, 0x00000000a2c00000, 0x00000000a2d00000|  0%| F|  |TAMS 0x00000000a2c00000| PB 0x00000000a2c00000| Untracked 
|  31|0x00000000a2d00000, 0x00000000a2d00000, 0x00000000a2e00000|  0%| F|  |TAMS 0x00000000a2d00000| PB 0x00000000a2d00000| Untracked 
|  32|0x00000000a2e00000, 0x00000000a2e00000, 0x00000000a2f00000|  0%| F|  |TAMS 0x00000000a2e00000| PB 0x00000000a2e00000| Untracked 
|  33|0x00000000a2f00000, 0x00000000a2f00000, 0x00000000a3000000|  0%| F|  |TAMS 0x00000000a2f00000| PB 0x00000000a2f00000| Untracked 
|  34|0x00000000a3000000, 0x00000000a3000000, 0x00000000a3100000|  0%| F|  |TAMS 0x00000000a3000000| PB 0x00000000a3000000| Untracked 
|  35|0x00000000a3100000, 0x00000000a3100000, 0x00000000a3200000|  0%| F|  |TAMS 0x00000000a3100000| PB 0x00000000a3100000| Untracked 
|  36|0x00000000a3200000, 0x00000000a3200000, 0x00000000a3300000|  0%| F|  |TAMS 0x00000000a3200000| PB 0x00000000a3200000| Untracked 
|  37|0x00000000a3300000, 0x00000000a3300000, 0x00000000a3400000|  0%| F|  |TAMS 0x00000000a3300000| PB 0x00000000a3300000| Untracked 
|  38|0x00000000a3400000, 0x00000000a3400000, 0x00000000a3500000|  0%| F|  |TAMS 0x00000000a3400000| PB 0x00000000a3400000| Untracked 
|  39|0x00000000a3500000, 0x00000000a3500000, 0x00000000a3600000|  0%| F|  |TAMS 0x00000000a3500000| PB 0x00000000a3500000| Untracked 
|  40|0x00000000a3600000, 0x00000000a3600000, 0x00000000a3700000|  0%| F|  |TAMS 0x00000000a3600000| PB 0x00000000a3600000| Untracked 
|  41|0x00000000a3700000, 0x00000000a3700000, 0x00000000a3800000|  0%| F|  |TAMS 0x00000000a3700000| PB 0x00000000a3700000| Untracked 
|  42|0x00000000a3800000, 0x00000000a3800000, 0x00000000a3900000|  0%| F|  |TAMS 0x00000000a3800000| PB 0x00000000a3800000| Untracked 
|  43|0x00000000a3900000, 0x00000000a3900000, 0x00000000a3a00000|  0%| F|  |TAMS 0x00000000a3900000| PB 0x00000000a3900000| Untracked 
|  44|0x00000000a3a00000, 0x00000000a3a00000, 0x00000000a3b00000|  0%| F|  |TAMS 0x00000000a3a00000| PB 0x00000000a3a00000| Untracked 
|  45|0x00000000a3b00000, 0x00000000a3b00000, 0x00000000a3c00000|  0%| F|  |TAMS 0x00000000a3b00000| PB 0x00000000a3b00000| Untracked 
|  46|0x00000000a3c00000, 0x00000000a3c00000, 0x00000000a3d00000|  0%| F|  |TAMS 0x00000000a3c00000| PB 0x00000000a3c00000| Untracked 
|  47|0x00000000a3d00000, 0x00000000a3d00000, 0x00000000a3e00000|  0%| F|  |TAMS 0x00000000a3d00000| PB 0x00000000a3d00000| Untracked 
|  48|0x00000000a3e00000, 0x00000000a3e00000, 0x00000000a3f00000|  0%| F|  |TAMS 0x00000000a3e00000| PB 0x00000000a3e00000| Untracked 
|  49|0x00000000a3f00000, 0x00000000a3f00000, 0x00000000a4000000|  0%| F|  |TAMS 0x00000000a3f00000| PB 0x00000000a3f00000| Untracked 
|  50|0x00000000a4000000, 0x00000000a4000000, 0x00000000a4100000|  0%| F|  |TAMS 0x00000000a4000000| PB 0x00000000a4000000| Untracked 
|  51|0x00000000a4100000, 0x00000000a4100000, 0x00000000a4200000|  0%| F|  |TAMS 0x00000000a4100000| PB 0x00000000a4100000| Untracked 
|  52|0x00000000a4200000, 0x00000000a4200000, 0x00000000a4300000|  0%| F|  |TAMS 0x00000000a4200000| PB 0x00000000a4200000| Untracked 
|  53|0x00000000a4300000, 0x00000000a4300000, 0x00000000a4400000|  0%| F|  |TAMS 0x00000000a4300000| PB 0x00000000a4300000| Untracked 
|  54|0x00000000a4400000, 0x00000000a4400000, 0x00000000a4500000|  0%| F|  |TAMS 0x00000000a4400000| PB 0x00000000a4400000| Untracked 
|  55|0x00000000a4500000, 0x00000000a4500000, 0x00000000a4600000|  0%| F|  |TAMS 0x00000000a4500000| PB 0x00000000a4500000| Untracked 
|  56|0x00000000a4600000, 0x00000000a4600000, 0x00000000a4700000|  0%| F|  |TAMS 0x00000000a4600000| PB 0x00000000a4600000| Untracked 
|  57|0x00000000a4700000, 0x00000000a4700000, 0x00000000a4800000|  0%| F|  |TAMS 0x00000000a4700000| PB 0x00000000a4700000| Untracked 
|  58|0x00000000a4800000, 0x00000000a4800000, 0x00000000a4900000|  0%| F|  |TAMS 0x00000000a4800000| PB 0x00000000a4800000| Untracked 
|  59|0x00000000a4900000, 0x00000000a4900000, 0x00000000a4a00000|  0%| F|  |TAMS 0x00000000a4900000| PB 0x00000000a4900000| Untracked 
|  60|0x00000000a4a00000, 0x00000000a4a00000, 0x00000000a4b00000|  0%| F|  |TAMS 0x00000000a4a00000| PB 0x00000000a4a00000| Untracked 
|  61|0x00000000a4b00000, 0x00000000a4b00000, 0x00000000a4c00000|  0%| F|  |TAMS 0x00000000a4b00000| PB 0x00000000a4b00000| Untracked 
|  62|0x00000000a4c00000, 0x00000000a4c00000, 0x00000000a4d00000|  0%| F|  |TAMS 0x00000000a4c00000| PB 0x00000000a4c00000| Untracked 
|  63|0x00000000a4d00000, 0x00000000a4d00000, 0x00000000a4e00000|  0%| F|  |TAMS 0x00000000a4d00000| PB 0x00000000a4d00000| Untracked 
|  64|0x00000000a4e00000, 0x00000000a4e00000, 0x00000000a4f00000|  0%| F|  |TAMS 0x00000000a4e00000| PB 0x00000000a4e00000| Untracked 
|  65|0x00000000a4f00000, 0x00000000a4f00000, 0x00000000a5000000|  0%| F|  |TAMS 0x00000000a4f00000| PB 0x00000000a4f00000| Untracked 
|  66|0x00000000a5000000, 0x00000000a5000000, 0x00000000a5100000|  0%| F|  |TAMS 0x00000000a5000000| PB 0x00000000a5000000| Untracked 
|  67|0x00000000a5100000, 0x00000000a5100000, 0x00000000a5200000|  0%| F|  |TAMS 0x00000000a5100000| PB 0x00000000a5100000| Untracked 
|  68|0x00000000a5200000, 0x00000000a5200000, 0x00000000a5300000|  0%| F|  |TAMS 0x00000000a5200000| PB 0x00000000a5200000| Untracked 
|  69|0x00000000a5300000, 0x00000000a5300000, 0x00000000a5400000|  0%| F|  |TAMS 0x00000000a5300000| PB 0x00000000a5300000| Untracked 
|  70|0x00000000a5400000, 0x00000000a5400000, 0x00000000a5500000|  0%| F|  |TAMS 0x00000000a5400000| PB 0x00000000a5400000| Untracked 
|  71|0x00000000a5500000, 0x00000000a5500000, 0x00000000a5600000|  0%| F|  |TAMS 0x00000000a5500000| PB 0x00000000a5500000| Untracked 
|  72|0x00000000a5600000, 0x00000000a5600000, 0x00000000a5700000|  0%| F|  |TAMS 0x00000000a5600000| PB 0x00000000a5600000| Untracked 
|  73|0x00000000a5700000, 0x00000000a5700000, 0x00000000a5800000|  0%| F|  |TAMS 0x00000000a5700000| PB 0x00000000a5700000| Untracked 
|  74|0x00000000a5800000, 0x00000000a5800000, 0x00000000a5900000|  0%| F|  |TAMS 0x00000000a5800000| PB 0x00000000a5800000| Untracked 
|  75|0x00000000a5900000, 0x00000000a5900000, 0x00000000a5a00000|  0%| F|  |TAMS 0x00000000a5900000| PB 0x00000000a5900000| Untracked 
|  76|0x00000000a5a00000, 0x00000000a5a00000, 0x00000000a5b00000|  0%| F|  |TAMS 0x00000000a5a00000| PB 0x00000000a5a00000| Untracked 
|  77|0x00000000a5b00000, 0x00000000a5b00000, 0x00000000a5c00000|  0%| F|  |TAMS 0x00000000a5b00000| PB 0x00000000a5b00000| Untracked 
|  78|0x00000000a5c00000, 0x00000000a5c00000, 0x00000000a5d00000|  0%| F|  |TAMS 0x00000000a5c00000| PB 0x00000000a5c00000| Untracked 
|  79|0x00000000a5d00000, 0x00000000a5d00000, 0x00000000a5e00000|  0%| F|  |TAMS 0x00000000a5d00000| PB 0x00000000a5d00000| Untracked 
|  80|0x00000000a5e00000, 0x00000000a5e00000, 0x00000000a5f00000|  0%| F|  |TAMS 0x00000000a5e00000| PB 0x00000000a5e00000| Untracked 
|  81|0x00000000a5f00000, 0x00000000a6000000, 0x00000000a6000000|100%| S|CS|TAMS 0x00000000a5f00000| PB 0x00000000a5f00000| Complete 
|  82|0x00000000a6000000, 0x00000000a6100000, 0x00000000a6100000|100%| S|CS|TAMS 0x00000000a6000000| PB 0x00000000a6000000| Complete 
|  83|0x00000000a6100000, 0x00000000a6100000, 0x00000000a6200000|  0%| F|  |TAMS 0x00000000a6100000| PB 0x00000000a6100000| Untracked 
|  84|0x00000000a6200000, 0x00000000a6200000, 0x00000000a6300000|  0%| F|  |TAMS 0x00000000a6200000| PB 0x00000000a6200000| Untracked 
|  85|0x00000000a6300000, 0x00000000a6300000, 0x00000000a6400000|  0%| F|  |TAMS 0x00000000a6300000| PB 0x00000000a6300000| Untracked 
|  86|0x00000000a6400000, 0x00000000a6400000, 0x00000000a6500000|  0%| F|  |TAMS 0x00000000a6400000| PB 0x00000000a6400000| Untracked 
|  87|0x00000000a6500000, 0x00000000a6500000, 0x00000000a6600000|  0%| F|  |TAMS 0x00000000a6500000| PB 0x00000000a6500000| Untracked 
|  88|0x00000000a6600000, 0x00000000a6600000, 0x00000000a6700000|  0%| F|  |TAMS 0x00000000a6600000| PB 0x00000000a6600000| Untracked 
|  89|0x00000000a6700000, 0x00000000a6700000, 0x00000000a6800000|  0%| F|  |TAMS 0x00000000a6700000| PB 0x00000000a6700000| Untracked 
|  90|0x00000000a6800000, 0x00000000a68a8fa8, 0x00000000a6900000| 66%| E|  |TAMS 0x00000000a6800000| PB 0x00000000a6800000| Complete 
|  91|0x00000000a6900000, 0x00000000a6a00000, 0x00000000a6a00000|100%| E|CS|TAMS 0x00000000a6900000| PB 0x00000000a6900000| Complete 
|  92|0x00000000a6a00000, 0x00000000a6b00000, 0x00000000a6b00000|100%| E|CS|TAMS 0x00000000a6a00000| PB 0x00000000a6a00000| Complete 
|  93|0x00000000a6b00000, 0x00000000a6c00000, 0x00000000a6c00000|100%| E|CS|TAMS 0x00000000a6b00000| PB 0x00000000a6b00000| Complete 
|  94|0x00000000a6c00000, 0x00000000a6d00000, 0x00000000a6d00000|100%| E|CS|TAMS 0x00000000a6c00000| PB 0x00000000a6c00000| Complete 
|  95|0x00000000a6d00000, 0x00000000a6e00000, 0x00000000a6e00000|100%| E|CS|TAMS 0x00000000a6d00000| PB 0x00000000a6d00000| Complete 

Card table byte_map: [0x00000195e2a70000,0x00000195e2d70000] _byte_map_base: 0x00000195e2569000

Marking Bits: (CMBitMap*) 0x00000195cfe24750
 Bits: [0x00000195e2d70000, 0x00000195e4538000)

Polling page: 0x00000195cdc00000

Metaspace:

Usage:
  Non-class:      6.31 MB used.
      Class:    768.75 KB used.
       Both:      7.06 MB used.

Virtual space:
  Non-class space:       64.00 MB reserved,       6.38 MB ( 10%) committed,  1 nodes.
      Class space:        1.00 GB reserved,     896.00 KB ( <1%) committed,  1 nodes.
             Both:        1.06 GB reserved,       7.25 MB ( <1%) committed. 

Chunk freelists:
   Non-Class:  9.00 MB
       Class:  15.11 MB
        Both:  24.11 MB

MaxMetaspaceSize: unlimited
CompressedClassSpaceSize: 1.00 GB
Initial GC threshold: 21.00 MB
Current GC threshold: 21.00 MB
CDS: on
 - commit_granule_bytes: 65536.
 - commit_granule_words: 8192.
 - virtual_space_node_default_size: 8388608.
 - enlarge_chunks_in_place: 1.
 - use_allocation_guard: 0.


Internal statistics:

num_allocs_failed_limit: 0.
num_arena_births: 140.
num_arena_deaths: 0.
num_vsnodes_births: 2.
num_vsnodes_deaths: 0.
num_space_committed: 116.
num_space_uncommitted: 0.
num_chunks_returned_to_freelist: 0.
num_chunks_taken_from_freelist: 179.
num_chunk_merges: 0.
num_chunk_splits: 105.
num_chunks_enlarged: 39.
num_inconsistent_stats: 0.

CodeHeap 'non-profiled nmethods': size=120000Kb used=405Kb max_used=405Kb free=119594Kb
 bounds [0x00000195db240000, 0x00000195db4b0000, 0x00000195e2770000]
CodeHeap 'profiled nmethods': size=120000Kb used=1974Kb max_used=1974Kb free=118025Kb
 bounds [0x00000195d3770000, 0x00000195d39e0000, 0x00000195daca0000]
CodeHeap 'non-nmethods': size=5760Kb used=1530Kb max_used=1549Kb free=4229Kb
 bounds [0x00000195daca0000, 0x00000195daf10000, 0x00000195db240000]
 total_blobs=1844 nmethods=1245 adapters=504
 compilation: enabled
              stopped_count=0, restarted_count=0
 full_count=0

Compilation events (20 events):
Event: 3570.432 Thread 0x00000195e6a46360 nmethod 1236 0x00000195d3959a90 code [0x00000195d3959c40, 0x00000195d3959ea8]
Event: 3570.524 Thread 0x00000195e69df870 1237       4       jdk.internal.logger.SurrogateLogger::defaultPlatformLevel (4 bytes)
Event: 3570.525 Thread 0x00000195e6a46360 1238       3       java.beans.PropertyChangeSupport::firePropertyChange (35 bytes)
Event: 3570.525 Thread 0x00000195e69df870 nmethod 1237 0x00000195db2a4910 code [0x00000195db2a4aa0, 0x00000195db2a4b30]
Event: 3570.528 Thread 0x00000195e6a46360 nmethod 1238 0x00000195d3959f90 code [0x00000195d395a1a0, 0x00000195d395a918]
Event: 3570.530 Thread 0x00000195e69df870 1239       4       java.util.HashMap::get (19 bytes)
Event: 3570.546 Thread 0x00000195e69df870 nmethod 1239 0x00000195db2a4c10 code [0x00000195db2a4de0, 0x00000195db2a5178]
Event: 3627.908 Thread 0x00000195e6a46360 1240   !   3       java.awt.Toolkit::setDesktopProperty (81 bytes)
Event: 3627.910 Thread 0x00000195e6a46360 nmethod 1240 0x00000195d395ab10 code [0x00000195d395ad40, 0x00000195d395b580]
Event: 3627.910 Thread 0x00000195e6a46360 1241       3       java.lang.Thread::isVirtual (5 bytes)
Event: 3627.910 Thread 0x00000195e6a46360 nmethod 1241 0x00000195d395b810 code [0x00000195d395b9c0, 0x00000195d395bbc8]
Event: 4922.807 Thread 0x00000195e6a46360 1242   !   3       jdk.internal.ref.PhantomCleanable::isListEmpty (34 bytes)
Event: 4922.819 Thread 0x00000195e6a46360 nmethod 1242 0x00000195d395bc90 code [0x00000195d395be40, 0x00000195d395c098]
Event: 4922.819 Thread 0x00000195e6a46360 1243       3       jdk.internal.misc.InnocuousThread::eraseThreadLocals (23 bytes)
Event: 4922.821 Thread 0x00000195e6a46360 nmethod 1243 0x00000195d395c190 code [0x00000195d395c340, 0x00000195d395c528]
Event: 4922.821 Thread 0x00000195e6a46360 1244   !   3       java.lang.ref.ReferenceQueue::remove (61 bytes)
Event: 4922.826 Thread 0x00000195e6a46360 nmethod 1244 0x00000195d395c590 code [0x00000195d395c820, 0x00000195d395d3a8]
Event: 5342.863 Thread 0x00000195e6a46360 1245       3       java.util.concurrent.locks.AbstractQueuedSynchronizer$Node::<init> (5 bytes)
Event: 5342.874 Thread 0x00000195e6a46360 nmethod 1245 0x00000195d395d790 code [0x00000195d395d940, 0x00000195d395daa8]
Event: 5499.919 Thread 0x00000195e69df870 1246 % !   4       sun.java2d.d3d.D3DScreenUpdateManager::run @ 0 (267 bytes)

GC Heap History (2 events):
Event: 2.087 GC heap before
{Heap before GC invocations=0 (full 0):
 garbage-first heap   total 98304K, used 13312K [0x00000000a0e00000, 0x0000000100000000)
  region size 1024K, 13 young (13312K), 0 survivors (0K)
 Metaspace       used 6486K, committed 6784K, reserved 1114112K
  class space    used 687K, committed 832K, reserved 1048576K
}
Event: 2.098 GC heap after
{Heap after GC invocations=1 (full 0):
 garbage-first heap   total 98304K, used 3472K [0x00000000a0e00000, 0x0000000100000000)
  region size 1024K, 2 young (2048K), 2 survivors (2048K)
 Metaspace       used 6486K, committed 6784K, reserved 1114112K
  class space    used 687K, committed 832K, reserved 1048576K
}

Dll operation events (9 events):
Event: 0.025 Loaded shared library D:\Eclipse\eclipse\plugins\org.eclipse.justj.openjdk.hotspot.jre.full.win32.x86_64_21.0.6.v20250130-0529\jre\bin\java.dll
Event: 0.173 Loaded shared library D:\Eclipse\eclipse\plugins\org.eclipse.justj.openjdk.hotspot.jre.full.win32.x86_64_21.0.6.v20250130-0529\jre\bin\zip.dll
Event: 0.362 Loaded shared library D:\Eclipse\eclipse\plugins\org.eclipse.justj.openjdk.hotspot.jre.full.win32.x86_64_21.0.6.v20250130-0529\jre\bin\jimage.dll
Event: 0.380 Loaded shared library D:\Eclipse\eclipse\plugins\org.eclipse.justj.openjdk.hotspot.jre.full.win32.x86_64_21.0.6.v20250130-0529\jre\bin\net.dll
Event: 0.386 Loaded shared library D:\Eclipse\eclipse\plugins\org.eclipse.justj.openjdk.hotspot.jre.full.win32.x86_64_21.0.6.v20250130-0529\jre\bin\nio.dll
Event: 0.394 Loaded shared library D:\Eclipse\eclipse\plugins\org.eclipse.justj.openjdk.hotspot.jre.full.win32.x86_64_21.0.6.v20250130-0529\jre\bin\zip.dll
Event: 0.568 Loaded shared library D:\Eclipse\eclipse\plugins\org.eclipse.justj.openjdk.hotspot.jre.full.win32.x86_64_21.0.6.v20250130-0529\jre\bin\awt.dll
Event: 1.246 Loaded shared library D:\Eclipse\eclipse\plugins\org.eclipse.justj.openjdk.hotspot.jre.full.win32.x86_64_21.0.6.v20250130-0529\jre\bin\freetype.dll
Event: 1.249 Loaded shared library D:\Eclipse\eclipse\plugins\org.eclipse.justj.openjdk.hotspot.jre.full.win32.x86_64_21.0.6.v20250130-0529\jre\bin\fontmanager.dll

Deoptimization events (20 events):
Event: 1.998 Thread 0x00000195eb33c020 Uncommon trap: trap_request=0xffffff45 fr.pc=0x00000195db257f64 relative=0x00000000000002a4
Event: 1.998 Thread 0x00000195eb33c020 Uncommon trap: reason=unstable_if action=reinterpret pc=0x00000195db257f64 method=java.lang.String.hashCode()I @ 20 c2
Event: 1.998 Thread 0x00000195eb33c020 DEOPT PACKING pc=0x00000195db257f64 sp=0x0000001a4d0fcec0
Event: 1.999 Thread 0x00000195eb33c020 DEOPT UNPACKING pc=0x00000195dacf46a2 sp=0x0000001a4d0fce50 mode 2
Event: 1.999 Thread 0x00000195eb33c020 Uncommon trap: trap_request=0xffffff45 fr.pc=0x00000195db24b8b0 relative=0x0000000000000190
Event: 1.999 Thread 0x00000195eb33c020 Uncommon trap: reason=unstable_if action=reinterpret pc=0x00000195db24b8b0 method=jdk.internal.util.ArraysSupport.vectorizedHashCode(Ljava/lang/Object;IIII)I @ 2 c2
Event: 1.999 Thread 0x00000195eb33c020 DEOPT PACKING pc=0x00000195db24b8b0 sp=0x0000001a4d0fcdc0
Event: 1.999 Thread 0x00000195eb33c020 DEOPT UNPACKING pc=0x00000195dacf46a2 sp=0x0000001a4d0fcd70 mode 2
Event: 2.166 Thread 0x00000195eb33c020 Uncommon trap: trap_request=0xffffff45 fr.pc=0x00000195db285d18 relative=0x00000000000003b8
Event: 2.166 Thread 0x00000195eb33c020 Uncommon trap: reason=unstable_if action=reinterpret pc=0x00000195db285d18 method=java.lang.Character.isSurrogate(C)Z @ 3 c2
Event: 2.166 Thread 0x00000195eb33c020 DEOPT PACKING pc=0x00000195db285d18 sp=0x0000001a4d0fca60
Event: 2.166 Thread 0x00000195eb33c020 DEOPT UNPACKING pc=0x00000195dacf46a2 sp=0x0000001a4d0fc968 mode 2
Event: 517.696 Thread 0x00000195eb38ae30 Uncommon trap: trap_request=0xffffffcc fr.pc=0x00000195db2a1c94 relative=0x0000000000000254
Event: 517.696 Thread 0x00000195eb38ae30 Uncommon trap: reason=intrinsic_or_type_checked_inlining action=make_not_entrant pc=0x00000195db2a1c94 method=java.util.Arrays.copyOf([Ljava/lang/Object;ILjava/lang/Class;)[Ljava/lang/Object; @ 35 c2
Event: 517.696 Thread 0x00000195eb38ae30 DEOPT PACKING pc=0x00000195db2a1c94 sp=0x0000001a4d1fef50
Event: 517.696 Thread 0x00000195eb38ae30 DEOPT UNPACKING pc=0x00000195dacf46a2 sp=0x0000001a4d1feee0 mode 2
Event: 580.461 Thread 0x00000195eb38ae30 Uncommon trap: trap_request=0xffffffdc fr.pc=0x00000195db2a3344 relative=0x00000000000001a4
Event: 580.461 Thread 0x00000195eb38ae30 Uncommon trap: reason=class_check action=make_not_entrant pc=0x00000195db2a3344 method=java.util.ArrayList.toArray([Ljava/lang/Object;)[Ljava/lang/Object; @ 21 c2
Event: 580.461 Thread 0x00000195eb38ae30 DEOPT PACKING pc=0x00000195db2a3344 sp=0x0000001a4d1fefb0
Event: 580.461 Thread 0x00000195eb38ae30 DEOPT UNPACKING pc=0x00000195dacf46a2 sp=0x0000001a4d1fef70 mode 2

Classes loaded (20 events):
Event: 4.280 Loading class java/awt/event/ItemEvent
Event: 4.280 Loading class java/awt/event/ItemEvent done
Event: 4.284 Loading class java/awt/Polygon$PolygonPathIterator
Event: 4.285 Loading class java/awt/Polygon$PolygonPathIterator done
Event: 4.285 Loading class sun/java2d/loops/ProcessPath$FillProcessHandler
Event: 4.285 Loading class sun/java2d/loops/ProcessPath$FillProcessHandler done
Event: 4.285 Loading class sun/java2d/loops/ProcessPath$FillData
Event: 4.285 Loading class sun/java2d/loops/ProcessPath$FillData done
Event: 4.285 Loading class sun/java2d/loops/ProcessPath$Point
Event: 4.286 Loading class sun/java2d/loops/ProcessPath$Point done
Event: 4.286 Loading class sun/java2d/loops/ProcessPath$ActiveEdgeList
Event: 4.286 Loading class sun/java2d/loops/ProcessPath$ActiveEdgeList done
Event: 4.286 Loading class sun/java2d/loops/ProcessPath$Edge
Event: 4.286 Loading class sun/java2d/loops/ProcessPath$Edge done
Event: 5.849 Loading class java/awt/LightweightDispatcher$2
Event: 5.849 Loading class java/awt/LightweightDispatcher$2 done
Event: 6.423 Loading class java/awt/KeyboardFocusManager$2
Event: 6.423 Loading class java/awt/KeyboardFocusManager$2 done
Event: 6.424 Loading class sun/awt/SunToolkit$1
Event: 6.424 Loading class sun/awt/SunToolkit$1 done

Classes unloaded (0 events):
No events

Classes redefined (0 events):
No events

Internal exceptions (11 events):
Event: 0.517 Thread 0x00000195cd98e160 Exception <a 'java/lang/ClassNotFoundException'{0x00000000a6a35300}: sun/awt/resources/spi/awtProvider> (0x00000000a6a35300) 
thrown [s\src\hotspot\share\classfile\systemDictionary.cpp, line 312]
Event: 0.604 Thread 0x00000195cd98e160 Exception <a 'java/io/FileNotFoundException'{0x00000000a6a91448}> (0x00000000a6a91448) 
thrown [s\src\hotspot\share\prims\jni.cpp, line 520]
Event: 0.625 Thread 0x00000195cd98e160 Exception <a 'java/io/FileNotFoundException'{0x00000000a6abbde8}> (0x00000000a6abbde8) 
thrown [s\src\hotspot\share\prims\jni.cpp, line 520]
Event: 1.026 Thread 0x00000195cd98e160 Exception <a 'java/lang/NoSuchMethodError'{0x00000000a69dee38}: 'void java.lang.invoke.DirectMethodHandle$Holder.invokeSpecial(java.lang.Object, java.lang.Object, java.lang.Object)'> (0x00000000a69dee38) 
thrown [s\src\hotspot\share\interpreter\linkResolver.cpp, line 773]
Event: 1.044 Thread 0x00000195cd98e160 Exception <a 'java/lang/NoSuchMethodError'{0x00000000a68058c0}: 'java.lang.Object java.lang.invoke.DirectMethodHandle$Holder.newInvokeSpecial(java.lang.Object, java.lang.Object, java.lang.Object, java.lang.Object, java.lang.Object)'> (0x00000000a68058c0) 
thrown [s\src\hotspot\share\interpreter\linkResolver.cpp, line 773]
Event: 1.058 Thread 0x00000195cd98e160 Exception <a 'java/lang/NoSuchMethodError'{0x00000000a6832318}: 'java.lang.Object java.lang.invoke.DirectMethodHandle$Holder.invokeStatic(java.lang.Object, int, java.lang.Object)'> (0x00000000a6832318) 
thrown [s\src\hotspot\share\interpreter\linkResolver.cpp, line 773]
Event: 1.116 Thread 0x00000195cd98e160 Exception <a 'java/lang/ClassNotFoundException'{0x00000000a68d4d70}: com/sun/swing/internal/plaf/metal/resources/spi/metalProvider> (0x00000000a68d4d70) 
thrown [s\src\hotspot\share\classfile\systemDictionary.cpp, line 312]
Event: 1.118 Thread 0x00000195cd98e160 Exception <a 'java/lang/ClassNotFoundException'{0x00000000a68d8d20}: com/sun/swing/internal/plaf/basic/resources/spi/basicProvider> (0x00000000a68d8d20) 
thrown [s\src\hotspot\share\classfile\systemDictionary.cpp, line 312]
Event: 1.140 Thread 0x00000195cd98e160 Exception <a 'java/lang/NoSuchMethodError'{0x00000000a68f8cd8}: 'int java.lang.invoke.Invokers$Holder.invokeExact_MT(java.lang.Object, java.lang.Object)'> (0x00000000a68f8cd8) 
thrown [s\src\hotspot\share\interpreter\linkResolver.cpp, line 773]
Event: 1.190 Thread 0x00000195e6e6e440 Exception <a 'java/lang/NoSuchMethodError'{0x00000000a6993ac8}: 'void java.lang.invoke.DirectMethodHandle$Holder.invokeVirtual(java.lang.Object, java.lang.Object)'> (0x00000000a6993ac8) 
thrown [s\src\hotspot\share\interpreter\linkResolver.cpp, line 773]
Event: 1.234 Thread 0x00000195cd98e160 Exception <a 'java/lang/NoSuchMethodError'{0x00000000a6731f00}: 'void java.lang.invoke.DirectMethodHandle$Holder.invokeStaticInit(java.lang.Object)'> (0x00000000a6731f00) 
thrown [s\src\hotspot\share\interpreter\linkResolver.cpp, line 773]

ZGC Phase Switch (0 events):
No events

VM Operations (20 events):
Event: 2.220 Executing VM operation: HandshakeAllThreads (Deoptimize)
Event: 2.220 Executing VM operation: HandshakeAllThreads (Deoptimize) done
Event: 3.220 Executing VM operation: Cleanup
Event: 3.220 Executing VM operation: Cleanup done
Event: 4.231 Executing VM operation: Cleanup
Event: 4.231 Executing VM operation: Cleanup done
Event: 6.252 Executing VM operation: Cleanup
Event: 6.252 Executing VM operation: Cleanup done
Event: 60.139 Executing VM operation: HandshakeAllThreads (HandshakeForDeflation)
Event: 60.139 Executing VM operation: HandshakeAllThreads (HandshakeForDeflation) done
Event: 60.139 Executing VM operation: RendezvousGCThreads
Event: 60.139 Executing VM operation: RendezvousGCThreads done
Event: 3450.733 Executing VM operation: Cleanup
Event: 3450.734 Executing VM operation: Cleanup done
Event: 3569.500 Executing VM operation: Cleanup
Event: 3569.531 Executing VM operation: Cleanup done
Event: 3570.538 Executing VM operation: Cleanup
Event: 3570.538 Executing VM operation: Cleanup done
Event: 3628.878 Executing VM operation: Cleanup
Event: 3628.878 Executing VM operation: Cleanup done

Memory protections (0 events):
No events

Nmethod flushes (0 events):
No events

Events (18 events):
Event: 0.131 Thread 0x00000195cd98e160 Thread added: 0x00000195cd98e160
Event: 0.178 Thread 0x00000195cd98e160 Thread added: 0x00000195e69cd8f0
Event: 0.179 Thread 0x00000195cd98e160 Thread added: 0x00000195e69d4ed0
Event: 0.180 Thread 0x00000195cd98e160 Thread added: 0x00000195e69d95d0
Event: 0.180 Thread 0x00000195cd98e160 Thread added: 0x00000195e69da630
Event: 0.180 Thread 0x00000195cd98e160 Thread added: 0x00000195e69dd090
Event: 0.181 Thread 0x00000195cd98e160 Thread added: 0x00000195e69deaf0
Event: 0.181 Thread 0x00000195cd98e160 Thread added: 0x00000195e69df870
Event: 0.193 Thread 0x00000195cd98e160 Thread added: 0x00000195e6a46360
Event: 0.296 Thread 0x00000195cd98e160 Thread added: 0x00000195e6b1d530
Event: 0.304 Thread 0x00000195cd98e160 Thread added: 0x00000195e6b23380
Event: 0.784 Thread 0x00000195cd98e160 Thread added: 0x00000195e6e63740
Event: 0.787 Thread 0x00000195cd98e160 Thread added: 0x00000195e6e6db30
Event: 0.790 Thread 0x00000195cd98e160 Thread added: 0x00000195e6e6e440
Event: 1.194 Thread 0x00000195e6e6e440 Thread added: 0x00000195eb33c020
Event: 1.360 Thread 0x00000195cd98e160 Thread exited: 0x00000195cd98e160
Event: 1.361 Thread 0x00000195cd98e160 Thread added: 0x00000195cd98e160
Event: 1.376 Thread 0x00000195eb33c020 Thread added: 0x00000195eb38ae30


Dynamic libraries:
0x00007ff632000000 - 0x00007ff63200e000 	D:\Eclipse\eclipse\plugins\org.eclipse.justj.openjdk.hotspot.jre.full.win32.x86_64_21.0.6.v20250130-0529\jre\bin\javaw.exe
0x00007ffeeaf30000 - 0x00007ffeeb147000 	C:\Windows\SYSTEM32\ntdll.dll
0x00007ffee9ce0000 - 0x00007ffee9da4000 	C:\Windows\System32\KERNEL32.DLL
0x00007ffee85c0000 - 0x00007ffee8977000 	C:\Windows\System32\KERNELBASE.dll
0x00007ffee8a20000 - 0x00007ffee8b31000 	C:\Windows\System32\ucrtbase.dll
0x00007ffec1f00000 - 0x00007ffec1f18000 	D:\Eclipse\eclipse\plugins\org.eclipse.justj.openjdk.hotspot.jre.full.win32.x86_64_21.0.6.v20250130-0529\jre\bin\jli.dll
0x00007ffeea670000 - 0x00007ffeea81f000 	C:\Windows\System32\USER32.dll
0x00007ffee8980000 - 0x00007ffee89a6000 	C:\Windows\System32\win32u.dll
0x00007ffeea590000 - 0x00007ffeea5b9000 	C:\Windows\System32\GDI32.dll
0x00007ffee8b40000 - 0x00007ffee8c58000 	C:\Windows\System32\gdi32full.dll
0x00007ffee8470000 - 0x00007ffee850a000 	C:\Windows\System32\msvcp_win.dll
0x00007ffebfa10000 - 0x00007ffebfa2e000 	D:\Eclipse\eclipse\plugins\org.eclipse.justj.openjdk.hotspot.jre.full.win32.x86_64_21.0.6.v20250130-0529\jre\bin\VCRUNTIME140.dll
0x00007ffecfa30000 - 0x00007ffecfcc3000 	C:\Windows\WinSxS\amd64_microsoft.windows.common-controls_6595b64144ccf1df_6.0.22621.3672_none_2713b9d173822955\COMCTL32.dll
0x00007ffeea5c0000 - 0x00007ffeea667000 	C:\Windows\System32\msvcrt.dll
0x00007ffee9db0000 - 0x00007ffee9de1000 	C:\Windows\System32\IMM32.DLL
0x00007ffedbbe0000 - 0x00007ffedbbec000 	D:\Eclipse\eclipse\plugins\org.eclipse.justj.openjdk.hotspot.jre.full.win32.x86_64_21.0.6.v20250130-0529\jre\bin\vcruntime140_1.dll
0x00007ffeac850000 - 0x00007ffeac8dd000 	D:\Eclipse\eclipse\plugins\org.eclipse.justj.openjdk.hotspot.jre.full.win32.x86_64_21.0.6.v20250130-0529\jre\bin\msvcp140.dll
0x00007ffe6d150000 - 0x00007ffe6dee0000 	D:\Eclipse\eclipse\plugins\org.eclipse.justj.openjdk.hotspot.jre.full.win32.x86_64_21.0.6.v20250130-0529\jre\bin\server\jvm.dll
0x00007ffee95d0000 - 0x00007ffee9682000 	C:\Windows\System32\ADVAPI32.dll
0x00007ffee9770000 - 0x00007ffee9818000 	C:\Windows\System32\sechost.dll
0x00007ffee8510000 - 0x00007ffee8538000 	C:\Windows\System32\bcrypt.dll
0x00007ffee9a00000 - 0x00007ffee9b14000 	C:\Windows\System32\RPCRT4.dll
0x00007ffee9550000 - 0x00007ffee95c1000 	C:\Windows\System32\WS2_32.dll
0x00007ffee8110000 - 0x00007ffee815d000 	C:\Windows\SYSTEM32\POWRPROF.dll
0x00007ffee1320000 - 0x00007ffee1354000 	C:\Windows\SYSTEM32\WINMM.dll
0x00007ffede6d0000 - 0x00007ffede6da000 	C:\Windows\SYSTEM32\VERSION.dll
0x00007ffee80f0000 - 0x00007ffee8103000 	C:\Windows\SYSTEM32\UMPDC.dll
0x00007ffee7260000 - 0x00007ffee7278000 	C:\Windows\SYSTEM32\kernel.appcore.dll
0x00007ffed2ef0000 - 0x00007ffed2efa000 	D:\Eclipse\eclipse\plugins\org.eclipse.justj.openjdk.hotspot.jre.full.win32.x86_64_21.0.6.v20250130-0529\jre\bin\jimage.dll
0x00007ffedb3b0000 - 0x00007ffedb5e2000 	C:\Windows\SYSTEM32\DBGHELP.DLL
0x00007ffeea820000 - 0x00007ffeeabae000 	C:\Windows\System32\combase.dll
0x00007ffee9690000 - 0x00007ffee9767000 	C:\Windows\System32\OLEAUT32.dll
0x00007ffecf1e0000 - 0x00007ffecf212000 	C:\Windows\SYSTEM32\dbgcore.DLL
0x00007ffee8540000 - 0x00007ffee85bb000 	C:\Windows\System32\bcryptPrimitives.dll
0x00007ffebeeb0000 - 0x00007ffebeecf000 	D:\Eclipse\eclipse\plugins\org.eclipse.justj.openjdk.hotspot.jre.full.win32.x86_64_21.0.6.v20250130-0529\jre\bin\java.dll
0x00007ffee8ce0000 - 0x00007ffee9549000 	C:\Windows\System32\SHELL32.dll
0x00007ffee6160000 - 0x00007ffee6a5f000 	C:\Windows\SYSTEM32\windows.storage.dll
0x00007ffee6020000 - 0x00007ffee615f000 	C:\Windows\SYSTEM32\wintypes.dll
0x00007ffee98a0000 - 0x00007ffee9999000 	C:\Windows\System32\SHCORE.dll
0x00007ffeea050000 - 0x00007ffeea0ae000 	C:\Windows\System32\shlwapi.dll
0x00007ffee8170000 - 0x00007ffee8197000 	C:\Windows\SYSTEM32\profapi.dll
0x00007ffebedb0000 - 0x00007ffebedc8000 	D:\Eclipse\eclipse\plugins\org.eclipse.justj.openjdk.hotspot.jre.full.win32.x86_64_21.0.6.v20250130-0529\jre\bin\zip.dll
0x00007ffed2ee0000 - 0x00007ffed2ef0000 	D:\Eclipse\eclipse\plugins\org.eclipse.justj.openjdk.hotspot.jre.full.win32.x86_64_21.0.6.v20250130-0529\jre\bin\net.dll
0x00007ffee17b0000 - 0x00007ffee18e6000 	C:\Windows\SYSTEM32\WINHTTP.dll
0x00007ffee76e0000 - 0x00007ffee7749000 	C:\Windows\system32\mswsock.dll
0x00007ffebe270000 - 0x00007ffebe286000 	D:\Eclipse\eclipse\plugins\org.eclipse.justj.openjdk.hotspot.jre.full.win32.x86_64_21.0.6.v20250130-0529\jre\bin\nio.dll
0x00007ffea5f70000 - 0x00007ffea60fe000 	D:\Eclipse\eclipse\plugins\org.eclipse.justj.openjdk.hotspot.jre.full.win32.x86_64_21.0.6.v20250130-0529\jre\bin\awt.dll
0x00007ffee4480000 - 0x00007ffee4517000 	C:\Windows\SYSTEM32\apphelp.dll
0x00007ffee59a0000 - 0x00007ffee59cb000 	C:\Windows\system32\DWMAPI.DLL
0x00007ffee5760000 - 0x00007ffee5811000 	C:\Windows\system32\uxtheme.dll
0x00007ffe82be0000 - 0x00007ffe82ce0000 	C:\Windows\system32\opengl32.dll
0x00007ffe9f2b0000 - 0x00007ffe9f2dd000 	C:\Windows\SYSTEM32\GLU32.dll
0x00007ffee5850000 - 0x00007ffee5887000 	C:\Windows\SYSTEM32\dxcore.dll
0x00007ffeeabb0000 - 0x00007ffeead10000 	C:\Windows\System32\MSCTF.dll
0x00007ffee9df0000 - 0x00007ffee9f95000 	C:\Windows\System32\ole32.dll
0x00007ffe83800000 - 0x00007ffe839a8000 	C:\Windows\system32\d3d9.dll
0x00007ffede6e0000 - 0x00007ffede898000 	C:\Windows\System32\DriverStore\FileRepository\u0376648.inf_amd64_10263edfe9a1aa63\B374868\aticfx64.dll
0x00007ffebf9d0000 - 0x00007ffebfa04000 	C:\Windows\System32\DriverStore\FileRepository\u0376648.inf_amd64_10263edfe9a1aa63\B374868\atiu9p64.dll
0x00007ffe6c3f0000 - 0x00007ffe6d144000 	C:\Windows\System32\DriverStore\FileRepository\u0376648.inf_amd64_10263edfe9a1aa63\B374868\atiumd64.dll
0x00000000542d0000 - 0x0000000055143000 	C:\Windows\System32\DriverStore\FileRepository\u0376648.inf_amd64_10263edfe9a1aa63\B374868\atiumd6a.dll
0x00007ffeea110000 - 0x00007ffeea584000 	C:\Windows\System32\SETUPAPI.dll
0x00007ffedc570000 - 0x00007ffedc5a0000 	C:\Windows\SYSTEM32\amdihk64.dll
0x00007ffee0a90000 - 0x00007ffee0ad9000 	C:\Windows\SYSTEM32\directxdatabasehelper.dll
0x00007ffea5ee0000 - 0x00007ffea5f67000 	D:\Eclipse\eclipse\plugins\org.eclipse.justj.openjdk.hotspot.jre.full.win32.x86_64_21.0.6.v20250130-0529\jre\bin\freetype.dll
0x00007ffea5a30000 - 0x00007ffea5b0b000 	D:\Eclipse\eclipse\plugins\org.eclipse.justj.openjdk.hotspot.jre.full.win32.x86_64_21.0.6.v20250130-0529\jre\bin\fontmanager.dll
0x00007ffed2d60000 - 0x00007ffed2ea3000 	C:\Windows\SYSTEM32\textinputframework.dll
0x00007ffee40a0000 - 0x00007ffee41d3000 	C:\Windows\SYSTEM32\CoreMessaging.dll
0x00007ffee0370000 - 0x00007ffee06dd000 	C:\Windows\SYSTEM32\CoreUIComponents.dll
0x00007ffee7970000 - 0x00007ffee797c000 	C:\Windows\SYSTEM32\CRYPTBASE.DLL

dbghelp: loaded successfully - version: 4.0.5 - missing functions: none
symbol engine: initialized successfully - sym options: 0x614 - pdb path: .;D:\Eclipse\eclipse\plugins\org.eclipse.justj.openjdk.hotspot.jre.full.win32.x86_64_21.0.6.v20250130-0529\jre\bin;C:\Windows\SYSTEM32;C:\Windows\WinSxS\amd64_microsoft.windows.common-controls_6595b64144ccf1df_6.0.22621.3672_none_2713b9d173822955;D:\Eclipse\eclipse\plugins\org.eclipse.justj.openjdk.hotspot.jre.full.win32.x86_64_21.0.6.v20250130-0529\jre\bin\server;C:\Windows\System32\DriverStore\FileRepository\u0376648.inf_amd64_10263edfe9a1aa63\B374868

VM Arguments:
jvm_args: -Dfile.encoding=UTF-8 -Dstdout.encoding=UTF-8 -Dstderr.encoding=UTF-8 -XX:+ShowCodeDetailsInExceptionMessages 
java_command: com.bank.signupThree
java_class_path (initial): D:\Servers\ATMSimulation\build\classes;D:\Eclipse\apache-tomcat-11.0.7\lib\annotations-api.jar;D:\Eclipse\apache-tomcat-11.0.7\lib\catalina-ant.jar;D:\Eclipse\apache-tomcat-11.0.7\lib\catalina-ha.jar;D:\Eclipse\apache-tomcat-11.0.7\lib\catalina-ssi.jar;D:\Eclipse\apache-tomcat-11.0.7\lib\catalina-storeconfig.jar;D:\Eclipse\apache-tomcat-11.0.7\lib\catalina-tribes.jar;D:\Eclipse\apache-tomcat-11.0.7\lib\catalina.jar;D:\Eclipse\apache-tomcat-11.0.7\lib\ecj-4.35.jar;D:\Eclipse\apache-tomcat-11.0.7\lib\el-api.jar;D:\Eclipse\apache-tomcat-11.0.7\lib\jakartaee-migration-1.0.9-shaded.jar;D:\Eclipse\apache-tomcat-11.0.7\lib\jasper-el.jar;D:\Eclipse\apache-tomcat-11.0.7\lib\jasper.jar;D:\Eclipse\apache-tomcat-11.0.7\lib\jaspic-api.jar;D:\Eclipse\apache-tomcat-11.0.7\lib\jsp-api.jar;D:\Eclipse\apache-tomcat-11.0.7\lib\servlet-api.jar;D:\Eclipse\apache-tomcat-11.0.7\lib\tomcat-api.jar;D:\Eclipse\apache-tomcat-11.0.7\lib\tomcat-coyote-ffm.jar;D:\Eclipse\apache-tomcat-11.0.7\lib\tomcat-coyote.jar;D:\Eclipse\apache-tomcat-11.0.7\lib\tomcat-dbcp.jar;D:\Eclipse\apache-tomcat-11.0.7\lib\tomcat-i18n-cs.jar;D:\Eclipse\apache-tomcat-11.0.7\lib\tomcat-i18n-de.jar;D:\Eclipse\apache-tomcat-11.0.7\lib\tomcat-i18n-es.jar;D:\Eclipse\apache-tomcat-11.0.7\lib\tomcat-i18n-fr.jar;D:\Eclipse\apache-tomcat-11.0.7\lib\tomcat-i18n-ja.jar;D:\Eclipse\apache-tomcat-11.0.7\lib\tomcat-i18n-ko.jar;D:\Eclipse\apache-tomcat-11.0.7\lib\tomcat-i18n-pt-BR.jar;D:\Eclipse\apache-tomcat-11.0.7\lib\tomcat-i18n-ru.jar;D:\Eclipse\apache-tomcat-11.0.7\lib\tomcat-i18n-zh-CN.jar;D:\Eclipse\apache-tomcat-11.0.7\lib\tomcat-jdbc.jar;D:\Eclipse\apache-tomcat-11.0.7\lib\tomcat-jni.jar;D:\Eclipse\apache-tomcat-11.0.7\lib\tomcat-util-scan.jar;D:\Eclipse\apache-tomcat-11.0.7\lib\tomcat-util.jar;D:\Eclipse\apache-tomcat-11.0.7\lib\tomcat-websocket.jar;D:\Eclipse\apache-tomcat-11.0.7\lib\websocket-api.jar;D:\Eclipse\apache-tomcat-11.0.7\lib\websocket-client-api.jar;C:\Users\Harshil Gupta\Downloads\jcalendar-tz-1.3.3-4.jar;C:\Users\Harshil Gupta\Downloads\mysql-connector-j-9.3.0\mysql-connector-j-9.3.0\mysql-connector-j-9.3.0.jar
Launcher Type: SUN_STANDARD

[Global flags]
     intx CICompilerCount                          = 3                                         {product} {ergonomic}
     uint ConcGCThreads                            = 1                                         {product} {ergonomic}
     uint G1ConcRefinementThreads                  = 4                                         {product} {ergonomic}
   size_t G1HeapRegionSize                         = 1048576                                   {product} {ergonomic}
    uintx GCDrainStackTargetSize                   = 64                                        {product} {ergonomic}
   size_t InitialHeapSize                          = 100663296                                 {product} {ergonomic}
   size_t MarkStackSize                            = 4194304                                   {product} {ergonomic}
   size_t MaxHeapSize                              = 1595932672                                {product} {ergonomic}
   size_t MaxNewSize                               = 957349888                                 {product} {ergonomic}
   size_t MinHeapDeltaBytes                        = 1048576                                   {product} {ergonomic}
   size_t MinHeapSize                              = 8388608                                   {product} {ergonomic}
    uintx NonNMethodCodeHeapSize                   = 5832780                                {pd product} {ergonomic}
    uintx NonProfiledCodeHeapSize                  = 122912730                              {pd product} {ergonomic}
     bool PerfDisableSharedMem                     = true                                      {product} {ergonomic}
    uintx ProfiledCodeHeapSize                     = 122912730                              {pd product} {ergonomic}
    uintx ReservedCodeCacheSize                    = 251658240                              {pd product} {ergonomic}
     bool SegmentedCodeCache                       = true                                      {product} {ergonomic}
     bool ShowCodeDetailsInExceptionMessages       = true                                   {manageable} {command line}
   size_t SoftMaxHeapSize                          = 1595932672                             {manageable} {ergonomic}
     bool UseCompressedOops                        = true                           {product lp64_product} {ergonomic}
     bool UseG1GC                                  = true                                      {product} {ergonomic}
     bool UseLargePagesIndividualAllocation        = false                                  {pd product} {ergonomic}

Logging:
Log output configuration:
 #0: stdout all=warning uptime,level,tags foldmultilines=false
 #1: stderr all=off uptime,level,tags foldmultilines=false

Environment Variables:
JAVA_HOME=C:\Users\Harshil Gupta\AppData\Local\Programs\Eclipse Adoptium\jdk-17.0.9.9-hotspot\
PATH=D:/Eclipse/eclipse//plugins/org.eclipse.justj.openjdk.hotspot.jre.full.win32.x86_64_21.0.6.v20250130-0529/jre/bin/server;D:/Eclipse/eclipse//plugins/org.eclipse.justj.openjdk.hotspot.jre.full.win32.x86_64_21.0.6.v20250130-0529/jre/bin;C:\oraclexe\app\oracle\product\10.2.0\server\bin;C:\Program Files\Common Files\Oracle\Java\javapath;C:\Program Files (x86)\Common Files\Oracle\Java\java8path;C:\Program Files (x86)\Common Files\Oracle\Java\javapath;C:\Program Files\Python311\Scripts\;C:\Program Files\Python311\;C:\Windows\system32;C:\Windows;C:\Windows\System32\Wbem;C:\Windows\System32\WindowsPowerShell\v1.0\;C:\Windows\System32\OpenSSH\;C:\MinGW\bin;C:\Program Files\Git\cmd;C:\Program Files\Git\mingw64\bin;C:\Program Files\Git\usr\bin;C:\Program Files\MySQL\MySQL Server 8.0\bin;C:\ProgramData\chocolatey\bin;C:\Program Files\nodejs\;C:\Program Files\MySQL\MySQL Shell 8.0\bin\;C:\Users\Harshil Gupta\AppData\Local\Programs\Eclipse Adoptium\jdk-17.0.9.9-hotspot\bin;C:\Users\Harshil Gupta\AppData\Local\Microsoft\WindowsApps;;C:\Users\Harshil Gupta\AppData\Local\Programs\Microsoft VS Code\bin;C:\Users\Harshil Gupta\AppData\Local\Programs\mongosh\;C:\Users\Harshil Gupta\AppData\Roaming\npm;C:\Users\Harshil Gupta\OneDrive\Desktop;
USERNAME=Harshil Gupta
OS=Windows_NT
PROCESSOR_IDENTIFIER=AMD64 Family 23 Model 24 Stepping 1, AuthenticAMD
TMP=C:\Users\HARSHI~1\AppData\Local\Temp
TEMP=C:\Users\HARSHI~1\AppData\Local\Temp




Periodic native trim disabled

---------------  S Y S T E M  ---------------

OS:
 Windows 11 , 64 bit Build 22621 (10.0.22621.3958)
OS uptime: 1 days 8:26 hours
Hyper-V role detected

CPU: total 4 (initial active 4) (4 cores per cpu, 2 threads per core) family 23 model 24 stepping 1 microcode 0x0, cx8, cmov, fxsr, ht, mmx, 3dnowpref, sse, sse2, sse3, ssse3, sse4a, sse4.1, sse4.2, popcnt, lzcnt, tsc, tscinvbit, avx, avx2, aes, clmul, bmi1, bmi2, adx, sha, fma, vzeroupper, clflush, clflushopt, hv, rdtscp, f16c
Processor Information for the first 4 processors :
  Max Mhz: 2600, Current Mhz: 2600, Mhz Limit: 2600

Memory: 4k page, system-wide physical 6086M (286M free)
TotalPageFile size 24518M (AvailPageFile size 0M)
current process WorkingSet (physical memory assigned to process): 16M, peak: 99M
current process commit charge ("private bytes"): 212M, peak: 219M

vm_info: OpenJDK 64-Bit Server VM (21.0.6+7-LTS) for windows-amd64 JRE (21.0.6+7-LTS), built on 2025-01-21T00:00:00Z by "admin" with MS VC++ 17.7 (VS2022)

END.
