#
# There is insufficient memory for the Java Runtime Environment to continue.
# Native memory allocation (malloc) failed to allocate 32744 bytes. Error detail: Chunk::new
# Possible reasons:
#   The system is out of physical RAM or swap space
#   This process is running with CompressedOops enabled, and the Java Heap may be blocking the growth of the native heap
# Possible solutions:
#   Reduce memory load on the system
#   Increase physical memory or swap space
#   Check if swap backing store is full
#   Decrease Java heap size (-Xmx/-Xms)
#   Decrease number of Java threads
#   Decrease Java thread stack sizes (-Xss)
#   Set larger code cache with -XX:ReservedCodeCacheSize=
#   JVM is running with Unscaled Compressed Oops mode in which the Java heap is
#     placed in the first 4GB address space. The Java Heap base address is the
#     maximum limit for the native heap growth. Please use -XX:HeapBaseMinAddress
#     to set the Java Heap base and to place the Java Heap above 4GB virtual address.
# This output file may be truncated or incomplete.
#
#  Out of Memory Error (arena.cpp:168), pid=20272, tid=16700
#
# JRE version: OpenJDK Runtime Environment Temurin-21.0.6+7 (21.0.6+7) (build 21.0.6+7-LTS)
# Java VM: OpenJDK 64-Bit Server VM Temurin-21.0.6+7 (21.0.6+7-LTS, mixed mode, sharing, tiered, compressed oops, compressed class ptrs, g1 gc, windows-amd64)
# No core dump will be written. Minidumps are not enabled by default on client versions of Windows
#

---------------  S U M M A R Y ------------

Command Line: -Dfile.encoding=UTF-8 -Dstdout.encoding=UTF-8 -Dstderr.encoding=UTF-8 -XX:+ShowCodeDetailsInExceptionMessages com.bank.signupThree

Host: AMD Ryzen 3 3250U with Radeon Graphics         , 4 cores, 5G,  Windows 11 , 64 bit Build 22621 (10.0.22621.3958)
Time: Sun Jun 29 02:42:03 2025 India Standard Time elapsed time: 3327.858672 seconds (0d 0h 55m 27s)

---------------  T H R E A D  ---------------

Current thread (0x0000016f62ab4b80):  JavaThread "C1 CompilerThread0" daemon [_thread_in_native, id=16700, stack(0x0000006c68300000,0x0000006c68400000) (1024K)]


Current CompileTask:
C1:3327859 1334   !   3       sun.java2d.d3d.D3DScreenUpdateManager::run (267 bytes)

Stack: [0x0000006c68300000,0x0000006c68400000]
Native frames: (J=compiled Java code, j=interpreted, Vv=VM code, C=native code)
V  [jvm.dll+0x6cdee9]
V  [jvm.dll+0x8a83d1]
V  [jvm.dll+0x8aa8fe]
V  [jvm.dll+0x8aafe3]
V  [jvm.dll+0x27f706]
V  [jvm.dll+0xc500d]
V  [jvm.dll+0xc5543]
V  [jvm.dll+0x13e02e]
V  [jvm.dll+0x13d3c7]
V  [jvm.dll+0x19886b]
V  [jvm.dll+0x198b06]
V  [jvm.dll+0x1537e3]
V  [jvm.dll+0x153028]
V  [jvm.dll+0x153274]
V  [jvm.dll+0x1526a6]
V  [jvm.dll+0x15447d]
V  [jvm.dll+0x25685a]
V  [jvm.dll+0x254dfa]
V  [jvm.dll+0x3f0256]
V  [jvm.dll+0x851f8b]
V  [jvm.dll+0x6cc5ed]
C  [ucrtbase.dll+0x29333]
C  [KERNEL32.DLL+0x1257d]
C  [ntdll.dll+0x5af08]


---------------  P R O C E S S  ---------------

Threads class SMR info:
_java_thread_list=0x0000016f67de1e70, length=16, elements={
0x0000016f62a91770, 0x0000016f62a94d40, 0x0000016f62a974a0, 0x0000016f62a98020,
0x0000016f62a99030, 0x0000016f62a9b230, 0x0000016f62a9e890, 0x0000016f62ab4b80,
0x0000016f62bdba30, 0x0000016f62be1270, 0x0000016f62e27a00, 0x0000016f62e28060,
0x0000016f62f205c0, 0x0000016f67d84220, 0x0000016f49b4f550, 0x0000016f62bfb460
}

Java Threads: ( => current thread )
  0x0000016f62a91770 JavaThread "Reference Handler"          daemon [_thread_blocked, id=15524, stack(0x0000006c67c00000,0x0000006c67d00000) (1024K)]
  0x0000016f62a94d40 JavaThread "Finalizer"                  daemon [_thread_blocked, id=19896, stack(0x0000006c67d00000,0x0000006c67e00000) (1024K)]
  0x0000016f62a974a0 JavaThread "Signal Dispatcher"          daemon [_thread_blocked, id=21224, stack(0x0000006c67e00000,0x0000006c67f00000) (1024K)]
  0x0000016f62a98020 JavaThread "Attach Listener"            daemon [_thread_blocked, id=22408, stack(0x0000006c67f00000,0x0000006c68000000) (1024K)]
  0x0000016f62a99030 JavaThread "Service Thread"             daemon [_thread_blocked, id=5488, stack(0x0000006c68000000,0x0000006c68100000) (1024K)]
  0x0000016f62a9b230 JavaThread "Monitor Deflation Thread"   daemon [_thread_blocked, id=20864, stack(0x0000006c68100000,0x0000006c68200000) (1024K)]
  0x0000016f62a9e890 JavaThread "C2 CompilerThread0"         daemon [_thread_blocked, id=15372, stack(0x0000006c68200000,0x0000006c68300000) (1024K)]
=>0x0000016f62ab4b80 JavaThread "C1 CompilerThread0"         daemon [_thread_in_native, id=16700, stack(0x0000006c68300000,0x0000006c68400000) (1024K)]
  0x0000016f62bdba30 JavaThread "Notification Thread"        daemon [_thread_blocked, id=22016, stack(0x0000006c68400000,0x0000006c68500000) (1024K)]
  0x0000016f62be1270 JavaThread "Common-Cleaner"             daemon [_thread_blocked, id=21044, stack(0x0000006c68500000,0x0000006c68600000) (1024K)]
  0x0000016f62e27a00 JavaThread "Java2D Disposer"            daemon [_thread_blocked, id=22216, stack(0x0000006c68600000,0x0000006c68700000) (1024K)]
  0x0000016f62e28060 JavaThread "AWT-Shutdown"                      [_thread_blocked, id=22192, stack(0x0000006c68700000,0x0000006c68800000) (1024K)]
  0x0000016f62f205c0 JavaThread "AWT-Windows"                daemon [_thread_in_native, id=20624, stack(0x0000006c68800000,0x0000006c68900000) (1024K)]
  0x0000016f67d84220 JavaThread "AWT-EventQueue-0"                  [_thread_blocked, id=4372, stack(0x0000006c68f00000,0x0000006c69000000) (1024K)]
  0x0000016f49b4f550 JavaThread "DestroyJavaVM"                     [_thread_blocked, id=21908, stack(0x0000006c67400000,0x0000006c67500000) (1024K)]
  0x0000016f62bfb460 JavaThread "D3D Screen Updater"         daemon [_thread_blocked, id=16024, stack(0x0000006c69000000,0x0000006c69100000) (1024K)]
Total: 16

Other Threads:
  0x0000016f62a7a240 VMThread "VM Thread"                           [id=1072, stack(0x0000006c67b00000,0x0000006c67c00000) (1024K)]
  0x0000016f62a661b0 WatcherThread "VM Periodic Task Thread"        [id=22236, stack(0x0000006c67a00000,0x0000006c67b00000) (1024K)]
  0x0000016f4bee4a60 WorkerThread "GC Thread#0"                     [id=21168, stack(0x0000006c67500000,0x0000006c67600000) (1024K)]
  0x0000016f67cf9630 WorkerThread "GC Thread#1"                     [id=20856, stack(0x0000006c69100000,0x0000006c69200000) (1024K)]
  0x0000016f67cf99d0 WorkerThread "GC Thread#2"                     [id=21088, stack(0x0000006c69200000,0x0000006c69300000) (1024K)]
  0x0000016f67cf8ef0 WorkerThread "GC Thread#3"                     [id=1316, stack(0x0000006c69300000,0x0000006c69400000) (1024K)]
  0x0000016f4bef29e0 ConcurrentGCThread "G1 Main Marker"            [id=20712, stack(0x0000006c67600000,0x0000006c67700000) (1024K)]
  0x0000016f4bef34e0 WorkerThread "G1 Conc#0"                       [id=21812, stack(0x0000006c67700000,0x0000006c67800000) (1024K)]
  0x0000016f4bf56a50 ConcurrentGCThread "G1 Refine#0"               [id=12928, stack(0x0000006c67800000,0x0000006c67900000) (1024K)]
  0x0000016f629406e0 ConcurrentGCThread "G1 Service"                [id=8944, stack(0x0000006c67900000,0x0000006c67a00000) (1024K)]
Total: 10

Threads with active compile tasks:
C1 CompilerThread0  3327923 1334   !   3       sun.java2d.d3d.D3DScreenUpdateManager::run (267 bytes)
Total: 1

VM state: not at safepoint (normal execution)

VM Mutex/Monitor currently owned by a thread: None

Heap address: 0x00000000a0e00000, size: 1522 MB, Compressed Oops mode: 32-bit

CDS archive(s) mapped at: [0x0000016f00000000-0x0000016f00c80000-0x0000016f00c80000), size 13107200, SharedBaseAddress: 0x0000016f00000000, ArchiveRelocationMode: 1.
Compressed class space mapped at: 0x0000016f01000000-0x0000016f41000000, reserved size: 1073741824
Narrow klass base: 0x0000016f00000000, Narrow klass shift: 0, Narrow klass range: 0x100000000

GC Precious Log:
 CardTable entry size: 512
 Card Set container configuration: InlinePtr #cards 5 size 8 Array Of Cards #cards 12 size 40 Howl #buckets 4 coarsen threshold 1843 Howl Bitmap #cards 512 size 80 coarsen threshold 460 Card regions per heap region 1 cards per card region 2048
 CPUs: 4 total, 4 available
 Memory: 6086M
 Large Page Support: Disabled
 NUMA Support: Disabled
 Compressed Oops: Enabled (32-bit)
 Heap Region Size: 1M
 Heap Min Capacity: 8M
 Heap Initial Capacity: 96M
 Heap Max Capacity: 1522M
 Pre-touch: Disabled
 Parallel Workers: 4
 Concurrent Workers: 1
 Concurrent Refinement Workers: 4
 Periodic GC: Disabled

Heap:
 garbage-first heap   total 98304K, used 8592K [0x00000000a0e00000, 0x0000000100000000)
  region size 1024K, 8 young (8192K), 2 survivors (2048K)
 Metaspace       used 7415K, committed 7616K, reserved 1114112K
  class space    used 774K, committed 896K, reserved 1048576K

Heap Regions: E=young(eden), S=young(survivor), O=old, HS=humongous(starts), HC=humongous(continues), CS=collection set, F=free, TAMS=top-at-mark-start, PB=parsable bottom
|   0|0x00000000a0e00000, 0x00000000a0f00000, 0x00000000a0f00000|100%| O|  |TAMS 0x00000000a0e00000| PB 0x00000000a0e00000| Untracked 
|   1|0x00000000a0f00000, 0x00000000a0f64000, 0x00000000a1000000| 39%| O|  |TAMS 0x00000000a0f00000| PB 0x00000000a0f00000| Untracked 
|   2|0x00000000a1000000, 0x00000000a1000000, 0x00000000a1100000|  0%| F|  |TAMS 0x00000000a1000000| PB 0x00000000a1000000| Untracked 
|   3|0x00000000a1100000, 0x00000000a1100000, 0x00000000a1200000|  0%| F|  |TAMS 0x00000000a1100000| PB 0x00000000a1100000| Untracked 
|   4|0x00000000a1200000, 0x00000000a1200000, 0x00000000a1300000|  0%| F|  |TAMS 0x00000000a1200000| PB 0x00000000a1200000| Untracked 
|   5|0x00000000a1300000, 0x00000000a1300000, 0x00000000a1400000|  0%| F|  |TAMS 0x00000000a1300000| PB 0x00000000a1300000| Untracked 
|   6|0x00000000a1400000, 0x00000000a1400000, 0x00000000a1500000|  0%| F|  |TAMS 0x00000000a1400000| PB 0x00000000a1400000| Untracked 
|   7|0x00000000a1500000, 0x00000000a1500000, 0x00000000a1600000|  0%| F|  |TAMS 0x00000000a1500000| PB 0x00000000a1500000| Untracked 
|   8|0x00000000a1600000, 0x00000000a1600000, 0x00000000a1700000|  0%| F|  |TAMS 0x00000000a1600000| PB 0x00000000a1600000| Untracked 
|   9|0x00000000a1700000, 0x00000000a1700000, 0x00000000a1800000|  0%| F|  |TAMS 0x00000000a1700000| PB 0x00000000a1700000| Untracked 
|  10|0x00000000a1800000, 0x00000000a1800000, 0x00000000a1900000|  0%| F|  |TAMS 0x00000000a1800000| PB 0x00000000a1800000| Untracked 
|  11|0x00000000a1900000, 0x00000000a1900000, 0x00000000a1a00000|  0%| F|  |TAMS 0x00000000a1900000| PB 0x00000000a1900000| Untracked 
|  12|0x00000000a1a00000, 0x00000000a1a00000, 0x00000000a1b00000|  0%| F|  |TAMS 0x00000000a1a00000| PB 0x00000000a1a00000| Untracked 
|  13|0x00000000a1b00000, 0x00000000a1b00000, 0x00000000a1c00000|  0%| F|  |TAMS 0x00000000a1b00000| PB 0x00000000a1b00000| Untracked 
|  14|0x00000000a1c00000, 0x00000000a1c00000, 0x00000000a1d00000|  0%| F|  |TAMS 0x00000000a1c00000| PB 0x00000000a1c00000| Untracked 
|  15|0x00000000a1d00000, 0x00000000a1d00000, 0x00000000a1e00000|  0%| F|  |TAMS 0x00000000a1d00000| PB 0x00000000a1d00000| Untracked 
|  16|0x00000000a1e00000, 0x00000000a1e00000, 0x00000000a1f00000|  0%| F|  |TAMS 0x00000000a1e00000| PB 0x00000000a1e00000| Untracked 
|  17|0x00000000a1f00000, 0x00000000a1f00000, 0x00000000a2000000|  0%| F|  |TAMS 0x00000000a1f00000| PB 0x00000000a1f00000| Untracked 
|  18|0x00000000a2000000, 0x00000000a2000000, 0x00000000a2100000|  0%| F|  |TAMS 0x00000000a2000000| PB 0x00000000a2000000| Untracked 
|  19|0x00000000a2100000, 0x00000000a2100000, 0x00000000a2200000|  0%| F|  |TAMS 0x00000000a2100000| PB 0x00000000a2100000| Untracked 
|  20|0x00000000a2200000, 0x00000000a2200000, 0x00000000a2300000|  0%| F|  |TAMS 0x00000000a2200000| PB 0x00000000a2200000| Untracked 
|  21|0x00000000a2300000, 0x00000000a2300000, 0x00000000a2400000|  0%| F|  |TAMS 0x00000000a2300000| PB 0x00000000a2300000| Untracked 
|  22|0x00000000a2400000, 0x00000000a2400000, 0x00000000a2500000|  0%| F|  |TAMS 0x00000000a2400000| PB 0x00000000a2400000| Untracked 
|  23|0x00000000a2500000, 0x00000000a2500000, 0x00000000a2600000|  0%| F|  |TAMS 0x00000000a2500000| PB 0x00000000a2500000| Untracked 
|  24|0x00000000a2600000, 0x00000000a2600000, 0x00000000a2700000|  0%| F|  |TAMS 0x00000000a2600000| PB 0x00000000a2600000| Untracked 
|  25|0x00000000a2700000, 0x00000000a2700000, 0x00000000a2800000|  0%| F|  |TAMS 0x00000000a2700000| PB 0x00000000a2700000| Untracked 
|  26|0x00000000a2800000, 0x00000000a2800000, 0x00000000a2900000|  0%| F|  |TAMS 0x00000000a2800000| PB 0x00000000a2800000| Untracked 
|  27|0x00000000a2900000, 0x00000000a2900000, 0x00000000a2a00000|  0%| F|  |TAMS 0x00000000a2900000| PB 0x00000000a2900000| Untracked 
|  28|0x00000000a2a00000, 0x00000000a2a00000, 0x00000000a2b00000|  0%| F|  |TAMS 0x00000000a2a00000| PB 0x00000000a2a00000| Untracked 
|  29|0x00000000a2b00000, 0x00000000a2b00000, 0x00000000a2c00000|  0%| F|  |TAMS 0x00000000a2b00000| PB 0x00000000a2b00000| Untracked 
|  30|0x00000000a2c00000, 0x00000000a2c00000, 0x00000000a2d00000|  0%| F|  |TAMS 0x00000000a2c00000| PB 0x00000000a2c00000| Untracked 
|  31|0x00000000a2d00000, 0x00000000a2d00000, 0x00000000a2e00000|  0%| F|  |TAMS 0x00000000a2d00000| PB 0x00000000a2d00000| Untracked 
|  32|0x00000000a2e00000, 0x00000000a2e00000, 0x00000000a2f00000|  0%| F|  |TAMS 0x00000000a2e00000| PB 0x00000000a2e00000| Untracked 
|  33|0x00000000a2f00000, 0x00000000a2f00000, 0x00000000a3000000|  0%| F|  |TAMS 0x00000000a2f00000| PB 0x00000000a2f00000| Untracked 
|  34|0x00000000a3000000, 0x00000000a3000000, 0x00000000a3100000|  0%| F|  |TAMS 0x00000000a3000000| PB 0x00000000a3000000| Untracked 
|  35|0x00000000a3100000, 0x00000000a3100000, 0x00000000a3200000|  0%| F|  |TAMS 0x00000000a3100000| PB 0x00000000a3100000| Untracked 
|  36|0x00000000a3200000, 0x00000000a3200000, 0x00000000a3300000|  0%| F|  |TAMS 0x00000000a3200000| PB 0x00000000a3200000| Untracked 
|  37|0x00000000a3300000, 0x00000000a3300000, 0x00000000a3400000|  0%| F|  |TAMS 0x00000000a3300000| PB 0x00000000a3300000| Untracked 
|  38|0x00000000a3400000, 0x00000000a3400000, 0x00000000a3500000|  0%| F|  |TAMS 0x00000000a3400000| PB 0x00000000a3400000| Untracked 
|  39|0x00000000a3500000, 0x00000000a3500000, 0x00000000a3600000|  0%| F|  |TAMS 0x00000000a3500000| PB 0x00000000a3500000| Untracked 
|  40|0x00000000a3600000, 0x00000000a3600000, 0x00000000a3700000|  0%| F|  |TAMS 0x00000000a3600000| PB 0x00000000a3600000| Untracked 
|  41|0x00000000a3700000, 0x00000000a3700000, 0x00000000a3800000|  0%| F|  |TAMS 0x00000000a3700000| PB 0x00000000a3700000| Untracked 
|  42|0x00000000a3800000, 0x00000000a3800000, 0x00000000a3900000|  0%| F|  |TAMS 0x00000000a3800000| PB 0x00000000a3800000| Untracked 
|  43|0x00000000a3900000, 0x00000000a3900000, 0x00000000a3a00000|  0%| F|  |TAMS 0x00000000a3900000| PB 0x00000000a3900000| Untracked 
|  44|0x00000000a3a00000, 0x00000000a3a00000, 0x00000000a3b00000|  0%| F|  |TAMS 0x00000000a3a00000| PB 0x00000000a3a00000| Untracked 
|  45|0x00000000a3b00000, 0x00000000a3b00000, 0x00000000a3c00000|  0%| F|  |TAMS 0x00000000a3b00000| PB 0x00000000a3b00000| Untracked 
|  46|0x00000000a3c00000, 0x00000000a3c00000, 0x00000000a3d00000|  0%| F|  |TAMS 0x00000000a3c00000| PB 0x00000000a3c00000| Untracked 
|  47|0x00000000a3d00000, 0x00000000a3d00000, 0x00000000a3e00000|  0%| F|  |TAMS 0x00000000a3d00000| PB 0x00000000a3d00000| Untracked 
|  48|0x00000000a3e00000, 0x00000000a3e00000, 0x00000000a3f00000|  0%| F|  |TAMS 0x00000000a3e00000| PB 0x00000000a3e00000| Untracked 
|  49|0x00000000a3f00000, 0x00000000a3f00000, 0x00000000a4000000|  0%| F|  |TAMS 0x00000000a3f00000| PB 0x00000000a3f00000| Untracked 
|  50|0x00000000a4000000, 0x00000000a4000000, 0x00000000a4100000|  0%| F|  |TAMS 0x00000000a4000000| PB 0x00000000a4000000| Untracked 
|  51|0x00000000a4100000, 0x00000000a4100000, 0x00000000a4200000|  0%| F|  |TAMS 0x00000000a4100000| PB 0x00000000a4100000| Untracked 
|  52|0x00000000a4200000, 0x00000000a4200000, 0x00000000a4300000|  0%| F|  |TAMS 0x00000000a4200000| PB 0x00000000a4200000| Untracked 
|  53|0x00000000a4300000, 0x00000000a4300000, 0x00000000a4400000|  0%| F|  |TAMS 0x00000000a4300000| PB 0x00000000a4300000| Untracked 
|  54|0x00000000a4400000, 0x00000000a4400000, 0x00000000a4500000|  0%| F|  |TAMS 0x00000000a4400000| PB 0x00000000a4400000| Untracked 
|  55|0x00000000a4500000, 0x00000000a4500000, 0x00000000a4600000|  0%| F|  |TAMS 0x00000000a4500000| PB 0x00000000a4500000| Untracked 
|  56|0x00000000a4600000, 0x00000000a4600000, 0x00000000a4700000|  0%| F|  |TAMS 0x00000000a4600000| PB 0x00000000a4600000| Untracked 
|  57|0x00000000a4700000, 0x00000000a4700000, 0x00000000a4800000|  0%| F|  |TAMS 0x00000000a4700000| PB 0x00000000a4700000| Untracked 
|  58|0x00000000a4800000, 0x00000000a4800000, 0x00000000a4900000|  0%| F|  |TAMS 0x00000000a4800000| PB 0x00000000a4800000| Untracked 
|  59|0x00000000a4900000, 0x00000000a4900000, 0x00000000a4a00000|  0%| F|  |TAMS 0x00000000a4900000| PB 0x00000000a4900000| Untracked 
|  60|0x00000000a4a00000, 0x00000000a4a00000, 0x00000000a4b00000|  0%| F|  |TAMS 0x00000000a4a00000| PB 0x00000000a4a00000| Untracked 
|  61|0x00000000a4b00000, 0x00000000a4b00000, 0x00000000a4c00000|  0%| F|  |TAMS 0x00000000a4b00000| PB 0x00000000a4b00000| Untracked 
|  62|0x00000000a4c00000, 0x00000000a4c00000, 0x00000000a4d00000|  0%| F|  |TAMS 0x00000000a4c00000| PB 0x00000000a4c00000| Untracked 
|  63|0x00000000a4d00000, 0x00000000a4d00000, 0x00000000a4e00000|  0%| F|  |TAMS 0x00000000a4d00000| PB 0x00000000a4d00000| Untracked 
|  64|0x00000000a4e00000, 0x00000000a4e00000, 0x00000000a4f00000|  0%| F|  |TAMS 0x00000000a4e00000| PB 0x00000000a4e00000| Untracked 
|  65|0x00000000a4f00000, 0x00000000a4f00000, 0x00000000a5000000|  0%| F|  |TAMS 0x00000000a4f00000| PB 0x00000000a4f00000| Untracked 
|  66|0x00000000a5000000, 0x00000000a5000000, 0x00000000a5100000|  0%| F|  |TAMS 0x00000000a5000000| PB 0x00000000a5000000| Untracked 
|  67|0x00000000a5100000, 0x00000000a5100000, 0x00000000a5200000|  0%| F|  |TAMS 0x00000000a5100000| PB 0x00000000a5100000| Untracked 
|  68|0x00000000a5200000, 0x00000000a5200000, 0x00000000a5300000|  0%| F|  |TAMS 0x00000000a5200000| PB 0x00000000a5200000| Untracked 
|  69|0x00000000a5300000, 0x00000000a5300000, 0x00000000a5400000|  0%| F|  |TAMS 0x00000000a5300000| PB 0x00000000a5300000| Untracked 
|  70|0x00000000a5400000, 0x00000000a5400000, 0x00000000a5500000|  0%| F|  |TAMS 0x00000000a5400000| PB 0x00000000a5400000| Untracked 
|  71|0x00000000a5500000, 0x00000000a5500000, 0x00000000a5600000|  0%| F|  |TAMS 0x00000000a5500000| PB 0x00000000a5500000| Untracked 
|  72|0x00000000a5600000, 0x00000000a5600000, 0x00000000a5700000|  0%| F|  |TAMS 0x00000000a5600000| PB 0x00000000a5600000| Untracked 
|  73|0x00000000a5700000, 0x00000000a5700000, 0x00000000a5800000|  0%| F|  |TAMS 0x00000000a5700000| PB 0x00000000a5700000| Untracked 
|  74|0x00000000a5800000, 0x00000000a5800000, 0x00000000a5900000|  0%| F|  |TAMS 0x00000000a5800000| PB 0x00000000a5800000| Untracked 
|  75|0x00000000a5900000, 0x00000000a5900000, 0x00000000a5a00000|  0%| F|  |TAMS 0x00000000a5900000| PB 0x00000000a5900000| Untracked 
|  76|0x00000000a5a00000, 0x00000000a5a00000, 0x00000000a5b00000|  0%| F|  |TAMS 0x00000000a5a00000| PB 0x00000000a5a00000| Untracked 
|  77|0x00000000a5b00000, 0x00000000a5b00000, 0x00000000a5c00000|  0%| F|  |TAMS 0x00000000a5b00000| PB 0x00000000a5b00000| Untracked 
|  78|0x00000000a5c00000, 0x00000000a5c00000, 0x00000000a5d00000|  0%| F|  |TAMS 0x00000000a5c00000| PB 0x00000000a5c00000| Untracked 
|  79|0x00000000a5d00000, 0x00000000a5d00000, 0x00000000a5e00000|  0%| F|  |TAMS 0x00000000a5d00000| PB 0x00000000a5d00000| Untracked 
|  80|0x00000000a5e00000, 0x00000000a5e00000, 0x00000000a5f00000|  0%| F|  |TAMS 0x00000000a5e00000| PB 0x00000000a5e00000| Untracked 
|  81|0x00000000a5f00000, 0x00000000a6000000, 0x00000000a6000000|100%| S|CS|TAMS 0x00000000a5f00000| PB 0x00000000a5f00000| Complete 
|  82|0x00000000a6000000, 0x00000000a6100000, 0x00000000a6100000|100%| S|CS|TAMS 0x00000000a6000000| PB 0x00000000a6000000| Complete 
|  83|0x00000000a6100000, 0x00000000a6100000, 0x00000000a6200000|  0%| F|  |TAMS 0x00000000a6100000| PB 0x00000000a6100000| Untracked 
|  84|0x00000000a6200000, 0x00000000a6200000, 0x00000000a6300000|  0%| F|  |TAMS 0x00000000a6200000| PB 0x00000000a6200000| Untracked 
|  85|0x00000000a6300000, 0x00000000a6300000, 0x00000000a6400000|  0%| F|  |TAMS 0x00000000a6300000| PB 0x00000000a6300000| Untracked 
|  86|0x00000000a6400000, 0x00000000a6400000, 0x00000000a6500000|  0%| F|  |TAMS 0x00000000a6400000| PB 0x00000000a6400000| Untracked 
|  87|0x00000000a6500000, 0x00000000a6500000, 0x00000000a6600000|  0%| F|  |TAMS 0x00000000a6500000| PB 0x00000000a6500000| Untracked 
|  88|0x00000000a6600000, 0x00000000a6600000, 0x00000000a6700000|  0%| F|  |TAMS 0x00000000a6600000| PB 0x00000000a6600000| Untracked 
|  89|0x00000000a6700000, 0x00000000a6700000, 0x00000000a6800000|  0%| F|  |TAMS 0x00000000a6700000| PB 0x00000000a6700000| Untracked 
|  90|0x00000000a6800000, 0x00000000a681c2a0, 0x00000000a6900000| 11%| E|  |TAMS 0x00000000a6800000| PB 0x00000000a6800000| Complete 
|  91|0x00000000a6900000, 0x00000000a6a00000, 0x00000000a6a00000|100%| E|CS|TAMS 0x00000000a6900000| PB 0x00000000a6900000| Complete 
|  92|0x00000000a6a00000, 0x00000000a6b00000, 0x00000000a6b00000|100%| E|CS|TAMS 0x00000000a6a00000| PB 0x00000000a6a00000| Complete 
|  93|0x00000000a6b00000, 0x00000000a6c00000, 0x00000000a6c00000|100%| E|CS|TAMS 0x00000000a6b00000| PB 0x00000000a6b00000| Complete 
|  94|0x00000000a6c00000, 0x00000000a6d00000, 0x00000000a6d00000|100%| E|CS|TAMS 0x00000000a6c00000| PB 0x00000000a6c00000| Complete 
|  95|0x00000000a6d00000, 0x00000000a6e00000, 0x00000000a6e00000|100%| E|CS|TAMS 0x00000000a6d00000| PB 0x00000000a6d00000| Complete 

Card table byte_map: [0x0000016f5eb30000,0x0000016f5ee30000] _byte_map_base: 0x0000016f5e629000

Marking Bits: (CMBitMap*) 0x0000016f4bee5160
 Bits: [0x0000016f5ee30000, 0x0000016f605f8000)

Polling page: 0x0000016f49d50000

Metaspace:

Usage:
  Non-class:      6.48 MB used.
      Class:    774.48 KB used.
       Both:      7.24 MB used.

Virtual space:
  Non-class space:       64.00 MB reserved,       6.56 MB ( 10%) committed,  1 nodes.
      Class space:        1.00 GB reserved,     896.00 KB ( <1%) committed,  1 nodes.
             Both:        1.06 GB reserved,       7.44 MB ( <1%) committed. 

Chunk freelists:
   Non-Class:  9.00 MB
       Class:  15.11 MB
        Both:  24.11 MB

MaxMetaspaceSize: unlimited
CompressedClassSpaceSize: 1.00 GB
Initial GC threshold: 21.00 MB
Current GC threshold: 21.00 MB
CDS: on
 - commit_granule_bytes: 65536.
 - commit_granule_words: 8192.
 - virtual_space_node_default_size: 8388608.
 - enlarge_chunks_in_place: 1.
 - use_allocation_guard: 0.


Internal statistics:

num_allocs_failed_limit: 0.
num_arena_births: 140.
num_arena_deaths: 0.
num_vsnodes_births: 2.
num_vsnodes_deaths: 0.
num_space_committed: 119.
num_space_uncommitted: 0.
num_chunks_returned_to_freelist: 0.
num_chunks_taken_from_freelist: 178.
num_chunk_merges: 0.
num_chunk_splits: 105.
num_chunks_enlarged: 39.
num_inconsistent_stats: 0.

CodeHeap 'non-profiled nmethods': size=120000Kb used=417Kb max_used=417Kb free=119582Kb
 bounds [0x0000016f57300000, 0x0000016f57570000, 0x0000016f5e830000]
CodeHeap 'profiled nmethods': size=120000Kb used=2291Kb max_used=2291Kb free=117708Kb
 bounds [0x0000016f4f830000, 0x0000016f4faa0000, 0x0000016f56d60000]
CodeHeap 'non-nmethods': size=5760Kb used=1526Kb max_used=1547Kb free=4233Kb
 bounds [0x0000016f56d60000, 0x0000016f56fd0000, 0x0000016f57300000]
 total_blobs=1931 nmethods=1333 adapters=503
 compilation: enabled
              stopped_count=0, restarted_count=0
 full_count=0

Compilation events (20 events):
Event: 497.331 Thread 0x0000016f62a9e890 nmethod 1323 0x0000016f57365810 code [0x0000016f573659c0, 0x0000016f57365e80]
Event: 511.434 Thread 0x0000016f62a9e890 1324       4       java.util.Arrays::copyOf (40 bytes)
Event: 511.444 Thread 0x0000016f62a9e890 nmethod 1324 0x0000016f57366110 code [0x0000016f573662c0, 0x0000016f573667d8]
Event: 554.613 Thread 0x0000016f62a9e890 1325   !   4       java.lang.Object::wait (50 bytes)
Event: 554.619 Thread 0x0000016f62a9e890 nmethod 1325 0x0000016f57366a10 code [0x0000016f57366bc0, 0x0000016f57366d40]
Event: 579.484 Thread 0x0000016f62a9e890 1326       4       java.util.ArrayList::toArray (57 bytes)
Event: 579.489 Thread 0x0000016f62a9e890 nmethod 1326 0x0000016f57366f90 code [0x0000016f57367120, 0x0000016f573674c0]
Event: 584.391 Thread 0x0000016f62a9e890 1327       4       sun.java2d.d3d.D3DSurfaceData$D3DWindowSurfaceData::isDirty (18 bytes)
Event: 584.394 Thread 0x0000016f62a9e890 nmethod 1327 0x0000016f57367610 code [0x0000016f573677a0, 0x0000016f573678a0]
Event: 593.564 Thread 0x0000016f62a9e890 1328       4       java.util.ArrayList::toArray (57 bytes)
Event: 593.573 Thread 0x0000016f62a9e890 nmethod 1328 0x0000016f57367990 code [0x0000016f57367b40, 0x0000016f57367fd8]
Event: 1397.747 Thread 0x0000016f62ab4b80 1330       3       java.util.IdentityHashMap$IdentityHashMapIterator::nextIndex (72 bytes)
Event: 1397.747 Thread 0x0000016f62ab4b80 nmethod 1330 0x0000016f4fa67310 code [0x0000016f4fa67500, 0x0000016f4fa67880]
Event: 1397.749 Thread 0x0000016f62ab4b80 1331       3       java.beans.PropertyChangeSupport::firePropertyChange (35 bytes)
Event: 1397.751 Thread 0x0000016f62ab4b80 nmethod 1331 0x0000016f4fa67a10 code [0x0000016f4fa67c20, 0x0000016f4fa68398]
Event: 1456.955 Thread 0x0000016f62ab4b80 1332   !   3       java.awt.Toolkit::setDesktopProperty (81 bytes)
Event: 1456.956 Thread 0x0000016f62ab4b80 nmethod 1332 0x0000016f4fa68590 code [0x0000016f4fa687c0, 0x0000016f4fa69000]
Event: 3272.496 Thread 0x0000016f62ab4b80 1333 % !   3       sun.java2d.d3d.D3DScreenUpdateManager::run @ 0 (267 bytes)
Event: 3272.528 Thread 0x0000016f62ab4b80 nmethod 1333% 0x0000016f4fa69290 code [0x0000016f4fa69700, 0x0000016f4fa6be88]
Event: 3327.841 Thread 0x0000016f62ab4b80 1334   !   3       sun.java2d.d3d.D3DScreenUpdateManager::run (267 bytes)

GC Heap History (2 events):
Event: 1.777 GC heap before
{Heap before GC invocations=0 (full 0):
 garbage-first heap   total 98304K, used 13312K [0x00000000a0e00000, 0x0000000100000000)
  region size 1024K, 13 young (13312K), 0 survivors (0K)
 Metaspace       used 6532K, committed 6784K, reserved 1114112K
  class space    used 693K, committed 832K, reserved 1048576K
}
Event: 1.787 GC heap after
{Heap after GC invocations=1 (full 0):
 garbage-first heap   total 98304K, used 3472K [0x00000000a0e00000, 0x0000000100000000)
  region size 1024K, 2 young (2048K), 2 survivors (2048K)
 Metaspace       used 6532K, committed 6784K, reserved 1114112K
  class space    used 693K, committed 832K, reserved 1048576K
}

Dll operation events (9 events):
Event: 0.016 Loaded shared library D:\Eclipse\eclipse\plugins\org.eclipse.justj.openjdk.hotspot.jre.full.win32.x86_64_21.0.6.v20250130-0529\jre\bin\java.dll
Event: 0.106 Loaded shared library D:\Eclipse\eclipse\plugins\org.eclipse.justj.openjdk.hotspot.jre.full.win32.x86_64_21.0.6.v20250130-0529\jre\bin\zip.dll
Event: 0.268 Loaded shared library D:\Eclipse\eclipse\plugins\org.eclipse.justj.openjdk.hotspot.jre.full.win32.x86_64_21.0.6.v20250130-0529\jre\bin\jimage.dll
Event: 0.281 Loaded shared library D:\Eclipse\eclipse\plugins\org.eclipse.justj.openjdk.hotspot.jre.full.win32.x86_64_21.0.6.v20250130-0529\jre\bin\net.dll
Event: 0.286 Loaded shared library D:\Eclipse\eclipse\plugins\org.eclipse.justj.openjdk.hotspot.jre.full.win32.x86_64_21.0.6.v20250130-0529\jre\bin\nio.dll
Event: 0.294 Loaded shared library D:\Eclipse\eclipse\plugins\org.eclipse.justj.openjdk.hotspot.jre.full.win32.x86_64_21.0.6.v20250130-0529\jre\bin\zip.dll
Event: 0.424 Loaded shared library D:\Eclipse\eclipse\plugins\org.eclipse.justj.openjdk.hotspot.jre.full.win32.x86_64_21.0.6.v20250130-0529\jre\bin\awt.dll
Event: 1.068 Loaded shared library D:\Eclipse\eclipse\plugins\org.eclipse.justj.openjdk.hotspot.jre.full.win32.x86_64_21.0.6.v20250130-0529\jre\bin\freetype.dll
Event: 1.071 Loaded shared library D:\Eclipse\eclipse\plugins\org.eclipse.justj.openjdk.hotspot.jre.full.win32.x86_64_21.0.6.v20250130-0529\jre\bin\fontmanager.dll

Deoptimization events (20 events):
Event: 1.712 Thread 0x0000016f67d84220 Uncommon trap: trap_request=0xffffff45 fr.pc=0x0000016f5730c2d4 relative=0x00000000000000b4
Event: 1.712 Thread 0x0000016f67d84220 Uncommon trap: reason=unstable_if action=reinterpret pc=0x0000016f5730c2d4 method=java.lang.String.hashCode()I @ 20 c2
Event: 1.712 Thread 0x0000016f67d84220 DEOPT PACKING pc=0x0000016f5730c2d4 sp=0x0000006c68ffcd30
Event: 1.713 Thread 0x0000016f67d84220 DEOPT UNPACKING pc=0x0000016f56db46a2 sp=0x0000006c68ffccc0 mode 2
Event: 1.713 Thread 0x0000016f67d84220 Uncommon trap: trap_request=0xffffff45 fr.pc=0x0000016f5730bbb0 relative=0x0000000000000190
Event: 1.713 Thread 0x0000016f67d84220 Uncommon trap: reason=unstable_if action=reinterpret pc=0x0000016f5730bbb0 method=jdk.internal.util.ArraysSupport.vectorizedHashCode(Ljava/lang/Object;IIII)I @ 2 c2
Event: 1.713 Thread 0x0000016f67d84220 DEOPT PACKING pc=0x0000016f5730bbb0 sp=0x0000006c68ffcc30
Event: 1.713 Thread 0x0000016f67d84220 DEOPT UNPACKING pc=0x0000016f56db46a2 sp=0x0000006c68ffcbe0 mode 2
Event: 1.827 Thread 0x0000016f67d84220 Uncommon trap: trap_request=0xffffff45 fr.pc=0x0000016f57346f18 relative=0x00000000000003b8
Event: 1.827 Thread 0x0000016f67d84220 Uncommon trap: reason=unstable_if action=reinterpret pc=0x0000016f57346f18 method=java.lang.Character.isSurrogate(C)Z @ 3 c2
Event: 1.827 Thread 0x0000016f67d84220 DEOPT PACKING pc=0x0000016f57346f18 sp=0x0000006c68ffc8d0
Event: 1.827 Thread 0x0000016f67d84220 DEOPT UNPACKING pc=0x0000016f56db46a2 sp=0x0000006c68ffc7d8 mode 2
Event: 497.433 Thread 0x0000016f62bfb460 Uncommon trap: trap_request=0xffffffcc fr.pc=0x0000016f57365c14 relative=0x0000000000000254
Event: 497.433 Thread 0x0000016f62bfb460 Uncommon trap: reason=intrinsic_or_type_checked_inlining action=make_not_entrant pc=0x0000016f57365c14 method=java.util.Arrays.copyOf([Ljava/lang/Object;ILjava/lang/Class;)[Ljava/lang/Object; @ 35 c2
Event: 497.433 Thread 0x0000016f62bfb460 DEOPT PACKING pc=0x0000016f57365c14 sp=0x0000006c690ff060
Event: 497.433 Thread 0x0000016f62bfb460 DEOPT UNPACKING pc=0x0000016f56db46a2 sp=0x0000006c690feff0 mode 2
Event: 579.593 Thread 0x0000016f62bfb460 Uncommon trap: trap_request=0xffffffdc fr.pc=0x0000016f573672c4 relative=0x00000000000001a4
Event: 579.593 Thread 0x0000016f62bfb460 Uncommon trap: reason=class_check action=make_not_entrant pc=0x0000016f573672c4 method=java.util.ArrayList.toArray([Ljava/lang/Object;)[Ljava/lang/Object; @ 21 c2
Event: 579.593 Thread 0x0000016f62bfb460 DEOPT PACKING pc=0x0000016f573672c4 sp=0x0000006c690ff0c0
Event: 579.593 Thread 0x0000016f62bfb460 DEOPT UNPACKING pc=0x0000016f56db46a2 sp=0x0000006c690ff080 mode 2

Classes loaded (20 events):
Event: 2.141 Loading class java/awt/event/ContainerEvent
Event: 2.141 Loading class java/awt/event/ContainerEvent done
Event: 2.141 Loading class java/applet/Applet
Event: 2.141 Loading class java/awt/Panel
Event: 2.144 Loading class java/awt/Panel done
Event: 2.144 Loading class java/applet/Applet done
Event: 2.956 Loading class javax/swing/event/ChangeEvent
Event: 2.956 Loading class javax/swing/event/ChangeEvent done
Event: 4.771 Loading class java/awt/LightweightDispatcher$2
Event: 4.771 Loading class java/awt/LightweightDispatcher$2 done
Event: 5.264 Loading class java/awt/Canvas
Event: 5.264 Loading class java/awt/Canvas done
Event: 5.265 Loading class java/awt/Scrollbar
Event: 5.265 Loading class java/awt/Adjustable
Event: 5.265 Loading class java/awt/Adjustable done
Event: 5.265 Loading class java/awt/Scrollbar done
Event: 7.039 Loading class java/awt/KeyboardFocusManager$2
Event: 7.039 Loading class java/awt/KeyboardFocusManager$2 done
Event: 7.040 Loading class sun/awt/SunToolkit$1
Event: 7.040 Loading class sun/awt/SunToolkit$1 done

Classes unloaded (0 events):
No events

Classes redefined (0 events):
No events

Internal exceptions (11 events):
Event: 0.389 Thread 0x0000016f49b4f550 Exception <a 'java/lang/ClassNotFoundException'{0x00000000a6a35300}: sun/awt/resources/spi/awtProvider> (0x00000000a6a35300) 
thrown [s\src\hotspot\share\classfile\systemDictionary.cpp, line 312]
Event: 0.455 Thread 0x0000016f49b4f550 Exception <a 'java/io/FileNotFoundException'{0x00000000a6a91448}> (0x00000000a6a91448) 
thrown [s\src\hotspot\share\prims\jni.cpp, line 520]
Event: 0.472 Thread 0x0000016f49b4f550 Exception <a 'java/io/FileNotFoundException'{0x00000000a6abbde8}> (0x00000000a6abbde8) 
thrown [s\src\hotspot\share\prims\jni.cpp, line 520]
Event: 0.827 Thread 0x0000016f49b4f550 Exception <a 'java/lang/NoSuchMethodError'{0x00000000a69deef0}: 'void java.lang.invoke.DirectMethodHandle$Holder.invokeSpecial(java.lang.Object, java.lang.Object, java.lang.Object)'> (0x00000000a69deef0) 
thrown [s\src\hotspot\share\interpreter\linkResolver.cpp, line 773]
Event: 0.845 Thread 0x0000016f49b4f550 Exception <a 'java/lang/NoSuchMethodError'{0x00000000a68058c0}: 'java.lang.Object java.lang.invoke.DirectMethodHandle$Holder.newInvokeSpecial(java.lang.Object, java.lang.Object, java.lang.Object, java.lang.Object, java.lang.Object)'> (0x00000000a68058c0) 
thrown [s\src\hotspot\share\interpreter\linkResolver.cpp, line 773]
Event: 0.857 Thread 0x0000016f49b4f550 Exception <a 'java/lang/NoSuchMethodError'{0x00000000a6832318}: 'java.lang.Object java.lang.invoke.DirectMethodHandle$Holder.invokeStatic(java.lang.Object, int, java.lang.Object)'> (0x00000000a6832318) 
thrown [s\src\hotspot\share\interpreter\linkResolver.cpp, line 773]
Event: 0.918 Thread 0x0000016f49b4f550 Exception <a 'java/lang/ClassNotFoundException'{0x00000000a68d4f00}: com/sun/swing/internal/plaf/metal/resources/spi/metalProvider> (0x00000000a68d4f00) 
thrown [s\src\hotspot\share\classfile\systemDictionary.cpp, line 312]
Event: 0.921 Thread 0x0000016f49b4f550 Exception <a 'java/lang/ClassNotFoundException'{0x00000000a68d8eb0}: com/sun/swing/internal/plaf/basic/resources/spi/basicProvider> (0x00000000a68d8eb0) 
thrown [s\src\hotspot\share\classfile\systemDictionary.cpp, line 312]
Event: 0.943 Thread 0x0000016f49b4f550 Exception <a 'java/lang/NoSuchMethodError'{0x00000000a68f8f38}: 'int java.lang.invoke.Invokers$Holder.invokeExact_MT(java.lang.Object, java.lang.Object)'> (0x00000000a68f8f38) 
thrown [s\src\hotspot\share\interpreter\linkResolver.cpp, line 773]
Event: 1.010 Thread 0x0000016f62f205c0 Exception <a 'java/lang/NoSuchMethodError'{0x00000000a6993ac8}: 'void java.lang.invoke.DirectMethodHandle$Holder.invokeVirtual(java.lang.Object, java.lang.Object)'> (0x00000000a6993ac8) 
thrown [s\src\hotspot\share\interpreter\linkResolver.cpp, line 773]
Event: 1.056 Thread 0x0000016f49b4f550 Exception <a 'java/lang/NoSuchMethodError'{0x00000000a6738ba8}: 'void java.lang.invoke.DirectMethodHandle$Holder.invokeStaticInit(java.lang.Object)'> (0x00000000a6738ba8) 
thrown [s\src\hotspot\share\interpreter\linkResolver.cpp, line 773]

ZGC Phase Switch (0 events):
No events

VM Operations (20 events):
Event: 1.863 Executing VM operation: HandshakeAllThreads (Deoptimize)
Event: 1.863 Executing VM operation: HandshakeAllThreads (Deoptimize) done
Event: 2.876 Executing VM operation: Cleanup
Event: 2.876 Executing VM operation: Cleanup done
Event: 3.881 Executing VM operation: Cleanup
Event: 3.882 Executing VM operation: Cleanup done
Event: 4.884 Executing VM operation: Cleanup
Event: 4.884 Executing VM operation: Cleanup done
Event: 5.899 Executing VM operation: Cleanup
Event: 5.899 Executing VM operation: Cleanup done
Event: 7.920 Executing VM operation: Cleanup
Event: 7.920 Executing VM operation: Cleanup done
Event: 60.174 Executing VM operation: HandshakeAllThreads (HandshakeForDeflation)
Event: 60.174 Executing VM operation: HandshakeAllThreads (HandshakeForDeflation) done
Event: 60.175 Executing VM operation: RendezvousGCThreads
Event: 60.175 Executing VM operation: RendezvousGCThreads done
Event: 1398.413 Executing VM operation: Cleanup
Event: 1398.413 Executing VM operation: Cleanup done
Event: 1457.789 Executing VM operation: Cleanup
Event: 1457.789 Executing VM operation: Cleanup done

Memory protections (0 events):
No events

Nmethod flushes (0 events):
No events

Events (20 events):
Event: 0.056 Thread 0x0000016f49b4f550 Thread added: 0x0000016f49b4f550
Event: 0.111 Thread 0x0000016f49b4f550 Thread added: 0x0000016f62a91770
Event: 0.112 Thread 0x0000016f49b4f550 Thread added: 0x0000016f62a94d40
Event: 0.113 Thread 0x0000016f49b4f550 Thread added: 0x0000016f62a974a0
Event: 0.113 Thread 0x0000016f49b4f550 Thread added: 0x0000016f62a98020
Event: 0.113 Thread 0x0000016f49b4f550 Thread added: 0x0000016f62a99030
Event: 0.113 Thread 0x0000016f49b4f550 Thread added: 0x0000016f62a9b230
Event: 0.114 Thread 0x0000016f49b4f550 Thread added: 0x0000016f62a9e890
Event: 0.114 Thread 0x0000016f49b4f550 Thread added: 0x0000016f62ab4b80
Event: 0.215 Thread 0x0000016f49b4f550 Thread added: 0x0000016f62bdba30
Event: 0.220 Thread 0x0000016f49b4f550 Thread added: 0x0000016f62be1270
Event: 0.612 Thread 0x0000016f49b4f550 Thread added: 0x0000016f62e27a00
Event: 0.615 Thread 0x0000016f49b4f550 Thread added: 0x0000016f62e28060
Event: 0.617 Thread 0x0000016f49b4f550 Thread added: 0x0000016f62f205c0
Event: 1.014 Thread 0x0000016f62f205c0 Thread added: 0x0000016f67d84220
Event: 1.177 Thread 0x0000016f49b4f550 Thread exited: 0x0000016f49b4f550
Event: 1.177 Thread 0x0000016f49b4f550 Thread added: 0x0000016f49b4f550
Event: 1.187 Thread 0x0000016f67d84220 Thread added: 0x0000016f62bfb460
Event: 1.834 Thread 0x0000016f62ab4b80 Thread added: 0x0000016f67ef0c90
Event: 2.873 Thread 0x0000016f67ef0c90 Thread exited: 0x0000016f67ef0c90


Dynamic libraries:
0x00007ff632000000 - 0x00007ff63200e000 	D:\Eclipse\eclipse\plugins\org.eclipse.justj.openjdk.hotspot.jre.full.win32.x86_64_21.0.6.v20250130-0529\jre\bin\javaw.exe
0x00007ffeeaf30000 - 0x00007ffeeb147000 	C:\Windows\SYSTEM32\ntdll.dll
0x00007ffee9ce0000 - 0x00007ffee9da4000 	C:\Windows\System32\KERNEL32.DLL
0x00007ffee85c0000 - 0x00007ffee8977000 	C:\Windows\System32\KERNELBASE.dll
0x00007ffee8a20000 - 0x00007ffee8b31000 	C:\Windows\System32\ucrtbase.dll
0x00007ffebfa10000 - 0x00007ffebfa2e000 	D:\Eclipse\eclipse\plugins\org.eclipse.justj.openjdk.hotspot.jre.full.win32.x86_64_21.0.6.v20250130-0529\jre\bin\VCRUNTIME140.dll
0x00007ffec1f00000 - 0x00007ffec1f18000 	D:\Eclipse\eclipse\plugins\org.eclipse.justj.openjdk.hotspot.jre.full.win32.x86_64_21.0.6.v20250130-0529\jre\bin\jli.dll
0x00007ffeea670000 - 0x00007ffeea81f000 	C:\Windows\System32\USER32.dll
0x00007ffee8980000 - 0x00007ffee89a6000 	C:\Windows\System32\win32u.dll
0x00007ffeea590000 - 0x00007ffeea5b9000 	C:\Windows\System32\GDI32.dll
0x00007ffee8b40000 - 0x00007ffee8c58000 	C:\Windows\System32\gdi32full.dll
0x00007ffee8470000 - 0x00007ffee850a000 	C:\Windows\System32\msvcp_win.dll
0x00007ffecfa30000 - 0x00007ffecfcc3000 	C:\Windows\WinSxS\amd64_microsoft.windows.common-controls_6595b64144ccf1df_6.0.22621.3672_none_2713b9d173822955\COMCTL32.dll
0x00007ffeea5c0000 - 0x00007ffeea667000 	C:\Windows\System32\msvcrt.dll
0x00007ffee9db0000 - 0x00007ffee9de1000 	C:\Windows\System32\IMM32.DLL
0x00007ffedbbe0000 - 0x00007ffedbbec000 	D:\Eclipse\eclipse\plugins\org.eclipse.justj.openjdk.hotspot.jre.full.win32.x86_64_21.0.6.v20250130-0529\jre\bin\vcruntime140_1.dll
0x00007ffeac850000 - 0x00007ffeac8dd000 	D:\Eclipse\eclipse\plugins\org.eclipse.justj.openjdk.hotspot.jre.full.win32.x86_64_21.0.6.v20250130-0529\jre\bin\msvcp140.dll
0x00007ffe6d150000 - 0x00007ffe6dee0000 	D:\Eclipse\eclipse\plugins\org.eclipse.justj.openjdk.hotspot.jre.full.win32.x86_64_21.0.6.v20250130-0529\jre\bin\server\jvm.dll
0x00007ffee95d0000 - 0x00007ffee9682000 	C:\Windows\System32\ADVAPI32.dll
0x00007ffee9770000 - 0x00007ffee9818000 	C:\Windows\System32\sechost.dll
0x00007ffee8510000 - 0x00007ffee8538000 	C:\Windows\System32\bcrypt.dll
0x00007ffee9a00000 - 0x00007ffee9b14000 	C:\Windows\System32\RPCRT4.dll
0x00007ffee9550000 - 0x00007ffee95c1000 	C:\Windows\System32\WS2_32.dll
0x00007ffee8110000 - 0x00007ffee815d000 	C:\Windows\SYSTEM32\POWRPROF.dll
0x00007ffee1320000 - 0x00007ffee1354000 	C:\Windows\SYSTEM32\WINMM.dll
0x00007ffede6d0000 - 0x00007ffede6da000 	C:\Windows\SYSTEM32\VERSION.dll
0x00007ffee80f0000 - 0x00007ffee8103000 	C:\Windows\SYSTEM32\UMPDC.dll
0x00007ffee7260000 - 0x00007ffee7278000 	C:\Windows\SYSTEM32\kernel.appcore.dll
0x00007ffed2ef0000 - 0x00007ffed2efa000 	D:\Eclipse\eclipse\plugins\org.eclipse.justj.openjdk.hotspot.jre.full.win32.x86_64_21.0.6.v20250130-0529\jre\bin\jimage.dll
0x00007ffedb3b0000 - 0x00007ffedb5e2000 	C:\Windows\SYSTEM32\DBGHELP.DLL
0x00007ffeea820000 - 0x00007ffeeabae000 	C:\Windows\System32\combase.dll
0x00007ffee9690000 - 0x00007ffee9767000 	C:\Windows\System32\OLEAUT32.dll
0x00007ffecf1e0000 - 0x00007ffecf212000 	C:\Windows\SYSTEM32\dbgcore.DLL
0x00007ffee8540000 - 0x00007ffee85bb000 	C:\Windows\System32\bcryptPrimitives.dll
0x00007ffebeeb0000 - 0x00007ffebeecf000 	D:\Eclipse\eclipse\plugins\org.eclipse.justj.openjdk.hotspot.jre.full.win32.x86_64_21.0.6.v20250130-0529\jre\bin\java.dll
0x00007ffee8ce0000 - 0x00007ffee9549000 	C:\Windows\System32\SHELL32.dll
0x00007ffee6160000 - 0x00007ffee6a5f000 	C:\Windows\SYSTEM32\windows.storage.dll
0x00007ffee6020000 - 0x00007ffee615f000 	C:\Windows\SYSTEM32\wintypes.dll
0x00007ffee98a0000 - 0x00007ffee9999000 	C:\Windows\System32\SHCORE.dll
0x00007ffeea050000 - 0x00007ffeea0ae000 	C:\Windows\System32\shlwapi.dll
0x00007ffee8170000 - 0x00007ffee8197000 	C:\Windows\SYSTEM32\profapi.dll
0x00007ffebedb0000 - 0x00007ffebedc8000 	D:\Eclipse\eclipse\plugins\org.eclipse.justj.openjdk.hotspot.jre.full.win32.x86_64_21.0.6.v20250130-0529\jre\bin\zip.dll
0x00007ffed2ee0000 - 0x00007ffed2ef0000 	D:\Eclipse\eclipse\plugins\org.eclipse.justj.openjdk.hotspot.jre.full.win32.x86_64_21.0.6.v20250130-0529\jre\bin\net.dll
0x00007ffee17b0000 - 0x00007ffee18e6000 	C:\Windows\SYSTEM32\WINHTTP.dll
0x00007ffee76e0000 - 0x00007ffee7749000 	C:\Windows\system32\mswsock.dll
0x00007ffebe270000 - 0x00007ffebe286000 	D:\Eclipse\eclipse\plugins\org.eclipse.justj.openjdk.hotspot.jre.full.win32.x86_64_21.0.6.v20250130-0529\jre\bin\nio.dll
0x00007ffea5f70000 - 0x00007ffea60fe000 	D:\Eclipse\eclipse\plugins\org.eclipse.justj.openjdk.hotspot.jre.full.win32.x86_64_21.0.6.v20250130-0529\jre\bin\awt.dll
0x00007ffee4480000 - 0x00007ffee4517000 	C:\Windows\SYSTEM32\apphelp.dll
0x00007ffee59a0000 - 0x00007ffee59cb000 	C:\Windows\system32\DWMAPI.DLL
0x00007ffee5760000 - 0x00007ffee5811000 	C:\Windows\system32\uxtheme.dll
0x00007ffe82be0000 - 0x00007ffe82ce0000 	C:\Windows\system32\opengl32.dll
0x00007ffe9f2b0000 - 0x00007ffe9f2dd000 	C:\Windows\SYSTEM32\GLU32.dll
0x00007ffee5850000 - 0x00007ffee5887000 	C:\Windows\SYSTEM32\dxcore.dll
0x00007ffeeabb0000 - 0x00007ffeead10000 	C:\Windows\System32\MSCTF.dll
0x00007ffee9df0000 - 0x00007ffee9f95000 	C:\Windows\System32\ole32.dll
0x00007ffe83800000 - 0x00007ffe839a8000 	C:\Windows\system32\d3d9.dll
0x00007ffede6e0000 - 0x00007ffede898000 	C:\Windows\System32\DriverStore\FileRepository\u0376648.inf_amd64_10263edfe9a1aa63\B374868\aticfx64.dll
0x00007ffebf9d0000 - 0x00007ffebfa04000 	C:\Windows\System32\DriverStore\FileRepository\u0376648.inf_amd64_10263edfe9a1aa63\B374868\atiu9p64.dll
0x00007ffe6c3f0000 - 0x00007ffe6d144000 	C:\Windows\System32\DriverStore\FileRepository\u0376648.inf_amd64_10263edfe9a1aa63\B374868\atiumd64.dll
0x00000000542d0000 - 0x0000000055143000 	C:\Windows\System32\DriverStore\FileRepository\u0376648.inf_amd64_10263edfe9a1aa63\B374868\atiumd6a.dll
0x00007ffeea110000 - 0x00007ffeea584000 	C:\Windows\System32\SETUPAPI.dll
0x00007ffedc570000 - 0x00007ffedc5a0000 	C:\Windows\SYSTEM32\amdihk64.dll
0x00007ffee0a90000 - 0x00007ffee0ad9000 	C:\Windows\SYSTEM32\directxdatabasehelper.dll
0x00007ffea5ee0000 - 0x00007ffea5f67000 	D:\Eclipse\eclipse\plugins\org.eclipse.justj.openjdk.hotspot.jre.full.win32.x86_64_21.0.6.v20250130-0529\jre\bin\freetype.dll
0x00007ffea5a30000 - 0x00007ffea5b0b000 	D:\Eclipse\eclipse\plugins\org.eclipse.justj.openjdk.hotspot.jre.full.win32.x86_64_21.0.6.v20250130-0529\jre\bin\fontmanager.dll
0x00007ffed2d60000 - 0x00007ffed2ea3000 	C:\Windows\SYSTEM32\textinputframework.dll
0x00007ffee40a0000 - 0x00007ffee41d3000 	C:\Windows\SYSTEM32\CoreMessaging.dll
0x00007ffee0370000 - 0x00007ffee06dd000 	C:\Windows\SYSTEM32\CoreUIComponents.dll
0x00007ffee7970000 - 0x00007ffee797c000 	C:\Windows\SYSTEM32\CRYPTBASE.DLL

dbghelp: loaded successfully - version: 4.0.5 - missing functions: none
symbol engine: initialized successfully - sym options: 0x614 - pdb path: .;D:\Eclipse\eclipse\plugins\org.eclipse.justj.openjdk.hotspot.jre.full.win32.x86_64_21.0.6.v20250130-0529\jre\bin;C:\Windows\SYSTEM32;C:\Windows\WinSxS\amd64_microsoft.windows.common-controls_6595b64144ccf1df_6.0.22621.3672_none_2713b9d173822955;D:\Eclipse\eclipse\plugins\org.eclipse.justj.openjdk.hotspot.jre.full.win32.x86_64_21.0.6.v20250130-0529\jre\bin\server;C:\Windows\System32\DriverStore\FileRepository\u0376648.inf_amd64_10263edfe9a1aa63\B374868

VM Arguments:
jvm_args: -Dfile.encoding=UTF-8 -Dstdout.encoding=UTF-8 -Dstderr.encoding=UTF-8 -XX:+ShowCodeDetailsInExceptionMessages 
java_command: com.bank.signupThree
java_class_path (initial): D:\Servers\ATMSimulation\build\classes;D:\Eclipse\apache-tomcat-11.0.7\lib\annotations-api.jar;D:\Eclipse\apache-tomcat-11.0.7\lib\catalina-ant.jar;D:\Eclipse\apache-tomcat-11.0.7\lib\catalina-ha.jar;D:\Eclipse\apache-tomcat-11.0.7\lib\catalina-ssi.jar;D:\Eclipse\apache-tomcat-11.0.7\lib\catalina-storeconfig.jar;D:\Eclipse\apache-tomcat-11.0.7\lib\catalina-tribes.jar;D:\Eclipse\apache-tomcat-11.0.7\lib\catalina.jar;D:\Eclipse\apache-tomcat-11.0.7\lib\ecj-4.35.jar;D:\Eclipse\apache-tomcat-11.0.7\lib\el-api.jar;D:\Eclipse\apache-tomcat-11.0.7\lib\jakartaee-migration-1.0.9-shaded.jar;D:\Eclipse\apache-tomcat-11.0.7\lib\jasper-el.jar;D:\Eclipse\apache-tomcat-11.0.7\lib\jasper.jar;D:\Eclipse\apache-tomcat-11.0.7\lib\jaspic-api.jar;D:\Eclipse\apache-tomcat-11.0.7\lib\jsp-api.jar;D:\Eclipse\apache-tomcat-11.0.7\lib\servlet-api.jar;D:\Eclipse\apache-tomcat-11.0.7\lib\tomcat-api.jar;D:\Eclipse\apache-tomcat-11.0.7\lib\tomcat-coyote-ffm.jar;D:\Eclipse\apache-tomcat-11.0.7\lib\tomcat-coyote.jar;D:\Eclipse\apache-tomcat-11.0.7\lib\tomcat-dbcp.jar;D:\Eclipse\apache-tomcat-11.0.7\lib\tomcat-i18n-cs.jar;D:\Eclipse\apache-tomcat-11.0.7\lib\tomcat-i18n-de.jar;D:\Eclipse\apache-tomcat-11.0.7\lib\tomcat-i18n-es.jar;D:\Eclipse\apache-tomcat-11.0.7\lib\tomcat-i18n-fr.jar;D:\Eclipse\apache-tomcat-11.0.7\lib\tomcat-i18n-ja.jar;D:\Eclipse\apache-tomcat-11.0.7\lib\tomcat-i18n-ko.jar;D:\Eclipse\apache-tomcat-11.0.7\lib\tomcat-i18n-pt-BR.jar;D:\Eclipse\apache-tomcat-11.0.7\lib\tomcat-i18n-ru.jar;D:\Eclipse\apache-tomcat-11.0.7\lib\tomcat-i18n-zh-CN.jar;D:\Eclipse\apache-tomcat-11.0.7\lib\tomcat-jdbc.jar;D:\Eclipse\apache-tomcat-11.0.7\lib\tomcat-jni.jar;D:\Eclipse\apache-tomcat-11.0.7\lib\tomcat-util-scan.jar;D:\Eclipse\apache-tomcat-11.0.7\lib\tomcat-util.jar;D:\Eclipse\apache-tomcat-11.0.7\lib\tomcat-websocket.jar;D:\Eclipse\apache-tomcat-11.0.7\lib\websocket-api.jar;D:\Eclipse\apache-tomcat-11.0.7\lib\websocket-client-api.jar;C:\Users\Harshil Gupta\Downloads\jcalendar-tz-1.3.3-4.jar;C:\Users\Harshil Gupta\Downloads\mysql-connector-j-9.3.0\mysql-connector-j-9.3.0\mysql-connector-j-9.3.0.jar
Launcher Type: SUN_STANDARD

[Global flags]
     intx CICompilerCount                          = 3                                         {product} {ergonomic}
     uint ConcGCThreads                            = 1                                         {product} {ergonomic}
     uint G1ConcRefinementThreads                  = 4                                         {product} {ergonomic}
   size_t G1HeapRegionSize                         = 1048576                                   {product} {ergonomic}
    uintx GCDrainStackTargetSize                   = 64                                        {product} {ergonomic}
   size_t InitialHeapSize                          = 100663296                                 {product} {ergonomic}
   size_t MarkStackSize                            = 4194304                                   {product} {ergonomic}
   size_t MaxHeapSize                              = 1595932672                                {product} {ergonomic}
   size_t MaxNewSize                               = 957349888                                 {product} {ergonomic}
   size_t MinHeapDeltaBytes                        = 1048576                                   {product} {ergonomic}
   size_t MinHeapSize                              = 8388608                                   {product} {ergonomic}
    uintx NonNMethodCodeHeapSize                   = 5832780                                {pd product} {ergonomic}
    uintx NonProfiledCodeHeapSize                  = 122912730                              {pd product} {ergonomic}
     bool PerfDisableSharedMem                     = true                                      {product} {ergonomic}
    uintx ProfiledCodeHeapSize                     = 122912730                              {pd product} {ergonomic}
    uintx ReservedCodeCacheSize                    = 251658240                              {pd product} {ergonomic}
     bool SegmentedCodeCache                       = true                                      {product} {ergonomic}
     bool ShowCodeDetailsInExceptionMessages       = true                                   {manageable} {command line}
   size_t SoftMaxHeapSize                          = 1595932672                             {manageable} {ergonomic}
     bool UseCompressedOops                        = true                           {product lp64_product} {ergonomic}
     bool UseG1GC                                  = true                                      {product} {ergonomic}
     bool UseLargePagesIndividualAllocation        = false                                  {pd product} {ergonomic}

Logging:
Log output configuration:
 #0: stdout all=warning uptime,level,tags foldmultilines=false
 #1: stderr all=off uptime,level,tags foldmultilines=false

Environment Variables:
JAVA_HOME=C:\Users\Harshil Gupta\AppData\Local\Programs\Eclipse Adoptium\jdk-17.0.9.9-hotspot\
PATH=D:/Eclipse/eclipse//plugins/org.eclipse.justj.openjdk.hotspot.jre.full.win32.x86_64_21.0.6.v20250130-0529/jre/bin/server;D:/Eclipse/eclipse//plugins/org.eclipse.justj.openjdk.hotspot.jre.full.win32.x86_64_21.0.6.v20250130-0529/jre/bin;C:\oraclexe\app\oracle\product\10.2.0\server\bin;C:\Program Files\Common Files\Oracle\Java\javapath;C:\Program Files (x86)\Common Files\Oracle\Java\java8path;C:\Program Files (x86)\Common Files\Oracle\Java\javapath;C:\Program Files\Python311\Scripts\;C:\Program Files\Python311\;C:\Windows\system32;C:\Windows;C:\Windows\System32\Wbem;C:\Windows\System32\WindowsPowerShell\v1.0\;C:\Windows\System32\OpenSSH\;C:\MinGW\bin;C:\Program Files\Git\cmd;C:\Program Files\Git\mingw64\bin;C:\Program Files\Git\usr\bin;C:\Program Files\MySQL\MySQL Server 8.0\bin;C:\ProgramData\chocolatey\bin;C:\Program Files\nodejs\;C:\Program Files\MySQL\MySQL Shell 8.0\bin\;C:\Users\Harshil Gupta\AppData\Local\Programs\Eclipse Adoptium\jdk-17.0.9.9-hotspot\bin;C:\Users\Harshil Gupta\AppData\Local\Microsoft\WindowsApps;;C:\Users\Harshil Gupta\AppData\Local\Programs\Microsoft VS Code\bin;C:\Users\Harshil Gupta\AppData\Local\Programs\mongosh\;C:\Users\Harshil Gupta\AppData\Roaming\npm;C:\Users\Harshil Gupta\OneDrive\Desktop;
USERNAME=Harshil Gupta
OS=Windows_NT
PROCESSOR_IDENTIFIER=AMD64 Family 23 Model 24 Stepping 1, AuthenticAMD
TMP=C:\Users\HARSHI~1\AppData\Local\Temp
TEMP=C:\Users\HARSHI~1\AppData\Local\Temp




Periodic native trim disabled

---------------  S Y S T E M  ---------------

OS:
 Windows 11 , 64 bit Build 22621 (10.0.22621.3958)
OS uptime: 1 days 8:26 hours
Hyper-V role detected

CPU: total 4 (initial active 4) (4 cores per cpu, 2 threads per core) family 23 model 24 stepping 1 microcode 0x0, cx8, cmov, fxsr, ht, mmx, 3dnowpref, sse, sse2, sse3, ssse3, sse4a, sse4.1, sse4.2, popcnt, lzcnt, tsc, tscinvbit, avx, avx2, aes, clmul, bmi1, bmi2, adx, sha, fma, vzeroupper, clflush, clflushopt, hv, rdtscp, f16c
Processor Information for the first 4 processors :
  Max Mhz: 2600, Current Mhz: 2600, Mhz Limit: 2600

Memory: 4k page, system-wide physical 6086M (239M free)
TotalPageFile size 24518M (AvailPageFile size 0M)
current process WorkingSet (physical memory assigned to process): 10M, peak: 98M
current process commit charge ("private bytes"): 209M, peak: 219M

vm_info: OpenJDK 64-Bit Server VM (21.0.6+7-LTS) for windows-amd64 JRE (21.0.6+7-LTS), built on 2025-01-21T00:00:00Z by "admin" with MS VC++ 17.7 (VS2022)

END.
